#
# There is insufficient memory for the Java Runtime Environment to continue.
# Native memory allocation (mmap) failed to map 138412032 bytes for Failed to commit area from 0x0000000091900000 to 0x0000000099d00000 of length 138412032.
# Possible reasons:
#   The system is out of physical RAM or swap space
#   The process is running with CompressedOops enabled, and the Java Heap may be blocking the growth of the native heap
# Possible solutions:
#   Reduce memory load on the system
#   Increase physical memory or swap space
#   Check if swap backing store is full
#   Decrease Java heap size (-Xmx/-Xms)
#   Decrease number of Java threads
#   Decrease Java thread stack sizes (-Xss)
#   Set larger code cache with -XX:ReservedCodeCacheSize=
#   JVM is running with Unscaled Compressed Oops mode in which the Java heap is
#     placed in the first 4GB address space. The Java Heap base address is the
#     maximum limit for the native heap growth. Please use -XX:HeapBaseMinAddress
#     to set the Java Heap base and to place the Java Heap above 4GB virtual address.
# This output file may be truncated or incomplete.
#
#  Out of Memory Error (./src/hotspot/os/windows/os_windows.cpp:3619), pid=9812, tid=2732
#
# JRE version: OpenJDK Runtime Environment (11.0.13) (build 11.0.13+0-b1751.21-8125866)
# Java VM: OpenJDK 64-Bit Server VM (11.0.13+0-b1751.21-8125866, mixed mode, tiered, compressed oops, g1 gc, windows-amd64)
# No core dump will be written. Minidumps are not enabled by default on client versions of Windows
#

---------------  S U M M A R Y ------------

Command Line: --add-opens=java.base/java.util=ALL-UNNAMED --add-opens=java.base/java.lang=ALL-UNNAMED --add-opens=java.base/java.lang.invoke=ALL-UNNAMED --add-opens=java.base/java.util=ALL-UNNAMED --add-opens=java.prefs/java.util.prefs=ALL-UNNAMED --add-opens=java.prefs/java.util.prefs=ALL-UNNAMED --add-opens=java.base/java.nio.charset=ALL-UNNAMED --add-opens=java.base/java.net=ALL-UNNAMED --add-opens=java.base/java.util.concurrent.atomic=ALL-UNNAMED -Xmx2048m -Dfile.encoding=UTF-8 -Duser.country=PH -Duser.language=en -Duser.variant org.gradle.launcher.daemon.bootstrap.GradleDaemon 7.4

Host: Pentium(R) Dual-Core  CPU      E6600  @ 3.06GHz, 2 cores, 3G,  Windows 10 , 64 bit Build 19041 (10.0.19041.2364)
Time: Tue Dec 20 09:41:05 2022 Malay Peninsula Standard Time elapsed time: 115.128106 seconds (0d 0h 1m 55s)

---------------  T H R E A D  ---------------

Current thread (0x000002b85815c800):  VMThread "VM Thread" [stack: 0x000000d294500000,0x000000d294600000] [id=2732]

Stack: [0x000000d294500000,0x000000d294600000]
[error occurred during error reporting (printing stack bounds), id 0xc0000005, EXCEPTION_ACCESS_VIOLATION (0xc0000005) at pc=0x000002b841d6113d]

Native frames: (J=compiled Java code, j=interpreted, Vv=VM code, C=native code)
V  [jvm.dll+0x6100fa]
V  [jvm.dll+0x747090]
V  [jvm.dll+0x7486ad]
V  [jvm.dll+0x748ce5]
V  [jvm.dll+0x748c9b]
V  [jvm.dll+0x60f224]
V  [jvm.dll+0x60f9b8]
C  [ntdll.dll+0xa241f]
C  [ntdll.dll+0x514a4]
C  [ntdll.dll+0xa0f4e]
C  0x000002b841d6113d

VM_Operation (0x000000d298bfe3c0): G1CollectForAllocation, mode: safepoint, requested by thread 0x000002b85cd60000


---------------  P R O C E S S  ---------------

Threads class SMR info:
_java_thread_list=0x000002b8590cb950, length=67, elements={
0x000002b83e21b000, 0x000002b85815f000, 0x000002b858164000, 0x000002b8581bd800,
0x000002b8581bf800, 0x000002b8581c1000, 0x000002b8581c5000, 0x000002b8581c7000,
0x000002b8581cc800, 0x000002b858c3c000, 0x000002b85a9a5000, 0x000002b85a959000,
0x000002b859a54800, 0x000002b85a544800, 0x000002b85b1fb800, 0x000002b85a4dd000,
0x000002b85a4db000, 0x000002b85a4da800, 0x000002b85a4dc000, 0x000002b85a4d7000,
0x000002b859d39800, 0x000002b859d40000, 0x000002b859d3b000, 0x000002b859d3b800,
0x000002b858e92800, 0x000002b858e8a800, 0x000002b858e91000, 0x000002b858e8d000,
0x000002b858e8b800, 0x000002b858e8e800, 0x000002b858e8f800, 0x000002b858e90000,
0x000002b858e92000, 0x000002b858e8c000, 0x000002b858e93800, 0x000002b858e99000,
0x000002b858e95000, 0x000002b858e98800, 0x000002b858e96800, 0x000002b858e94800,
0x000002b858e97800, 0x000002b859d40800, 0x000002b859d41800, 0x000002b859d42000,
0x000002b859d3c800, 0x000002b859d43000, 0x000002b859d44800, 0x000002b859d48000,
0x000002b859d45800, 0x000002b859d44000, 0x000002b859d46800, 0x000002b859d47000,
0x000002b85a4dd800, 0x000002b85a4d8000, 0x000002b85a4d8800, 0x000002b85cd5c800,
0x000002b85cd5b000, 0x000002b85cd5c000, 0x000002b85cd5e800, 0x000002b85cd5f000,
0x000002b85cd5a000, 0x000002b85cd63000, 0x000002b85cd64000, 0x000002b85cd65000,
0x000002b85cd65800, 0x000002b85cd61800, 0x000002b85cd60000
}

Java Threads: ( => current thread )
  0x000002b83e21b000 JavaThread "main" [_thread_blocked, id=8060, stack(0x000000d293f00000,0x000000d294000000)]
  0x000002b85815f000 JavaThread "Reference Handler" daemon [_thread_blocked, id=6408, stack(0x000000d294600000,0x000000d294700000)]
  0x000002b858164000 JavaThread "Finalizer" daemon [_thread_blocked, id=9708, stack(0x000000d294700000,0x000000d294800000)]
  0x000002b8581bd800 JavaThread "Signal Dispatcher" daemon [_thread_blocked, id=380, stack(0x000000d294800000,0x000000d294900000)]
  0x000002b8581bf800 JavaThread "Attach Listener" daemon [_thread_blocked, id=1880, stack(0x000000d294900000,0x000000d294a00000)]
  0x000002b8581c1000 JavaThread "Service Thread" daemon [_thread_blocked, id=112, stack(0x000000d294a00000,0x000000d294b00000)]
  0x000002b8581c5000 JavaThread "C2 CompilerThread0" daemon [_thread_blocked, id=2616, stack(0x000000d294b00000,0x000000d294c00000)]
  0x000002b8581c7000 JavaThread "C1 CompilerThread0" daemon [_thread_blocked, id=8712, stack(0x000000d294c00000,0x000000d294d00000)]
  0x000002b8581cc800 JavaThread "Sweeper thread" daemon [_thread_blocked, id=8412, stack(0x000000d294d00000,0x000000d294e00000)]
  0x000002b858c3c000 JavaThread "Common-Cleaner" daemon [_thread_blocked, id=2276, stack(0x000000d294e00000,0x000000d294f00000)]
  0x000002b85a9a5000 JavaThread "Daemon health stats" [_thread_blocked, id=7660, stack(0x000000d295100000,0x000000d295200000)]
  0x000002b85a959000 JavaThread "Incoming local TCP Connector on port 64629" [_thread_in_native, id=4908, stack(0x000000d295200000,0x000000d295300000)]
  0x000002b859a54800 JavaThread "Daemon periodic checks" [_thread_blocked, id=6924, stack(0x000000d295300000,0x000000d295400000)]
  0x000002b85a544800 JavaThread "Daemon" [_thread_blocked, id=4244, stack(0x000000d295400000,0x000000d295500000)]
  0x000002b85b1fb800 JavaThread "Daemon worker" [_thread_blocked, id=3844, stack(0x000000d295700000,0x000000d295800000)]
  0x000002b85a4dd000 JavaThread "Cache worker for journal cache (C:\Users\Me\.gradle\caches\journal-1)" [_thread_blocked, id=6652, stack(0x000000d295b00000,0x000000d295c00000)]
  0x000002b85a4db000 JavaThread "File lock request listener" [_thread_in_native, id=8792, stack(0x000000d295c00000,0x000000d295d00000)]
  0x000002b85a4da800 JavaThread "Cache worker for file hash cache (C:\Users\Me\.gradle\caches\7.4\fileHashes)" [_thread_blocked, id=8064, stack(0x000000d295d00000,0x000000d295e00000)]
  0x000002b85a4dc000 JavaThread "File watcher server" daemon [_thread_blocked, id=9056, stack(0x000000d295e00000,0x000000d295f00000)]
  0x000002b85a4d7000 JavaThread "File watcher consumer" daemon [_thread_blocked, id=2824, stack(0x000000d295f00000,0x000000d296000000)]
  0x000002b859d39800 JavaThread "Cache worker for execution history cache (C:\Users\Me\.gradle\caches\7.4\executionHistory)" [_thread_blocked, id=5328, stack(0x000000d296400000,0x000000d296500000)]
  0x000002b859d40000 JavaThread "jar transforms" [_thread_blocked, id=1916, stack(0x000000d296500000,0x000000d296600000)]
  0x000002b859d3b000 JavaThread "Cache worker for file content cache (C:\Users\Me\.gradle\caches\7.4\fileContent)" [_thread_blocked, id=3044, stack(0x000000d296600000,0x000000d296700000)]
  0x000002b859d3b800 JavaThread "jar transforms Thread 2" [_thread_blocked, id=588, stack(0x000000d296700000,0x000000d296800000)]
  0x000002b858e92800 JavaThread "Memory manager" [_thread_blocked, id=7140, stack(0x000000d297e00000,0x000000d297f00000)]
  0x000002b858e8a800 JavaThread "Handler for socket connection from /127.0.0.1:64629 to /127.0.0.1:64635" [_thread_in_native, id=4524, stack(0x000000d295800000,0x000000d295900000)]
  0x000002b858e91000 JavaThread "Cancel handler" [_thread_blocked, id=9520, stack(0x000000d295900000,0x000000d295a00000)]
  0x000002b858e8d000 JavaThread "Asynchronous log dispatcher for DefaultDaemonConnection: socket connection from /127.0.0.1:64629 to /127.0.0.1:64635" [_thread_blocked, id=9540, stack(0x000000d295a00000,0x000000d295b00000)]
  0x000002b858e8b800 JavaThread "Daemon client event forwarder" [_thread_blocked, id=8752, stack(0x000000d296100000,0x000000d296200000)]
  0x000002b858e8e800 JavaThread "Cache worker for checksums cache (C:\Users\Me\AndroidStudioProjects\SADCC\.gradle\7.4\checksums)" [_thread_blocked, id=3432, stack(0x000000d296200000,0x000000d296300000)]
  0x000002b858e8f800 JavaThread "Cache worker for cache directory md-rule (C:\Users\Me\.gradle\caches\7.4\md-rule)" [_thread_blocked, id=1164, stack(0x000000d296300000,0x000000d296400000)]
  0x000002b858e90000 JavaThread "Cache worker for file hash cache (C:\Users\Me\AndroidStudioProjects\SADCC\.gradle\7.4\fileHashes)" [_thread_blocked, id=9936, stack(0x000000d296800000,0x000000d296900000)]
  0x000002b858e92000 JavaThread "Cache worker for cache directory md-supplier (C:\Users\Me\.gradle\caches\7.4\md-supplier)" [_thread_blocked, id=6468, stack(0x000000d296900000,0x000000d296a00000)]
  0x000002b858e8c000 JavaThread "Cache worker for dependencies-accessors (C:\Users\Me\AndroidStudioProjects\SADCC\.gradle\7.4\dependencies-accessors)" [_thread_blocked, id=6056, stack(0x000000d296a00000,0x000000d296b00000)]
  0x000002b858e93800 JavaThread "Cache worker for Build Output Cleanup Cache (C:\Users\Me\AndroidStudioProjects\SADCC\.gradle\buildOutputCleanup)" [_thread_blocked, id=936, stack(0x000000d296b00000,0x000000d296c00000)]
  0x000002b858e99000 JavaThread "Unconstrained build operations" [_thread_blocked, id=7432, stack(0x000000d296c00000,0x000000d296d00000)]
  0x000002b858e95000 JavaThread "Unconstrained build operations Thread 2" [_thread_blocked, id=7380, stack(0x000000d296d00000,0x000000d296e00000)]
  0x000002b858e98800 JavaThread "Unconstrained build operations Thread 3" [_thread_blocked, id=9028, stack(0x000000d296e00000,0x000000d296f00000)]
  0x000002b858e96800 JavaThread "Unconstrained build operations Thread 4" [_thread_blocked, id=4980, stack(0x000000d296f00000,0x000000d297000000)]
  0x000002b858e94800 JavaThread "Unconstrained build operations Thread 5" [_thread_blocked, id=5708, stack(0x000000d297000000,0x000000d297100000)]
  0x000002b858e97800 JavaThread "Unconstrained build operations Thread 6" [_thread_blocked, id=2748, stack(0x000000d297100000,0x000000d297200000)]
  0x000002b859d40800 JavaThread "Unconstrained build operations Thread 7" [_thread_blocked, id=10172, stack(0x000000d297200000,0x000000d297300000)]
  0x000002b859d41800 JavaThread "Unconstrained build operations Thread 8" [_thread_blocked, id=1388, stack(0x000000d297300000,0x000000d297400000)]
  0x000002b859d42000 JavaThread "Unconstrained build operations Thread 9" [_thread_blocked, id=216, stack(0x000000d297400000,0x000000d297500000)]
  0x000002b859d3c800 JavaThread "Unconstrained build operations Thread 10" [_thread_blocked, id=8416, stack(0x000000d297500000,0x000000d297600000)]
  0x000002b859d43000 JavaThread "Unconstrained build operations Thread 11" [_thread_blocked, id=10128, stack(0x000000d297600000,0x000000d297700000)]
  0x000002b859d44800 JavaThread "Unconstrained build operations Thread 12" [_thread_blocked, id=4228, stack(0x000000d297700000,0x000000d297800000)]
  0x000002b859d48000 JavaThread "Unconstrained build operations Thread 13" [_thread_blocked, id=9932, stack(0x000000d297800000,0x000000d297900000)]
  0x000002b859d45800 JavaThread "Unconstrained build operations Thread 14" [_thread_blocked, id=6272, stack(0x000000d297900000,0x000000d297a00000)]
  0x000002b859d44000 JavaThread "Unconstrained build operations Thread 15" [_thread_blocked, id=416, stack(0x000000d297a00000,0x000000d297b00000)]
  0x000002b859d46800 JavaThread "Unconstrained build operations Thread 16" [_thread_blocked, id=6168, stack(0x000000d297b00000,0x000000d297c00000)]
  0x000002b859d47000 JavaThread "Unconstrained build operations Thread 17" [_thread_blocked, id=2068, stack(0x000000d297c00000,0x000000d297d00000)]
  0x000002b85a4dd800 JavaThread "Unconstrained build operations Thread 18" [_thread_blocked, id=1736, stack(0x000000d297d00000,0x000000d297e00000)]
  0x000002b85a4d8000 JavaThread "Unconstrained build operations Thread 19" [_thread_blocked, id=752, stack(0x000000d297f00000,0x000000d298000000)]
  0x000002b85a4d8800 JavaThread "Unconstrained build operations Thread 20" [_thread_blocked, id=8320, stack(0x000000d298100000,0x000000d298200000)]
  0x000002b85cd5c800 JavaThread "build event listener" [_thread_blocked, id=4492, stack(0x000000d298200000,0x000000d298300000)]
  0x000002b85cd5b000 JavaThread "included builds" [_thread_blocked, id=2592, stack(0x000000d298300000,0x000000d298400000)]
  0x000002b85cd5c000 JavaThread "Execution worker for ':'" [_thread_blocked, id=7480, stack(0x000000d298400000,0x000000d298500000)]
  0x000002b85cd5e800 JavaThread "Cache worker for execution history cache (C:\Users\Me\AndroidStudioProjects\SADCC\.gradle\7.4\executionHistory)" [_thread_blocked, id=2292, stack(0x000000d298500000,0x000000d298600000)]
  0x000002b85cd5f000 JavaThread "WorkerExecutor Queue Thread 2" [_thread_blocked, id=1460, stack(0x000000d293e00000,0x000000d293f00000)]
  0x000002b85cd5a000 JavaThread "WorkerExecutor Queue Thread 3" [_thread_blocked, id=9692, stack(0x000000d298000000,0x000000d298100000)]
  0x000002b85cd63000 JavaThread "pool-4-thread-1" [_thread_blocked, id=4996, stack(0x000000d298700000,0x000000d298800000)]
  0x000002b85cd64000 JavaThread "stderr" [_thread_in_native, id=4416, stack(0x000000d293d00000,0x000000d293e00000)]
  0x000002b85cd65000 JavaThread "stdout" [_thread_in_native, id=5476, stack(0x000000d298800000,0x000000d298900000)]
  0x000002b85cd65800 JavaThread "WorkerExecutor Queue Thread 4" [_thread_blocked, id=10040, stack(0x000000d298900000,0x000000d298a00000)]
  0x000002b85cd61800 JavaThread "ForkJoinPool-1-worker-3" daemon [_thread_blocked, id=2804, stack(0x000000d298a00000,0x000000d298b00000)]
  0x000002b85cd60000 JavaThread "ForkJoinPool-1-worker-1" daemon [_thread_blocked, id=5748, stack(0x000000d298b00000,0x000000d298c00000)]

Other Threads:
=>0x000002b85815c800 VMThread "VM Thread" [stack: 0x000000d294500000,0x000000d294600000] [id=2732]
  0x000002b858c70000 WatcherThread [stack: 0x000000d294f00000,0x000000d295000000] [id=9264]
  0x000002b83e230800 GCTaskThread "GC Thread#0" [stack: 0x000000d294000000,0x000000d294100000] [id=4760]
  0x000002b858db1800 GCTaskThread "GC Thread#1" [stack: 0x000000d295000000,0x000000d295100000] [id=1196]
  0x000002b83e26a000 ConcurrentGCThread "G1 Main Marker" [stack: 0x000000d294100000,0x000000d294200000] [id=7864]
  0x000002b83e26b000 ConcurrentGCThread "G1 Conc#0" [stack: 0x000000d294200000,0x000000d294300000] [id=2680]
  0x000002b83e2bd000 ConcurrentGCThread "G1 Refine#0" [stack: 0x000000d294300000,0x000000d294400000] [id=9476]
  0x000002b83e2be000 ConcurrentGCThread "G1 Young RemSet Sampling" [stack: 0x000000d294400000,0x000000d294500000] [id=2880]

Threads with active compile tasks:
C2 CompilerThread0 115176 17604 %     4       javax.management.ObjectName::construct @ 822 (1135 bytes)

VM state:at safepoint (normal execution)

VM Mutex/Monitor currently owned by a thread:  ([mutex/lock_event])
[0x000002b83e2182f0] Threads_lock - owner thread: 0x000002b85815c800
[0x000002b83e2189b0] Heap_lock - owner thread: 0x000002b85cd60000

Heap address: 0x0000000080000000, size: 2048 MB, Compressed Oops mode: 32-bit
Narrow klass base: 0x0000000000000000, Narrow klass shift: 3
Compressed class space size: 1073741824 Address: 0x0000000100000000

Heap:
 garbage-first heap   total 422912K, used 233472K [0x0000000080000000, 0x0000000100000000)
  region size 1024K, 3 young (3072K), 3 survivors (3072K)
 Metaspace       used 111442K, capacity 114034K, committed 114256K, reserved 1148928K
  class space    used 13818K, capacity 14757K, committed 14848K, reserved 1048576K
Heap Regions: E=young(eden), S=young(survivor), O=old, HS=humongous(starts), HC=humongous(continues), CS=collection set, F=free, A=archive, TAMS=top-at-mark-start (previous, next)
|   0|0x0000000080000000, 0x0000000080100000, 0x0000000080100000|100%| O|  |TAMS 0x0000000080100000, 0x0000000080100000| Untracked 
|   1|0x0000000080100000, 0x0000000080200000, 0x0000000080200000|100%| O|  |TAMS 0x0000000080200000, 0x0000000080200000| Untracked 
|   2|0x0000000080200000, 0x0000000080300000, 0x0000000080300000|100%| O|  |TAMS 0x0000000080300000, 0x0000000080300000| Untracked 
|   3|0x0000000080300000, 0x0000000080400000, 0x0000000080400000|100%| O|  |TAMS 0x0000000080400000, 0x0000000080400000| Untracked 
|   4|0x0000000080400000, 0x0000000080500000, 0x0000000080500000|100%|HS|  |TAMS 0x0000000080500000, 0x0000000080500000| Complete 
|   5|0x0000000080500000, 0x0000000080600000, 0x0000000080600000|100%|HC|  |TAMS 0x0000000080600000, 0x0000000080600000| Complete 
|   6|0x0000000080600000, 0x0000000080700000, 0x0000000080700000|100%|HC|  |TAMS 0x0000000080700000, 0x0000000080700000| Complete 
|   7|0x0000000080700000, 0x0000000080800000, 0x0000000080800000|100%| O|  |TAMS 0x0000000080800000, 0x0000000080800000| Untracked 
|   8|0x0000000080800000, 0x0000000080900000, 0x0000000080900000|100%| O|  |TAMS 0x0000000080900000, 0x0000000080900000| Untracked 
|   9|0x0000000080900000, 0x0000000080a00000, 0x0000000080a00000|100%| O|  |TAMS 0x0000000080a00000, 0x0000000080a00000| Untracked 
|  10|0x0000000080a00000, 0x0000000080b00000, 0x0000000080b00000|100%| O|  |TAMS 0x0000000080b00000, 0x0000000080b00000| Untracked 
|  11|0x0000000080b00000, 0x0000000080c00000, 0x0000000080c00000|100%| O|  |TAMS 0x0000000080c00000, 0x0000000080c00000| Untracked 
|  12|0x0000000080c00000, 0x0000000080d00000, 0x0000000080d00000|100%| O|  |TAMS 0x0000000080d00000, 0x0000000080d00000| Untracked 
|  13|0x0000000080d00000, 0x0000000080e00000, 0x0000000080e00000|100%| O|  |TAMS 0x0000000080e00000, 0x0000000080e00000| Untracked 
|  14|0x0000000080e00000, 0x0000000080f00000, 0x0000000080f00000|100%| O|  |TAMS 0x0000000080f00000, 0x0000000080f00000| Untracked 
|  15|0x0000000080f00000, 0x0000000081000000, 0x0000000081000000|100%| O|  |TAMS 0x0000000081000000, 0x0000000081000000| Untracked 
|  16|0x0000000081000000, 0x0000000081100000, 0x0000000081100000|100%| O|  |TAMS 0x0000000081100000, 0x0000000081100000| Untracked 
|  17|0x0000000081100000, 0x0000000081200000, 0x0000000081200000|100%| O|  |TAMS 0x0000000081200000, 0x0000000081200000| Untracked 
|  18|0x0000000081200000, 0x0000000081300000, 0x0000000081300000|100%| O|  |TAMS 0x0000000081300000, 0x0000000081300000| Untracked 
|  19|0x0000000081300000, 0x0000000081400000, 0x0000000081400000|100%| O|  |TAMS 0x0000000081400000, 0x0000000081400000| Untracked 
|  20|0x0000000081400000, 0x0000000081500000, 0x0000000081500000|100%| O|  |TAMS 0x0000000081500000, 0x0000000081500000| Untracked 
|  21|0x0000000081500000, 0x0000000081600000, 0x0000000081600000|100%| O|  |TAMS 0x0000000081600000, 0x0000000081600000| Untracked 
|  22|0x0000000081600000, 0x0000000081700000, 0x0000000081700000|100%| O|  |TAMS 0x0000000081700000, 0x0000000081700000| Untracked 
|  23|0x0000000081700000, 0x0000000081800000, 0x0000000081800000|100%|HS|  |TAMS 0x0000000081800000, 0x0000000081800000| Complete 
|  24|0x0000000081800000, 0x0000000081900000, 0x0000000081900000|100%| O|  |TAMS 0x0000000081900000, 0x0000000081900000| Untracked 
|  25|0x0000000081900000, 0x0000000081a00000, 0x0000000081a00000|100%| O|  |TAMS 0x0000000081a00000, 0x0000000081a00000| Untracked 
|  26|0x0000000081a00000, 0x0000000081b00000, 0x0000000081b00000|100%| O|  |TAMS 0x0000000081b00000, 0x0000000081b00000| Untracked 
|  27|0x0000000081b00000, 0x0000000081c00000, 0x0000000081c00000|100%| O|  |TAMS 0x0000000081c00000, 0x0000000081c00000| Untracked 
|  28|0x0000000081c00000, 0x0000000081d00000, 0x0000000081d00000|100%| O|  |TAMS 0x0000000081d00000, 0x0000000081d00000| Untracked 
|  29|0x0000000081d00000, 0x0000000081e00000, 0x0000000081e00000|100%|HS|  |TAMS 0x0000000081e00000, 0x0000000081e00000| Complete 
|  30|0x0000000081e00000, 0x0000000081f00000, 0x0000000081f00000|100%| O|  |TAMS 0x0000000081f00000, 0x0000000081f00000| Untracked 
|  31|0x0000000081f00000, 0x0000000082000000, 0x0000000082000000|100%|HS|  |TAMS 0x0000000082000000, 0x0000000082000000| Complete 
|  32|0x0000000082000000, 0x0000000082100000, 0x0000000082100000|100%|HC|  |TAMS 0x0000000082100000, 0x0000000082100000| Complete 
|  33|0x0000000082100000, 0x0000000082200000, 0x0000000082200000|100%| O|  |TAMS 0x0000000082200000, 0x0000000082200000| Untracked 
|  34|0x0000000082200000, 0x0000000082300000, 0x0000000082300000|100%| O|  |TAMS 0x0000000082300000, 0x0000000082300000| Untracked 
|  35|0x0000000082300000, 0x0000000082400000, 0x0000000082400000|100%| O|  |TAMS 0x0000000082400000, 0x0000000082400000| Untracked 
|  36|0x0000000082400000, 0x0000000082500000, 0x0000000082500000|100%| O|  |TAMS 0x0000000082500000, 0x0000000082500000| Untracked 
|  37|0x0000000082500000, 0x0000000082600000, 0x0000000082600000|100%|HS|  |TAMS 0x0000000082500000, 0x0000000082600000| Complete 
|  38|0x0000000082600000, 0x0000000082700000, 0x0000000082700000|100%|HS|  |TAMS 0x0000000082600000, 0x0000000082700000| Complete 
|  39|0x0000000082700000, 0x0000000082800000, 0x0000000082800000|100%| O|  |TAMS 0x0000000082800000, 0x0000000082800000| Untracked 
|  40|0x0000000082800000, 0x0000000082900000, 0x0000000082900000|100%| O|  |TAMS 0x0000000082900000, 0x0000000082900000| Untracked 
|  41|0x0000000082900000, 0x0000000082a00000, 0x0000000082a00000|100%| O|  |TAMS 0x0000000082a00000, 0x0000000082a00000| Untracked 
|  42|0x0000000082a00000, 0x0000000082b00000, 0x0000000082b00000|100%| O|  |TAMS 0x0000000082b00000, 0x0000000082b00000| Untracked 
|  43|0x0000000082b00000, 0x0000000082c00000, 0x0000000082c00000|100%| O|  |TAMS 0x0000000082c00000, 0x0000000082c00000| Untracked 
|  44|0x0000000082c00000, 0x0000000082d00000, 0x0000000082d00000|100%| O|  |TAMS 0x0000000082d00000, 0x0000000082d00000| Untracked 
|  45|0x0000000082d00000, 0x0000000082e00000, 0x0000000082e00000|100%| O|  |TAMS 0x0000000082e00000, 0x0000000082e00000| Untracked 
|  46|0x0000000082e00000, 0x0000000082f00000, 0x0000000082f00000|100%| O|  |TAMS 0x0000000082f00000, 0x0000000082f00000| Untracked 
|  47|0x0000000082f00000, 0x0000000083000000, 0x0000000083000000|100%| O|  |TAMS 0x0000000083000000, 0x0000000083000000| Untracked 
|  48|0x0000000083000000, 0x0000000083100000, 0x0000000083100000|100%| O|  |TAMS 0x0000000083100000, 0x0000000083100000| Untracked 
|  49|0x0000000083100000, 0x0000000083200000, 0x0000000083200000|100%| O|  |TAMS 0x0000000083200000, 0x0000000083200000| Untracked 
|  50|0x0000000083200000, 0x0000000083300000, 0x0000000083300000|100%| O|  |TAMS 0x0000000083300000, 0x0000000083300000| Untracked 
|  51|0x0000000083300000, 0x0000000083400000, 0x0000000083400000|100%| O|  |TAMS 0x0000000083300000, 0x0000000083400000| Untracked 
|  52|0x0000000083400000, 0x0000000083500000, 0x0000000083500000|100%| O|  |TAMS 0x0000000083500000, 0x0000000083500000| Untracked 
|  53|0x0000000083500000, 0x0000000083600000, 0x0000000083600000|100%| O|  |TAMS 0x0000000083600000, 0x0000000083600000| Untracked 
|  54|0x0000000083600000, 0x0000000083700000, 0x0000000083700000|100%| O|  |TAMS 0x0000000083700000, 0x0000000083700000| Untracked 
|  55|0x0000000083700000, 0x0000000083800000, 0x0000000083800000|100%| O|  |TAMS 0x0000000083800000, 0x0000000083800000| Untracked 
|  56|0x0000000083800000, 0x0000000083900000, 0x0000000083900000|100%| O|  |TAMS 0x0000000083900000, 0x0000000083900000| Untracked 
|  57|0x0000000083900000, 0x0000000083a00000, 0x0000000083a00000|100%| O|  |TAMS 0x0000000083a00000, 0x0000000083a00000| Untracked 
|  58|0x0000000083a00000, 0x0000000083b00000, 0x0000000083b00000|100%| O|  |TAMS 0x0000000083b00000, 0x0000000083b00000| Untracked 
|  59|0x0000000083b00000, 0x0000000083c00000, 0x0000000083c00000|100%| O|  |TAMS 0x0000000083c00000, 0x0000000083c00000| Untracked 
|  60|0x0000000083c00000, 0x0000000083d00000, 0x0000000083d00000|100%| O|  |TAMS 0x0000000083d00000, 0x0000000083d00000| Untracked 
|  61|0x0000000083d00000, 0x0000000083e00000, 0x0000000083e00000|100%| O|  |TAMS 0x0000000083e00000, 0x0000000083e00000| Untracked 
|  62|0x0000000083e00000, 0x0000000083f00000, 0x0000000083f00000|100%| O|  |TAMS 0x0000000083f00000, 0x0000000083f00000| Untracked 
|  63|0x0000000083f00000, 0x0000000084000000, 0x0000000084000000|100%| O|  |TAMS 0x0000000084000000, 0x0000000084000000| Untracked 
|  64|0x0000000084000000, 0x0000000084100000, 0x0000000084100000|100%| O|  |TAMS 0x0000000084100000, 0x0000000084100000| Untracked 
|  65|0x0000000084100000, 0x0000000084200000, 0x0000000084200000|100%| O|  |TAMS 0x0000000084200000, 0x0000000084200000| Untracked 
|  66|0x0000000084200000, 0x0000000084300000, 0x0000000084300000|100%| O|  |TAMS 0x0000000084300000, 0x0000000084300000| Untracked 
|  67|0x0000000084300000, 0x0000000084400000, 0x0000000084400000|100%| O|  |TAMS 0x0000000084400000, 0x0000000084400000| Untracked 
|  68|0x0000000084400000, 0x0000000084500000, 0x0000000084500000|100%| O|  |TAMS 0x0000000084500000, 0x0000000084500000| Untracked 
|  69|0x0000000084500000, 0x0000000084600000, 0x0000000084600000|100%| O|  |TAMS 0x0000000084600000, 0x0000000084600000| Untracked 
|  70|0x0000000084600000, 0x0000000084700000, 0x0000000084700000|100%| O|  |TAMS 0x0000000084700000, 0x0000000084700000| Untracked 
|  71|0x0000000084700000, 0x0000000084800000, 0x0000000084800000|100%| O|  |TAMS 0x0000000084800000, 0x0000000084800000| Untracked 
|  72|0x0000000084800000, 0x0000000084900000, 0x0000000084900000|100%| O|  |TAMS 0x0000000084900000, 0x0000000084900000| Untracked 
|  73|0x0000000084900000, 0x0000000084a00000, 0x0000000084a00000|100%| O|  |TAMS 0x0000000084a00000, 0x0000000084a00000| Untracked 
|  74|0x0000000084a00000, 0x0000000084b00000, 0x0000000084b00000|100%| O|  |TAMS 0x0000000084b00000, 0x0000000084b00000| Untracked 
|  75|0x0000000084b00000, 0x0000000084c00000, 0x0000000084c00000|100%| O|  |TAMS 0x0000000084c00000, 0x0000000084c00000| Untracked 
|  76|0x0000000084c00000, 0x0000000084d00000, 0x0000000084d00000|100%| O|  |TAMS 0x0000000084d00000, 0x0000000084d00000| Untracked 
|  77|0x0000000084d00000, 0x0000000084e00000, 0x0000000084e00000|100%| O|  |TAMS 0x0000000084e00000, 0x0000000084e00000| Untracked 
|  78|0x0000000084e00000, 0x0000000084f00000, 0x0000000084f00000|100%| O|  |TAMS 0x0000000084f00000, 0x0000000084f00000| Untracked 
|  79|0x0000000084f00000, 0x0000000085000000, 0x0000000085000000|100%| O|  |TAMS 0x0000000085000000, 0x0000000085000000| Untracked 
|  80|0x0000000085000000, 0x0000000085100000, 0x0000000085100000|100%| O|  |TAMS 0x0000000085000000, 0x0000000085100000| Untracked 
|  81|0x0000000085100000, 0x0000000085200000, 0x0000000085200000|100%| O|  |TAMS 0x0000000085200000, 0x0000000085200000| Untracked 
|  82|0x0000000085200000, 0x0000000085300000, 0x0000000085300000|100%| O|  |TAMS 0x0000000085300000, 0x0000000085300000| Untracked 
|  83|0x0000000085300000, 0x0000000085400000, 0x0000000085400000|100%| O|  |TAMS 0x0000000085400000, 0x0000000085400000| Untracked 
|  84|0x0000000085400000, 0x0000000085500000, 0x0000000085500000|100%| O|  |TAMS 0x0000000085400000, 0x0000000085500000| Untracked 
|  85|0x0000000085500000, 0x0000000085600000, 0x0000000085600000|100%| O|  |TAMS 0x0000000085600000, 0x0000000085600000| Untracked 
|  86|0x0000000085600000, 0x0000000085700000, 0x0000000085700000|100%| O|  |TAMS 0x0000000085600000, 0x0000000085700000| Untracked 
|  87|0x0000000085700000, 0x0000000085800000, 0x0000000085800000|100%| O|  |TAMS 0x0000000085800000, 0x0000000085800000| Untracked 
|  88|0x0000000085800000, 0x0000000085900000, 0x0000000085900000|100%| O|  |TAMS 0x0000000085900000, 0x0000000085900000| Untracked 
|  89|0x0000000085900000, 0x0000000085a00000, 0x0000000085a00000|100%| O|  |TAMS 0x0000000085a00000, 0x0000000085a00000| Untracked 
|  90|0x0000000085a00000, 0x0000000085b00000, 0x0000000085b00000|100%| O|  |TAMS 0x0000000085b00000, 0x0000000085b00000| Untracked 
|  91|0x0000000085b00000, 0x0000000085c00000, 0x0000000085c00000|100%| O|  |TAMS 0x0000000085c00000, 0x0000000085c00000| Untracked 
|  92|0x0000000085c00000, 0x0000000085d00000, 0x0000000085d00000|100%| O|  |TAMS 0x0000000085c00000, 0x0000000085d00000| Untracked 
|  93|0x0000000085d00000, 0x0000000085e00000, 0x0000000085e00000|100%| O|  |TAMS 0x0000000085e00000, 0x0000000085e00000| Untracked 
|  94|0x0000000085e00000, 0x0000000085f00000, 0x0000000085f00000|100%| O|  |TAMS 0x0000000085f00000, 0x0000000085f00000| Untracked 
|  95|0x0000000085f00000, 0x0000000086000000, 0x0000000086000000|100%| O|  |TAMS 0x0000000086000000, 0x0000000086000000| Untracked 
|  96|0x0000000086000000, 0x0000000086100000, 0x0000000086100000|100%| O|  |TAMS 0x0000000086100000, 0x0000000086100000| Untracked 
|  97|0x0000000086100000, 0x0000000086200000, 0x0000000086200000|100%| O|  |TAMS 0x0000000086200000, 0x0000000086200000| Untracked 
|  98|0x0000000086200000, 0x0000000086300000, 0x0000000086300000|100%| O|  |TAMS 0x0000000086300000, 0x0000000086300000| Untracked 
|  99|0x0000000086300000, 0x0000000086400000, 0x0000000086400000|100%| O|  |TAMS 0x0000000086400000, 0x0000000086400000| Untracked 
| 100|0x0000000086400000, 0x0000000086500000, 0x0000000086500000|100%| O|  |TAMS 0x0000000086500000, 0x0000000086500000| Untracked 
| 101|0x0000000086500000, 0x0000000086600000, 0x0000000086600000|100%| O|  |TAMS 0x0000000086600000, 0x0000000086600000| Untracked 
| 102|0x0000000086600000, 0x0000000086700000, 0x0000000086700000|100%| O|  |TAMS 0x0000000086700000, 0x0000000086700000| Untracked 
| 103|0x0000000086700000, 0x0000000086800000, 0x0000000086800000|100%| O|  |TAMS 0x0000000086800000, 0x0000000086800000| Untracked 
| 104|0x0000000086800000, 0x0000000086900000, 0x0000000086900000|100%| O|  |TAMS 0x0000000086900000, 0x0000000086900000| Untracked 
| 105|0x0000000086900000, 0x0000000086a00000, 0x0000000086a00000|100%| O|  |TAMS 0x0000000086a00000, 0x0000000086a00000| Untracked 
| 106|0x0000000086a00000, 0x0000000086b00000, 0x0000000086b00000|100%| O|  |TAMS 0x0000000086a00000, 0x0000000086b00000| Untracked 
| 107|0x0000000086b00000, 0x0000000086c00000, 0x0000000086c00000|100%|HS|  |TAMS 0x0000000086c00000, 0x0000000086c00000| Complete 
| 108|0x0000000086c00000, 0x0000000086d00000, 0x0000000086d00000|100%|HC|  |TAMS 0x0000000086d00000, 0x0000000086d00000| Complete 
| 109|0x0000000086d00000, 0x0000000086e00000, 0x0000000086e00000|100%|HS|  |TAMS 0x0000000086e00000, 0x0000000086e00000| Complete 
| 110|0x0000000086e00000, 0x0000000086f00000, 0x0000000086f00000|100%| O|  |TAMS 0x0000000086f00000, 0x0000000086f00000| Untracked 
| 111|0x0000000086f00000, 0x0000000087000000, 0x0000000087000000|100%| O|  |TAMS 0x0000000086f00000, 0x0000000087000000| Untracked 
| 112|0x0000000087000000, 0x0000000087100000, 0x0000000087100000|100%| O|  |TAMS 0x0000000087100000, 0x0000000087100000| Untracked 
| 113|0x0000000087100000, 0x0000000087200000, 0x0000000087200000|100%|HS|  |TAMS 0x0000000087200000, 0x0000000087200000| Complete 
| 114|0x0000000087200000, 0x0000000087300000, 0x0000000087300000|100%| O|  |TAMS 0x0000000087200000, 0x0000000087300000| Untracked 
| 115|0x0000000087300000, 0x0000000087400000, 0x0000000087400000|100%|HS|  |TAMS 0x0000000087400000, 0x0000000087400000| Complete 
| 116|0x0000000087400000, 0x0000000087500000, 0x0000000087500000|100%|HS|  |TAMS 0x0000000087500000, 0x0000000087500000| Complete 
| 117|0x0000000087500000, 0x0000000087600000, 0x0000000087600000|100%|HS|  |TAMS 0x0000000087600000, 0x0000000087600000| Complete 
| 118|0x0000000087600000, 0x0000000087700000, 0x0000000087700000|100%|HC|  |TAMS 0x0000000087700000, 0x0000000087700000| Complete 
| 119|0x0000000087700000, 0x0000000087800000, 0x0000000087800000|100%|HS|  |TAMS 0x0000000087800000, 0x0000000087800000| Complete 
| 120|0x0000000087800000, 0x0000000087900000, 0x0000000087900000|100%|HC|  |TAMS 0x0000000087900000, 0x0000000087900000| Complete 
| 121|0x0000000087900000, 0x0000000087a00000, 0x0000000087a00000|100%| O|  |TAMS 0x0000000087900000, 0x0000000087a00000| Untracked 
| 122|0x0000000087a00000, 0x0000000087b00000, 0x0000000087b00000|100%| O|  |TAMS 0x0000000087a00000, 0x0000000087b00000| Untracked 
| 123|0x0000000087b00000, 0x0000000087c00000, 0x0000000087c00000|100%| O|  |TAMS 0x0000000087b00000, 0x0000000087c00000| Untracked 
| 124|0x0000000087c00000, 0x0000000087d00000, 0x0000000087d00000|100%| O|  |TAMS 0x0000000087c00000, 0x0000000087d00000| Untracked 
| 125|0x0000000087d00000, 0x0000000087e00000, 0x0000000087e00000|100%| O|  |TAMS 0x0000000087d00000, 0x0000000087e00000| Untracked 
| 126|0x0000000087e00000, 0x0000000087f00000, 0x0000000087f00000|100%| O|  |TAMS 0x0000000087e00000, 0x0000000087f00000| Untracked 
| 127|0x0000000087f00000, 0x0000000088000000, 0x0000000088000000|100%| O|  |TAMS 0x0000000087f00000, 0x0000000088000000| Untracked 
| 128|0x0000000088000000, 0x0000000088100000, 0x0000000088100000|100%| O|  |TAMS 0x0000000088000000, 0x0000000088100000| Untracked 
| 129|0x0000000088100000, 0x0000000088200000, 0x0000000088200000|100%|HS|  |TAMS 0x0000000088200000, 0x0000000088200000| Complete 
| 130|0x0000000088200000, 0x0000000088300000, 0x0000000088300000|100%|HC|  |TAMS 0x0000000088300000, 0x0000000088300000| Complete 
| 131|0x0000000088300000, 0x0000000088400000, 0x0000000088400000|100%|HC|  |TAMS 0x0000000088400000, 0x0000000088400000| Complete 
| 132|0x0000000088400000, 0x0000000088500000, 0x0000000088500000|100%| O|  |TAMS 0x0000000088400000, 0x0000000088500000| Untracked 
| 133|0x0000000088500000, 0x0000000088600000, 0x0000000088600000|100%|HS|  |TAMS 0x0000000088500000, 0x0000000088600000| Complete 
| 134|0x0000000088600000, 0x0000000088700000, 0x0000000088700000|100%| O|  |TAMS 0x0000000088600000, 0x0000000088700000| Untracked 
| 135|0x0000000088700000, 0x0000000088800000, 0x0000000088800000|100%|HS|  |TAMS 0x0000000088800000, 0x0000000088800000| Complete 
| 136|0x0000000088800000, 0x0000000088900000, 0x0000000088900000|100%|HC|  |TAMS 0x0000000088900000, 0x0000000088900000| Complete 
| 137|0x0000000088900000, 0x0000000088a00000, 0x0000000088a00000|100%|HS|  |TAMS 0x0000000088900000, 0x0000000088a00000| Complete 
| 138|0x0000000088a00000, 0x0000000088b00000, 0x0000000088b00000|100%|HS|  |TAMS 0x0000000088b00000, 0x0000000088b00000| Complete 
| 139|0x0000000088b00000, 0x0000000088c00000, 0x0000000088c00000|100%| O|  |TAMS 0x0000000088c00000, 0x0000000088c00000| Untracked 
| 140|0x0000000088c00000, 0x0000000088d00000, 0x0000000088d00000|100%| O|  |TAMS 0x0000000088d00000, 0x0000000088d00000| Untracked 
| 141|0x0000000088d00000, 0x0000000088e00000, 0x0000000088e00000|100%| O|  |TAMS 0x0000000088e00000, 0x0000000088e00000| Untracked 
| 142|0x0000000088e00000, 0x0000000088f00000, 0x0000000088f00000|100%| O|  |TAMS 0x0000000088f00000, 0x0000000088f00000| Untracked 
| 143|0x0000000088f00000, 0x0000000089000000, 0x0000000089000000|100%| O|  |TAMS 0x0000000089000000, 0x0000000089000000| Untracked 
| 144|0x0000000089000000, 0x0000000089100000, 0x0000000089100000|100%| O|  |TAMS 0x0000000089040200, 0x0000000089100000| Untracked 
| 145|0x0000000089100000, 0x0000000089200000, 0x0000000089200000|100%| O|  |TAMS 0x0000000089100000, 0x0000000089200000| Untracked 
| 146|0x0000000089200000, 0x0000000089300000, 0x0000000089300000|100%|HS|  |TAMS 0x0000000089200000, 0x0000000089300000| Complete 
| 147|0x0000000089300000, 0x0000000089400000, 0x0000000089400000|100%|HS|  |TAMS 0x0000000089300000, 0x0000000089400000| Complete 
| 148|0x0000000089400000, 0x0000000089500000, 0x0000000089500000|100%|HC|  |TAMS 0x0000000089400000, 0x0000000089500000| Complete 
| 149|0x0000000089500000, 0x0000000089600000, 0x0000000089600000|100%| O|  |TAMS 0x0000000089500000, 0x0000000089600000| Untracked 
| 150|0x0000000089600000, 0x0000000089700000, 0x0000000089700000|100%| O|  |TAMS 0x0000000089600000, 0x0000000089700000| Untracked 
| 151|0x0000000089700000, 0x0000000089800000, 0x0000000089800000|100%|HS|  |TAMS 0x0000000089700000, 0x0000000089800000| Complete 
| 152|0x0000000089800000, 0x0000000089900000, 0x0000000089900000|100%|HC|  |TAMS 0x0000000089800000, 0x0000000089900000| Complete 
| 153|0x0000000089900000, 0x0000000089a00000, 0x0000000089a00000|100%| O|  |TAMS 0x0000000089900000, 0x0000000089a00000| Untracked 
| 154|0x0000000089a00000, 0x0000000089b00000, 0x0000000089b00000|100%| O|  |TAMS 0x0000000089a00000, 0x0000000089b00000| Untracked 
| 155|0x0000000089b00000, 0x0000000089c00000, 0x0000000089c00000|100%| O|  |TAMS 0x0000000089b00000, 0x0000000089c00000| Untracked 
| 156|0x0000000089c00000, 0x0000000089d00000, 0x0000000089d00000|100%| O|  |TAMS 0x0000000089c00000, 0x0000000089d00000| Untracked 
| 157|0x0000000089d00000, 0x0000000089e00000, 0x0000000089e00000|100%| O|  |TAMS 0x0000000089d00000, 0x0000000089e00000| Untracked 
| 158|0x0000000089e00000, 0x0000000089f00000, 0x0000000089f00000|100%| O|  |TAMS 0x0000000089e00000, 0x0000000089f00000| Untracked 
| 159|0x0000000089f00000, 0x000000008a000000, 0x000000008a000000|100%|HS|  |TAMS 0x0000000089f00000, 0x000000008a000000| Complete 
| 160|0x000000008a000000, 0x000000008a100000, 0x000000008a100000|100%|HC|  |TAMS 0x000000008a000000, 0x000000008a100000| Complete 
| 161|0x000000008a100000, 0x000000008a200000, 0x000000008a200000|100%|HC|  |TAMS 0x000000008a100000, 0x000000008a200000| Complete 
| 162|0x000000008a200000, 0x000000008a300000, 0x000000008a300000|100%| O|  |TAMS 0x000000008a200000, 0x000000008a300000| Untracked 
| 163|0x000000008a300000, 0x000000008a400000, 0x000000008a400000|100%| O|  |TAMS 0x000000008a300000, 0x000000008a400000| Untracked 
| 164|0x000000008a400000, 0x000000008a500000, 0x000000008a500000|100%| O|  |TAMS 0x000000008a400000, 0x000000008a500000| Untracked 
| 165|0x000000008a500000, 0x000000008a600000, 0x000000008a600000|100%| O|  |TAMS 0x000000008a500000, 0x000000008a600000| Untracked 
| 166|0x000000008a600000, 0x000000008a700000, 0x000000008a700000|100%| O|  |TAMS 0x000000008a600000, 0x000000008a700000| Untracked 
| 167|0x000000008a700000, 0x000000008a800000, 0x000000008a800000|100%| O|  |TAMS 0x000000008a700000, 0x000000008a800000| Untracked 
| 168|0x000000008a800000, 0x000000008a900000, 0x000000008a900000|100%| O|  |TAMS 0x000000008a800000, 0x000000008a900000| Untracked 
| 169|0x000000008a900000, 0x000000008aa00000, 0x000000008aa00000|100%| O|  |TAMS 0x000000008a900000, 0x000000008aa00000| Untracked 
| 170|0x000000008aa00000, 0x000000008ab00000, 0x000000008ab00000|100%| O|  |TAMS 0x000000008aa00000, 0x000000008ab00000| Untracked 
| 171|0x000000008ab00000, 0x000000008ac00000, 0x000000008ac00000|100%| O|  |TAMS 0x000000008ab00000, 0x000000008ac00000| Untracked 
| 172|0x000000008ac00000, 0x000000008ad00000, 0x000000008ad00000|100%| O|  |TAMS 0x000000008ac00000, 0x000000008ad00000| Untracked 
| 173|0x000000008ad00000, 0x000000008ae00000, 0x000000008ae00000|100%| O|  |TAMS 0x000000008ad00000, 0x000000008ae00000| Untracked 
| 174|0x000000008ae00000, 0x000000008af00000, 0x000000008af00000|100%| O|  |TAMS 0x000000008ae00000, 0x000000008af00000| Untracked 
| 175|0x000000008af00000, 0x000000008b000000, 0x000000008b000000|100%| O|  |TAMS 0x000000008af00000, 0x000000008b000000| Untracked 
| 176|0x000000008b000000, 0x000000008b100000, 0x000000008b100000|100%| O|  |TAMS 0x000000008b000000, 0x000000008b100000| Untracked 
| 177|0x000000008b100000, 0x000000008b200000, 0x000000008b200000|100%| O|  |TAMS 0x000000008b100000, 0x000000008b200000| Untracked 
| 178|0x000000008b200000, 0x000000008b300000, 0x000000008b300000|100%|HS|  |TAMS 0x000000008b200000, 0x000000008b300000| Complete 
| 179|0x000000008b300000, 0x000000008b400000, 0x000000008b400000|100%|HC|  |TAMS 0x000000008b300000, 0x000000008b400000| Complete 
| 180|0x000000008b400000, 0x000000008b500000, 0x000000008b500000|100%| O|  |TAMS 0x000000008b400000, 0x000000008b500000| Untracked 
| 181|0x000000008b500000, 0x000000008b600000, 0x000000008b600000|100%| O|  |TAMS 0x000000008b500000, 0x000000008b600000| Untracked 
| 182|0x000000008b600000, 0x000000008b700000, 0x000000008b700000|100%| O|  |TAMS 0x000000008b600000, 0x000000008b700000| Untracked 
| 183|0x000000008b700000, 0x000000008b800000, 0x000000008b800000|100%| O|  |TAMS 0x000000008b700000, 0x000000008b800000| Untracked 
| 184|0x000000008b800000, 0x000000008b900000, 0x000000008b900000|100%| O|  |TAMS 0x000000008b800000, 0x000000008b900000| Untracked 
| 185|0x000000008b900000, 0x000000008ba00000, 0x000000008ba00000|100%| O|  |TAMS 0x000000008b900000, 0x000000008ba00000| Untracked 
| 186|0x000000008ba00000, 0x000000008bb00000, 0x000000008bb00000|100%| O|  |TAMS 0x000000008ba00000, 0x000000008bb00000| Untracked 
| 187|0x000000008bb00000, 0x000000008bc00000, 0x000000008bc00000|100%| O|  |TAMS 0x000000008bb00000, 0x000000008bc00000| Untracked 
| 188|0x000000008bc00000, 0x000000008bd00000, 0x000000008bd00000|100%| O|  |TAMS 0x000000008bc00000, 0x000000008bd00000| Untracked 
| 189|0x000000008bd00000, 0x000000008be00000, 0x000000008be00000|100%| O|  |TAMS 0x000000008bd00000, 0x000000008be00000| Untracked 
| 190|0x000000008be00000, 0x000000008bf00000, 0x000000008bf00000|100%| O|  |TAMS 0x000000008be00000, 0x000000008bf00000| Untracked 
| 191|0x000000008bf00000, 0x000000008c000000, 0x000000008c000000|100%| O|  |TAMS 0x000000008bf00000, 0x000000008c000000| Untracked 
| 192|0x000000008c000000, 0x000000008c100000, 0x000000008c100000|100%| O|  |TAMS 0x000000008c000000, 0x000000008c100000| Untracked 
| 193|0x000000008c100000, 0x000000008c200000, 0x000000008c200000|100%| O|  |TAMS 0x000000008c100000, 0x000000008c200000| Untracked 
| 194|0x000000008c200000, 0x000000008c300000, 0x000000008c300000|100%| O|  |TAMS 0x000000008c200000, 0x000000008c300000| Untracked 
| 195|0x000000008c300000, 0x000000008c400000, 0x000000008c400000|100%| O|  |TAMS 0x000000008c300000, 0x000000008c400000| Untracked 
| 196|0x000000008c400000, 0x000000008c500000, 0x000000008c500000|100%| O|  |TAMS 0x000000008c400000, 0x000000008c500000| Untracked 
| 197|0x000000008c500000, 0x000000008c600000, 0x000000008c600000|100%| O|  |TAMS 0x000000008c500000, 0x000000008c600000| Untracked 
| 198|0x000000008c600000, 0x000000008c700000, 0x000000008c700000|100%| O|  |TAMS 0x000000008c600000, 0x000000008c700000| Untracked 
| 199|0x000000008c700000, 0x000000008c800000, 0x000000008c800000|100%| O|  |TAMS 0x000000008c700000, 0x000000008c800000| Untracked 
| 200|0x000000008c800000, 0x000000008c900000, 0x000000008c900000|100%| O|  |TAMS 0x000000008c800000, 0x000000008c900000| Untracked 
| 201|0x000000008c900000, 0x000000008ca00000, 0x000000008ca00000|100%| O|  |TAMS 0x000000008c900000, 0x000000008ca00000| Untracked 
| 202|0x000000008ca00000, 0x000000008cb00000, 0x000000008cb00000|100%| O|  |TAMS 0x000000008ca00000, 0x000000008cb00000| Untracked 
| 203|0x000000008cb00000, 0x000000008cc00000, 0x000000008cc00000|100%| O|  |TAMS 0x000000008cb00000, 0x000000008cc00000| Untracked 
| 204|0x000000008cc00000, 0x000000008cd00000, 0x000000008cd00000|100%| O|  |TAMS 0x000000008cc00000, 0x000000008cd00000| Untracked 
| 205|0x000000008cd00000, 0x000000008ce00000, 0x000000008ce00000|100%| O|  |TAMS 0x000000008cd00000, 0x000000008ce00000| Untracked 
| 206|0x000000008ce00000, 0x000000008cf00000, 0x000000008cf00000|100%| O|  |TAMS 0x000000008ce00000, 0x000000008cf00000| Untracked 
| 207|0x000000008cf00000, 0x000000008d000000, 0x000000008d000000|100%| O|  |TAMS 0x000000008cf00000, 0x000000008d000000| Untracked 
| 208|0x000000008d000000, 0x000000008d100000, 0x000000008d100000|100%| O|  |TAMS 0x000000008d000000, 0x000000008d100000| Untracked 
| 209|0x000000008d100000, 0x000000008d200000, 0x000000008d200000|100%| O|  |TAMS 0x000000008d100000, 0x000000008d200000| Untracked 
| 210|0x000000008d200000, 0x000000008d300000, 0x000000008d300000|100%| O|  |TAMS 0x000000008d200000, 0x000000008d300000| Untracked 
| 211|0x000000008d300000, 0x000000008d400000, 0x000000008d400000|100%| O|  |TAMS 0x000000008d300000, 0x000000008d400000| Untracked 
| 212|0x000000008d400000, 0x000000008d500000, 0x000000008d500000|100%| O|  |TAMS 0x000000008d400000, 0x000000008d500000| Untracked 
| 213|0x000000008d500000, 0x000000008d600000, 0x000000008d600000|100%| O|  |TAMS 0x000000008d500000, 0x000000008d600000| Untracked 
| 214|0x000000008d600000, 0x000000008d700000, 0x000000008d700000|100%| O|  |TAMS 0x000000008d600000, 0x000000008d700000| Untracked 
| 215|0x000000008d700000, 0x000000008d800000, 0x000000008d800000|100%| O|  |TAMS 0x000000008d700000, 0x000000008d800000| Untracked 
| 216|0x000000008d800000, 0x000000008d900000, 0x000000008d900000|100%| O|  |TAMS 0x000000008d800000, 0x000000008d900000| Untracked 
| 217|0x000000008d900000, 0x000000008da00000, 0x000000008da00000|100%| O|  |TAMS 0x000000008d900000, 0x000000008da00000| Untracked 
| 218|0x000000008da00000, 0x000000008db00000, 0x000000008db00000|100%| O|  |TAMS 0x000000008da00000, 0x000000008db00000| Untracked 
| 219|0x000000008db00000, 0x000000008dc00000, 0x000000008dc00000|100%| O|  |TAMS 0x000000008db00000, 0x000000008dc00000| Untracked 
| 220|0x000000008dc00000, 0x000000008dd00000, 0x000000008dd00000|100%| O|  |TAMS 0x000000008dc00000, 0x000000008dd00000| Untracked 
| 221|0x000000008dd00000, 0x000000008de00000, 0x000000008de00000|100%| O|  |TAMS 0x000000008dd00000, 0x000000008de00000| Untracked 
| 222|0x000000008de00000, 0x000000008df00000, 0x000000008df00000|100%| O|  |TAMS 0x000000008de00000, 0x000000008df00000| Untracked 
| 223|0x000000008df00000, 0x000000008e000000, 0x000000008e000000|100%| O|  |TAMS 0x000000008df00000, 0x000000008e000000| Untracked 
| 224|0x000000008e000000, 0x000000008e100000, 0x000000008e100000|100%| O|  |TAMS 0x000000008e000000, 0x000000008e100000| Untracked 
| 225|0x000000008e100000, 0x000000008e100000, 0x000000008e200000|  0%| F|  |TAMS 0x000000008e100000, 0x000000008e100000| Untracked 
| 226|0x000000008e200000, 0x000000008e200000, 0x000000008e300000|  0%| F|  |TAMS 0x000000008e200000, 0x000000008e200000| Untracked 
| 227|0x000000008e300000, 0x000000008e300000, 0x000000008e400000|  0%| F|  |TAMS 0x000000008e300000, 0x000000008e300000| Untracked 
| 228|0x000000008e400000, 0x000000008e400000, 0x000000008e500000|  0%| F|  |TAMS 0x000000008e400000, 0x000000008e400000| Untracked 
| 229|0x000000008e500000, 0x000000008e500000, 0x000000008e600000|  0%| F|  |TAMS 0x000000008e500000, 0x000000008e500000| Untracked 
| 230|0x000000008e600000, 0x000000008e600000, 0x000000008e700000|  0%| F|  |TAMS 0x000000008e600000, 0x000000008e600000| Untracked 
| 231|0x000000008e700000, 0x000000008e700000, 0x000000008e800000|  0%| F|  |TAMS 0x000000008e700000, 0x000000008e700000| Untracked 
| 232|0x000000008e800000, 0x000000008e800000, 0x000000008e900000|  0%| F|  |TAMS 0x000000008e800000, 0x000000008e800000| Untracked 
| 233|0x000000008e900000, 0x000000008e900000, 0x000000008ea00000|  0%| F|  |TAMS 0x000000008e900000, 0x000000008e900000| Untracked 
| 234|0x000000008ea00000, 0x000000008ea00000, 0x000000008eb00000|  0%| F|  |TAMS 0x000000008ea00000, 0x000000008ea00000| Untracked 
| 235|0x000000008eb00000, 0x000000008eb00000, 0x000000008ec00000|  0%| F|  |TAMS 0x000000008eb00000, 0x000000008eb00000| Untracked 
| 236|0x000000008ec00000, 0x000000008ec00000, 0x000000008ed00000|  0%| F|  |TAMS 0x000000008ec00000, 0x000000008ec00000| Untracked 
| 237|0x000000008ed00000, 0x000000008ed00000, 0x000000008ee00000|  0%| F|  |TAMS 0x000000008ed00000, 0x000000008ed00000| Untracked 
| 238|0x000000008ee00000, 0x000000008ee00000, 0x000000008ef00000|  0%| F|  |TAMS 0x000000008ee00000, 0x000000008ee00000| Untracked 
| 239|0x000000008ef00000, 0x000000008ef00000, 0x000000008f000000|  0%| F|  |TAMS 0x000000008ef00000, 0x000000008ef00000| Untracked 
| 240|0x000000008f000000, 0x000000008f000000, 0x000000008f100000|  0%| F|  |TAMS 0x000000008f000000, 0x000000008f000000| Untracked 
| 241|0x000000008f100000, 0x000000008f100000, 0x000000008f200000|  0%| F|  |TAMS 0x000000008f100000, 0x000000008f100000| Untracked 
| 242|0x000000008f200000, 0x000000008f200000, 0x000000008f300000|  0%| F|  |TAMS 0x000000008f200000, 0x000000008f200000| Untracked 
| 243|0x000000008f300000, 0x000000008f300000, 0x000000008f400000|  0%| F|  |TAMS 0x000000008f300000, 0x000000008f300000| Untracked 
| 244|0x000000008f400000, 0x000000008f400000, 0x000000008f500000|  0%| F|  |TAMS 0x000000008f400000, 0x000000008f400000| Untracked 
| 245|0x000000008f500000, 0x000000008f500000, 0x000000008f600000|  0%| F|  |TAMS 0x000000008f500000, 0x000000008f500000| Untracked 
| 246|0x000000008f600000, 0x000000008f600000, 0x000000008f700000|  0%| F|  |TAMS 0x000000008f600000, 0x000000008f600000| Untracked 
| 247|0x000000008f700000, 0x000000008f700000, 0x000000008f800000|  0%| F|  |TAMS 0x000000008f700000, 0x000000008f700000| Untracked 
| 248|0x000000008f800000, 0x000000008f800000, 0x000000008f900000|  0%| F|  |TAMS 0x000000008f800000, 0x000000008f800000| Untracked 
| 249|0x000000008f900000, 0x000000008f900000, 0x000000008fa00000|  0%| F|  |TAMS 0x000000008f900000, 0x000000008f900000| Untracked 
| 250|0x000000008fa00000, 0x000000008fa00000, 0x000000008fb00000|  0%| F|  |TAMS 0x000000008fa00000, 0x000000008fa00000| Untracked 
| 251|0x000000008fb00000, 0x000000008fb00000, 0x000000008fc00000|  0%| F|  |TAMS 0x000000008fb00000, 0x000000008fb00000| Untracked 
| 252|0x000000008fc00000, 0x000000008fc00000, 0x000000008fd00000|  0%| F|  |TAMS 0x000000008fc00000, 0x000000008fc00000| Untracked 
| 253|0x000000008fd00000, 0x000000008fd00000, 0x000000008fe00000|  0%| F|  |TAMS 0x000000008fd00000, 0x000000008fd00000| Untracked 
| 254|0x000000008fe00000, 0x000000008fe00000, 0x000000008ff00000|  0%| F|  |TAMS 0x000000008fe00000, 0x000000008fe00000| Untracked 
| 255|0x000000008ff00000, 0x000000008ff00000, 0x0000000090000000|  0%| F|  |TAMS 0x000000008ff00000, 0x000000008ff00000| Untracked 
| 256|0x0000000090000000, 0x0000000090000000, 0x0000000090100000|  0%| F|  |TAMS 0x0000000090000000, 0x0000000090000000| Untracked 
| 257|0x0000000090100000, 0x0000000090100000, 0x0000000090200000|  0%| F|  |TAMS 0x0000000090100000, 0x0000000090100000| Untracked 
| 258|0x0000000090200000, 0x0000000090200000, 0x0000000090300000|  0%| F|  |TAMS 0x0000000090200000, 0x0000000090200000| Untracked 
| 259|0x0000000090300000, 0x0000000090300000, 0x0000000090400000|  0%| F|  |TAMS 0x0000000090300000, 0x0000000090300000| Untracked 
| 260|0x0000000090400000, 0x0000000090400000, 0x0000000090500000|  0%| F|  |TAMS 0x0000000090400000, 0x0000000090400000| Untracked 
| 261|0x0000000090500000, 0x0000000090500000, 0x0000000090600000|  0%| F|  |TAMS 0x0000000090500000, 0x0000000090500000| Untracked 
| 262|0x0000000090600000, 0x0000000090600000, 0x0000000090700000|  0%| F|  |TAMS 0x0000000090600000, 0x0000000090600000| Untracked 
| 263|0x0000000090700000, 0x0000000090800000, 0x0000000090800000|100%| S|CS|TAMS 0x0000000090700000, 0x0000000090700000| Complete 
| 264|0x0000000090800000, 0x0000000090900000, 0x0000000090900000|100%| S|CS|TAMS 0x0000000090800000, 0x0000000090800000| Complete 
| 265|0x0000000090900000, 0x0000000090a00000, 0x0000000090a00000|100%| S|CS|TAMS 0x0000000090900000, 0x0000000090900000| Complete 
| 266|0x0000000090a00000, 0x0000000090a00000, 0x0000000090b00000|  0%| F|  |TAMS 0x0000000090a00000, 0x0000000090a00000| Untracked 
| 267|0x0000000090b00000, 0x0000000090b00000, 0x0000000090c00000|  0%| F|  |TAMS 0x0000000090b00000, 0x0000000090b00000| Untracked 
| 268|0x0000000090c00000, 0x0000000090c00000, 0x0000000090d00000|  0%| F|  |TAMS 0x0000000090c00000, 0x0000000090c00000| Untracked 
| 269|0x0000000090d00000, 0x0000000090d00000, 0x0000000090e00000|  0%| F|  |TAMS 0x0000000090d00000, 0x0000000090d00000| Untracked 
| 270|0x0000000090e00000, 0x0000000090e00000, 0x0000000090f00000|  0%| F|  |TAMS 0x0000000090e00000, 0x0000000090e00000| Untracked 
| 271|0x0000000090f00000, 0x0000000090f00000, 0x0000000091000000|  0%| F|  |TAMS 0x0000000090f00000, 0x0000000090f00000| Untracked 
| 272|0x0000000091000000, 0x0000000091000000, 0x0000000091100000|  0%| F|  |TAMS 0x0000000091000000, 0x0000000091000000| Untracked 
| 273|0x0000000091100000, 0x0000000091100000, 0x0000000091200000|  0%| F|  |TAMS 0x0000000091100000, 0x0000000091100000| Untracked 
| 274|0x0000000091200000, 0x0000000091200000, 0x0000000091300000|  0%| F|  |TAMS 0x0000000091200000, 0x0000000091200000| Untracked 
| 275|0x0000000091300000, 0x0000000091300000, 0x0000000091400000|  0%| F|  |TAMS 0x0000000091300000, 0x0000000091300000| Untracked 
| 276|0x0000000091400000, 0x0000000091400000, 0x0000000091500000|  0%| F|  |TAMS 0x0000000091400000, 0x0000000091400000| Untracked 
| 277|0x0000000091500000, 0x0000000091500000, 0x0000000091600000|  0%| F|  |TAMS 0x0000000091500000, 0x0000000091500000| Untracked 
| 278|0x0000000091600000, 0x0000000091600000, 0x0000000091700000|  0%| F|  |TAMS 0x0000000091600000, 0x0000000091600000| Untracked 
| 279|0x0000000091700000, 0x0000000091700000, 0x0000000091800000|  0%| F|  |TAMS 0x0000000091700000, 0x0000000091700000| Untracked 
| 280|0x0000000091800000, 0x0000000091800000, 0x0000000091900000|  0%| F|  |TAMS 0x0000000091800000, 0x0000000091800000| Untracked 

Card table byte_map: [0x000002b851570000,0x000002b851970000] _byte_map_base: 0x000002b851170000

Marking Bits (Prev, Next): (CMBitMap*) 0x000002b83e261448, (CMBitMap*) 0x000002b83e261480
 Prev Bits: [0x000002b851d70000, 0x000002b853d70000)
 Next Bits: [0x000002b853d70000, 0x000002b855d70000)

Polling page: 0x000002b83e300000

Metaspace:

Usage:
  Non-class:     96.95 MB capacity,    95.34 MB ( 98%) used,     1.32 MB (  1%) free+waste,   305.94 KB ( <1%) overhead. 
      Class:     14.41 MB capacity,    13.49 MB ( 94%) used,   805.63 KB (  5%) free+waste,   132.81 KB ( <1%) overhead. 
       Both:    111.36 MB capacity,   108.83 MB ( 98%) used,     2.10 MB (  2%) free+waste,   438.75 KB ( <1%) overhead. 

Virtual space:
  Non-class space:       98.00 MB reserved,      97.08 MB (>99%) committed 
      Class space:        1.00 GB reserved,      14.50 MB (  1%) committed 
             Both:        1.10 GB reserved,     111.58 MB ( 10%) committed 

Chunk freelists:
   Non-Class:  3.00 KB
       Class:  27.00 KB
        Both:  30.00 KB

MaxMetaspaceSize: 17179869184.00 GB
CompressedClassSpaceSize: 1.00 GB
Initial GC threshold: 20.80 MB
Current GC threshold: 181.38 MB
CDS: off

CodeHeap 'non-profiled nmethods': size=120064Kb used=11113Kb max_used=11113Kb free=108950Kb
 bounds [0x000002b849820000, 0x000002b84a300000, 0x000002b850d60000]
CodeHeap 'profiled nmethods': size=120000Kb used=37477Kb max_used=37477Kb free=82523Kb
 bounds [0x000002b8422f0000, 0x000002b8447c0000, 0x000002b849820000]
CodeHeap 'non-nmethods': size=5696Kb used=2412Kb max_used=2475Kb free=3283Kb
 bounds [0x000002b841d60000, 0x000002b841fe0000, 0x000002b8422f0000]
 total_blobs=17473 nmethods=16529 adapters=857
 compilation: enabled
              stopped_count=0, restarted_count=0
 full_count=0

Compilation events (20 events):
Event: 115.015 Thread 0x000002b8581c5000 nmethod 17548 0x000002b84a2f7c10 code [0x000002b84a2f7dc0, 0x000002b84a2f7f08]
Event: 115.016 Thread 0x000002b8581c5000 17469       4       com.android.tools.r8.internal.vc::a (6 bytes)
Event: 115.022 Thread 0x000002b8581c5000 nmethod 17469 0x000002b84a2f8090 code [0x000002b84a2f8240, 0x000002b84a2f8558]
Event: 115.022 Thread 0x000002b8581c5000 17463       4       com.android.tools.r8.graph.a1::a (10 bytes)
Event: 115.028 Thread 0x000002b8581c5000 nmethod 17463 0x000002b84a2f8810 code [0x000002b84a2f89c0, 0x000002b84a2f8d18]
Event: 115.028 Thread 0x000002b8581c5000 17544       4       jdk.internal.misc.Unsafe::getObjectAcquire (7 bytes)
Event: 115.029 Thread 0x000002b8581c5000 nmethod 17544 0x000002b84a2f9010 code [0x000002b84a2f91a0, 0x000002b84a2f9278]
Event: 115.029 Thread 0x000002b8581c5000 17534       4       java.lang.invoke.VarHandleGuards::guard_LI_L (74 bytes)
Event: 115.032 Thread 0x000002b8581c5000 nmethod 17534 0x000002b84a2f9310 code [0x000002b84a2f94c0, 0x000002b84a2f96c8]
Event: 115.033 Thread 0x000002b8581c5000 17604 %     4       javax.management.ObjectName::construct @ 822 (1135 bytes)
Event: 115.036 Thread 0x000002b8581c7000 17605       1       java.lang.management.DefaultPlatformMBeanProvider$2::mbeanInterfaceNames (5 bytes)
Event: 115.036 Thread 0x000002b8581c7000 nmethod 17605 0x000002b84a2f9910 code [0x000002b84a2f9ac0, 0x000002b84a2f9b78]
Event: 115.036 Thread 0x000002b8581c7000 17606       1       java.lang.management.DefaultPlatformMBeanProvider$9::mbeanInterfaceNames (5 bytes)
Event: 115.036 Thread 0x000002b8581c7000 nmethod 17606 0x000002b84a2f9c10 code [0x000002b84a2f9dc0, 0x000002b84a2f9e78]
Event: 115.037 Thread 0x000002b8581c7000 17607       1       com.sun.management.internal.PlatformMBeanProviderImpl$5::mbeanInterfaceNames (5 bytes)
Event: 115.037 Thread 0x000002b8581c7000 nmethod 17607 0x000002b84a2f9f10 code [0x000002b84a2fa0c0, 0x000002b84a2fa178]
Event: 115.037 Thread 0x000002b8581c7000 17608       1       com.sun.management.internal.PlatformMBeanProviderImpl$1::mbeanInterfaceNames (5 bytes)
Event: 115.037 Thread 0x000002b8581c7000 nmethod 17608 0x000002b84a2fa210 code [0x000002b84a2fa3c0, 0x000002b84a2fa478]
Event: 115.073 Thread 0x000002b8581c7000 17625       2       com.android.tools.r8.code.m3::<init> (13 bytes)
Event: 115.074 Thread 0x000002b8581c7000 nmethod 17625 0x000002b842683210 code [0x000002b8426833e0, 0x000002b842683648]

GC Heap History (20 events):
Event: 101.390 GC heap after
{Heap after GC invocations=76 (full 0):
 garbage-first heap   total 239616K, used 123364K [0x0000000080000000, 0x0000000100000000)
  region size 1024K, 5 young (5120K), 5 survivors (5120K)
 Metaspace       used 105509K, capacity 107991K, committed 108112K, reserved 1144832K
  class space    used 12877K, capacity 13792K, committed 13824K, reserved 1048576K
}
Event: 104.093 GC heap before
{Heap before GC invocations=76 (full 0):
 garbage-first heap   total 239616K, used 180708K [0x0000000080000000, 0x0000000100000000)
  region size 1024K, 62 young (63488K), 5 survivors (5120K)
 Metaspace       used 105874K, capacity 108342K, committed 108368K, reserved 1144832K
  class space    used 12917K, capacity 13802K, committed 13824K, reserved 1048576K
}
Event: 104.125 GC heap after
{Heap after GC invocations=77 (full 0):
 garbage-first heap   total 239616K, used 125790K [0x0000000080000000, 0x0000000100000000)
  region size 1024K, 4 young (4096K), 4 survivors (4096K)
 Metaspace       used 105874K, capacity 108342K, committed 108368K, reserved 1144832K
  class space    used 12917K, capacity 13802K, committed 13824K, reserved 1048576K
}
Event: 105.309 GC heap before
{Heap before GC invocations=77 (full 0):
 garbage-first heap   total 239616K, used 166750K [0x0000000080000000, 0x0000000100000000)
  region size 1024K, 26 young (26624K), 4 survivors (4096K)
 Metaspace       used 108775K, capacity 111198K, committed 111440K, reserved 1146880K
  class space    used 13327K, capacity 14222K, committed 14336K, reserved 1048576K
}
Event: 105.330 GC heap after
{Heap after GC invocations=78 (full 0):
 garbage-first heap   total 239616K, used 151808K [0x0000000080000000, 0x0000000100000000)
  region size 1024K, 8 young (8192K), 8 survivors (8192K)
 Metaspace       used 108775K, capacity 111198K, committed 111440K, reserved 1146880K
  class space    used 13327K, capacity 14222K, committed 14336K, reserved 1048576K
}
Event: 106.117 GC heap before
{Heap before GC invocations=79 (full 0):
 garbage-first heap   total 239616K, used 208128K [0x0000000080000000, 0x0000000100000000)
  region size 1024K, 43 young (44032K), 8 survivors (8192K)
 Metaspace       used 109052K, capacity 111590K, committed 111696K, reserved 1146880K
  class space    used 13370K, capacity 14288K, committed 14336K, reserved 1048576K
}
Event: 106.152 GC heap after
{Heap after GC invocations=80 (full 0):
 garbage-first heap   total 239616K, used 172992K [0x0000000080000000, 0x0000000100000000)
  region size 1024K, 6 young (6144K), 6 survivors (6144K)
 Metaspace       used 109052K, capacity 111590K, committed 111696K, reserved 1146880K
  class space    used 13370K, capacity 14288K, committed 14336K, reserved 1048576K
}
Event: 106.206 GC heap before
{Heap before GC invocations=80 (full 0):
 garbage-first heap   total 239616K, used 178112K [0x0000000080000000, 0x0000000100000000)
  region size 1024K, 11 young (11264K), 6 survivors (6144K)
 Metaspace       used 109052K, capacity 111590K, committed 111696K, reserved 1146880K
  class space    used 13370K, capacity 14288K, committed 14336K, reserved 1048576K
}
Event: 106.236 GC heap after
{Heap after GC invocations=81 (full 0):
 garbage-first heap   total 239616K, used 163840K [0x0000000080000000, 0x0000000100000000)
  region size 1024K, 2 young (2048K), 2 survivors (2048K)
 Metaspace       used 109052K, capacity 111590K, committed 111696K, reserved 1146880K
  class space    used 13370K, capacity 14288K, committed 14336K, reserved 1048576K
}
Event: 106.574 GC heap before
{Heap before GC invocations=81 (full 0):
 garbage-first heap   total 239616K, used 192512K [0x0000000080000000, 0x0000000100000000)
  region size 1024K, 29 young (29696K), 2 survivors (2048K)
 Metaspace       used 109053K, capacity 111590K, committed 111696K, reserved 1146880K
  class space    used 13370K, capacity 14288K, committed 14336K, reserved 1048576K
}
Event: 106.640 GC heap after
{Heap after GC invocations=82 (full 0):
 garbage-first heap   total 239616K, used 177664K [0x0000000080000000, 0x0000000100000000)
  region size 1024K, 4 young (4096K), 4 survivors (4096K)
 Metaspace       used 109053K, capacity 111590K, committed 111696K, reserved 1146880K
  class space    used 13370K, capacity 14288K, committed 14336K, reserved 1048576K
}
Event: 107.143 GC heap before
{Heap before GC invocations=82 (full 0):
 garbage-first heap   total 239616K, used 197120K [0x0000000080000000, 0x0000000100000000)
  region size 1024K, 23 young (23552K), 4 survivors (4096K)
 Metaspace       used 109053K, capacity 111590K, committed 111696K, reserved 1146880K
  class space    used 13370K, capacity 14288K, committed 14336K, reserved 1048576K
}
Event: 107.209 GC heap after
{Heap after GC invocations=83 (full 0):
 garbage-first heap   total 287744K, used 184576K [0x0000000080000000, 0x0000000100000000)
  region size 1024K, 3 young (3072K), 3 survivors (3072K)
 Metaspace       used 109053K, capacity 111590K, committed 111696K, reserved 1146880K
  class space    used 13370K, capacity 14288K, committed 14336K, reserved 1048576K
}
Event: 110.126 GC heap before
{Heap before GC invocations=83 (full 0):
 garbage-first heap   total 287744K, used 219392K [0x0000000080000000, 0x0000000100000000)
  region size 1024K, 35 young (35840K), 3 survivors (3072K)
 Metaspace       used 111389K, capacity 113961K, committed 114256K, reserved 1148928K
  class space    used 13817K, capacity 14756K, committed 14848K, reserved 1048576K
}
Event: 110.207 GC heap after
{Heap after GC invocations=84 (full 0):
 garbage-first heap   total 287744K, used 200192K [0x0000000080000000, 0x0000000100000000)
  region size 1024K, 5 young (5120K), 5 survivors (5120K)
 Metaspace       used 111389K, capacity 113961K, committed 114256K, reserved 1148928K
  class space    used 13817K, capacity 14756K, committed 14848K, reserved 1048576K
}
Event: 112.088 GC heap before
{Heap before GC invocations=84 (full 0):
 garbage-first heap   total 287744K, used 226816K [0x0000000080000000, 0x0000000100000000)
  region size 1024K, 31 young (31744K), 5 survivors (5120K)
 Metaspace       used 111437K, capacity 114033K, committed 114256K, reserved 1148928K
  class space    used 13818K, capacity 14757K, committed 14848K, reserved 1048576K
}
Event: 112.216 GC heap after
{Heap after GC invocations=85 (full 0):
 garbage-first heap   total 287744K, used 214016K [0x0000000080000000, 0x0000000100000000)
  region size 1024K, 4 young (4096K), 4 survivors (4096K)
 Metaspace       used 111437K, capacity 114033K, committed 114256K, reserved 1148928K
  class space    used 13818K, capacity 14757K, committed 14848K, reserved 1048576K
}
Event: 113.026 GC heap before
{Heap before GC invocations=85 (full 0):
 garbage-first heap   total 287744K, used 234496K [0x0000000080000000, 0x0000000100000000)
  region size 1024K, 24 young (24576K), 4 survivors (4096K)
 Metaspace       used 111442K, capacity 114034K, committed 114256K, reserved 1148928K
  class space    used 13818K, capacity 14757K, committed 14848K, reserved 1048576K
}
Event: 113.074 GC heap after
{Heap after GC invocations=86 (full 0):
 garbage-first heap   total 287744K, used 224768K [0x0000000080000000, 0x0000000100000000)
  region size 1024K, 3 young (3072K), 3 survivors (3072K)
 Metaspace       used 111442K, capacity 114034K, committed 114256K, reserved 1148928K
  class space    used 13818K, capacity 14757K, committed 14848K, reserved 1048576K
}
Event: 115.076 GC heap before
{Heap before GC invocations=86 (full 0):
 garbage-first heap   total 287744K, used 240128K [0x0000000080000000, 0x0000000100000000)
  region size 1024K, 18 young (18432K), 3 survivors (3072K)
 Metaspace       used 111442K, capacity 114034K, committed 114256K, reserved 1148928K
  class space    used 13818K, capacity 14757K, committed 14848K, reserved 1048576K
}

Deoptimization events (20 events):
Event: 112.616 Thread 0x000002b85cd61800 Uncommon trap: trap_request=0xffffffbe fr.pc=0x000002b84a2c40bc relative=0x0000000000006c1c
Event: 112.616 Thread 0x000002b85cd61800 Uncommon trap: reason=profile_predicate action=maybe_recompile pc=0x000002b84a2c40bc method=com.android.tools.r8.dex.i.a(I[Lcom/android/tools/r8/internal/xh;[Lcom/android/tools/r8/internal/yh;Z)[Lcom/android/tools/r8/graph/n0; @ 643 c2
Event: 112.616 Thread 0x000002b85cd61800 DEOPT PACKING pc=0x000002b84a2c40bc sp=0x000000d298aff070
Event: 112.616 Thread 0x000002b85cd61800 DEOPT UNPACKING pc=0x000002b841daa1a9 sp=0x000000d298aff070 mode 2
Event: 112.657 Thread 0x000002b85cd60000 DEOPT PACKING pc=0x000002b84279d6a6 sp=0x000000d298bfe830
Event: 112.657 Thread 0x000002b85cd60000 DEOPT UNPACKING pc=0x000002b841daa93f sp=0x000000d298bfdcf0 mode 0
Event: 112.788 Thread 0x000002b85cd60000 DEOPT PACKING pc=0x000002b84279d6a6 sp=0x000000d298bfe860
Event: 112.788 Thread 0x000002b85cd60000 DEOPT UNPACKING pc=0x000002b841daa93f sp=0x000000d298bfdd08 mode 0
Event: 112.940 Thread 0x000002b85cd60000 DEOPT PACKING pc=0x000002b84279d6a6 sp=0x000000d298bfe850
Event: 112.940 Thread 0x000002b85cd60000 DEOPT UNPACKING pc=0x000002b841daa93f sp=0x000000d298bfdd10 mode 0
Event: 113.005 Thread 0x000002b85cd60000 DEOPT PACKING pc=0x000002b84279d6a6 sp=0x000000d298bfe830
Event: 113.005 Thread 0x000002b85cd60000 DEOPT UNPACKING pc=0x000002b841daa93f sp=0x000000d298bfdcf0 mode 0
Event: 113.140 Thread 0x000002b85cd61800 DEOPT PACKING pc=0x000002b84279d6a6 sp=0x000000d298afead0
Event: 113.140 Thread 0x000002b85cd61800 DEOPT UNPACKING pc=0x000002b841daa93f sp=0x000000d298afdf78 mode 0
Event: 113.231 Thread 0x000002b85cd61800 DEOPT PACKING pc=0x000002b84276af79 sp=0x000000d298afef60
Event: 113.231 Thread 0x000002b85cd61800 DEOPT UNPACKING pc=0x000002b841daa93f sp=0x000000d298afe400 mode 0
Event: 115.069 Thread 0x000002b85cd60000 Uncommon trap: trap_request=0xffffff76 fr.pc=0x000002b84a2eb388 relative=0x0000000000006028
Event: 115.069 Thread 0x000002b85cd60000 Uncommon trap: reason=loop_limit_check action=maybe_recompile pc=0x000002b84a2eb388 method=com.android.tools.r8.internal.er.b(II)I @ 18 c2
Event: 115.069 Thread 0x000002b85cd60000 DEOPT PACKING pc=0x000002b84a2eb388 sp=0x000000d298bfe8a0
Event: 115.069 Thread 0x000002b85cd60000 DEOPT UNPACKING pc=0x000002b841daa1a9 sp=0x000000d298bfe818 mode 2

Classes redefined (0 events):
No events

Internal exceptions (20 events):
Event: 98.878 Thread 0x000002b85cd5b000 Exception <a 'sun/nio/fs/WindowsException'{0x000000008b3e8378}> (0x000000008b3e8378) thrown at [./src/hotspot/share/prims/jni.cpp, line 616]
Event: 98.878 Thread 0x000002b85cd5b000 Exception <a 'sun/nio/fs/WindowsException'{0x000000008b3e8640}> (0x000000008b3e8640) thrown at [./src/hotspot/share/prims/jni.cpp, line 616]
Event: 98.879 Thread 0x000002b85cd5b000 Exception <a 'sun/nio/fs/WindowsException'{0x000000008b3e9760}> (0x000000008b3e9760) thrown at [./src/hotspot/share/prims/jni.cpp, line 616]
Event: 98.879 Thread 0x000002b85cd5b000 Exception <a 'sun/nio/fs/WindowsException'{0x000000008b3e9a38}> (0x000000008b3e9a38) thrown at [./src/hotspot/share/prims/jni.cpp, line 616]
Event: 98.894 Thread 0x000002b85cd5b000 Exception <a 'java/lang/NoSuchMethodError'{0x000000008b2d88d0}: <clinit>> (0x000000008b2d88d0) thrown at [./src/hotspot/share/prims/jni.cpp, line 1366]
Event: 98.919 Thread 0x000002b85cd5b000 Exception <a 'java/lang/NoSuchMethodError'{0x000000008b11c650}: <clinit>> (0x000000008b11c650) thrown at [./src/hotspot/share/prims/jni.cpp, line 1366]
Event: 98.922 Thread 0x000002b85cd5b000 Exception <a 'java/lang/NoSuchMethodError'{0x000000008b130ab0}: <clinit>> (0x000000008b130ab0) thrown at [./src/hotspot/share/prims/jni.cpp, line 1366]
Event: 100.767 Thread 0x000002b85cd5a000 Exception <a 'java/lang/NoSuchMethodError'{0x000000008afd20d0}: 'void java.lang.invoke.DirectMethodHandle$Holder.invokeStatic(java.lang.Object, long)'> (0x000000008afd20d0) thrown at [./src/hotspot/share/interpreter/linkResolver.cpp, line 773]
Event: 100.770 Thread 0x000002b85cd5a000 Exception <a 'java/lang/NoSuchMethodError'{0x0000000089bcf5e0}: 'java.lang.Object java.lang.invoke.DirectMethodHandle$Holder.invokeStatic(java.lang.Object, long)'> (0x0000000089bcf5e0) thrown at [./src/hotspot/share/interpreter/linkResolver.cpp, line 773]
Event: 100.772 Thread 0x000002b85cd5a000 Exception <a 'java/lang/NoSuchMethodError'{0x0000000089bd5bd0}: 'java.lang.Object java.lang.invoke.Invokers$Holder.linkToTargetMethod(long, java.lang.Object)'> (0x0000000089bd5bd0) thrown at [./src/hotspot/share/interpreter/linkResolver.cpp, line 773]
Event: 100.806 Thread 0x000002b85cd5a000 Exception <a 'java/lang/NoSuchMethodError'{0x0000000089abb588}: 'java.lang.Object java.lang.invoke.DirectMethodHandle$Holder.invokeStaticInit(java.lang.Object, java.lang.Object, long, java.lang.Object)'> (0x0000000089abb588) thrown at [./src/hotspot/share/interpreter/linkResolver.cpp, line 773]
Event: 100.821 Thread 0x000002b85cd5a000 Exception <a 'java/lang/NoSuchMethodError'{0x0000000089ac1990}: 'java.lang.Object java.lang.invoke.DirectMethodHandle$Holder.invokeStatic(java.lang.Object, java.lang.Object, long)'> (0x0000000089ac1990) thrown at [./src/hotspot/share/interpreter/linkResolver.cpp, line 773]
Event: 100.822 Thread 0x000002b85cd5a000 Exception <a 'java/lang/NoSuchMethodError'{0x0000000089ac8158}: 'java.lang.Object java.lang.invoke.Invokers$Holder.linkToTargetMethod(java.lang.Object, long, java.lang.Object)'> (0x0000000089ac8158) thrown at [./src/hotspot/share/interpreter/linkResolver.cpp, line 773]
Event: 101.889 Thread 0x000002b85cd5a000 Exception <a 'java/lang/NoSuchMethodError'{0x000000008dccc1d8}: 'int java.lang.invoke.DirectMethodHandle$Holder.invokeSpecialIFC(java.lang.Object, java.lang.Object, java.lang.Object)'> (0x000000008dccc1d8) thrown at [./src/hotspot/share/interpreter/linkResolver.cpp, line 773]
Event: 104.836 Thread 0x000002b85cd65800 Exception <a 'sun/nio/fs/WindowsException'{0x000000008de2e138}> (0x000000008de2e138) thrown at [./src/hotspot/share/prims/jni.cpp, line 616]
Event: 104.955 Thread 0x000002b85cd65800 Exception <a 'java/lang/NoSuchMethodError'{0x000000008dde6b08}: 'java.lang.Object java.lang.invoke.DirectMethodHandle$Holder.newInvokeSpecial(java.lang.Object, int)'> (0x000000008dde6b08) thrown at [./src/hotspot/share/interpreter/linkResolver.cpp, line 773]
Event: 105.290 Thread 0x000002b85cd65800 Exception <a 'java/lang/NoSuchMethodError'{0x000000008d635078}: 'java.lang.Object java.lang.invoke.DirectMethodHandle$Holder.invokeStaticInit(java.lang.Object, java.lang.Object, java.lang.Object, java.lang.Object, java.lang.Object, java.lang.Object, java.lang.Object, java.lang.Object, java.lang.Object, java.lang.Object, java.lang.Object, java.lang.Object, java.lang.Object, java.lang.Object, java.lang.Object, java.lang.Object, java.lang.Object, java.lang.Object, int, java.lang.Object, java.lang.Object)'> (0
Event: 107.655 Thread 0x000002b85cd60000 Exception <a 'java/lang/IncompatibleClassChangeError'{0x0000000090f659b0}: Found class java.lang.Object, but interface was expected> (0x0000000090f659b0) thrown at [./src/hotspot/share/interpreter/linkResolver.cpp, line 839]
Event: 107.682 Thread 0x000002b85cd60000 Exception <a 'java/lang/IncompatibleClassChangeError'{0x0000000090f85500}: Found class java.lang.Object, but interface was expected> (0x0000000090f85500) thrown at [./src/hotspot/share/interpreter/linkResolver.cpp, line 839]
Event: 107.683 Thread 0x000002b85cd60000 Exception <a 'java/lang/IncompatibleClassChangeError'{0x0000000090f8b090}: Found class java.lang.Object, but interface was expected> (0x0000000090f8b090) thrown at [./src/hotspot/share/interpreter/linkResolver.cpp, line 839]

Events (20 events):
Event: 109.236 loading class com/android/tools/r8/internal/pG
Event: 109.236 loading class com/android/tools/r8/internal/pG done
Event: 110.125 Executing VM operation: G1CollectForAllocation
Event: 110.207 Executing VM operation: G1CollectForAllocation done
Event: 111.281 loading class com/android/tools/r8/internal/Ze
Event: 111.281 loading class com/android/tools/r8/internal/Ze done
Event: 111.516 loading class com/android/tools/r8/graph/a0$a
Event: 111.516 loading class com/android/tools/r8/graph/a0$a done
Event: 111.516 loading class com/android/tools/r8/graph/a0$a
Event: 111.516 loading class com/android/tools/r8/graph/a0$a done
Event: 111.517 loading class com/android/tools/r8/dex/i
Event: 111.517 loading class com/android/tools/r8/dex/i done
Event: 111.587 Executing VM operation: RevokeBias
Event: 111.588 Executing VM operation: RevokeBias done
Event: 111.588 Thread 0x000002b858e8e000 Thread exited: 0x000002b858e8e000
Event: 112.083 Executing VM operation: G1CollectForAllocation
Event: 112.216 Executing VM operation: G1CollectForAllocation done
Event: 113.010 Executing VM operation: G1CollectForAllocation
Event: 113.074 Executing VM operation: G1CollectForAllocation done
Event: 115.074 Executing VM operation: G1CollectForAllocation


Dynamic libraries:
0x00007ff748870000 - 0x00007ff74887a000 	C:\Program Files\Android\Android Studio\jre\bin\java.exe
0x00007ffc88f50000 - 0x00007ffc89148000 	C:\Windows\SYSTEM32\ntdll.dll
0x00007ffc87e10000 - 0x00007ffc87ecf000 	C:\Windows\System32\KERNEL32.DLL
0x00007ffc867f0000 - 0x00007ffc86ac2000 	C:\Windows\System32\KERNELBASE.dll
0x00007ffc86e90000 - 0x00007ffc86f90000 	C:\Windows\System32\ucrtbase.dll
0x00007ffc811d0000 - 0x00007ffc811e9000 	C:\Program Files\Android\Android Studio\jre\bin\jli.dll
0x00007ffc7b090000 - 0x00007ffc7b0a7000 	C:\Program Files\Android\Android Studio\jre\bin\VCRUNTIME140.dll
0x00007ffc88110000 - 0x00007ffc882b1000 	C:\Windows\System32\USER32.dll
0x00007ffc86cf0000 - 0x00007ffc86d12000 	C:\Windows\System32\win32u.dll
0x00007ffc7cc40000 - 0x00007ffc7ceda000 	C:\Windows\WinSxS\amd64_microsoft.windows.common-controls_6595b64144ccf1df_6.0.19041.1110_none_60b5254171f9507e\COMCTL32.dll
0x00007ffc87a80000 - 0x00007ffc87aab000 	C:\Windows\System32\GDI32.dll
0x00007ffc878b0000 - 0x00007ffc8794e000 	C:\Windows\System32\msvcrt.dll
0x00007ffc866e0000 - 0x00007ffc867ef000 	C:\Windows\System32\gdi32full.dll
0x00007ffc86640000 - 0x00007ffc866dd000 	C:\Windows\System32\msvcp_win.dll
0x00007ffc87ed0000 - 0x00007ffc87f02000 	C:\Windows\System32\IMM32.DLL
0x00007ffc733d0000 - 0x00007ffc7346d000 	C:\Program Files\Android\Android Studio\jre\bin\msvcp140.dll
0x00007ffc2daf0000 - 0x00007ffc2e5f2000 	C:\Program Files\Android\Android Studio\jre\bin\server\jvm.dll
0x00007ffc87d60000 - 0x00007ffc87e0e000 	C:\Windows\System32\ADVAPI32.dll
0x00007ffc87fa0000 - 0x00007ffc8803c000 	C:\Windows\System32\sechost.dll
0x00007ffc88d30000 - 0x00007ffc88e55000 	C:\Windows\System32\RPCRT4.dll
0x00007ffc87ad0000 - 0x00007ffc87ad8000 	C:\Windows\System32\PSAPI.DLL
0x00007ffc834e0000 - 0x00007ffc834e9000 	C:\Windows\SYSTEM32\WSOCK32.dll
0x00007ffc87b40000 - 0x00007ffc87bab000 	C:\Windows\System32\WS2_32.dll
0x00007ffc7cef0000 - 0x00007ffc7cf17000 	C:\Windows\SYSTEM32\WINMM.dll
0x00007ffc7d030000 - 0x00007ffc7d03a000 	C:\Windows\SYSTEM32\VERSION.dll
0x00007ffc84520000 - 0x00007ffc84532000 	C:\Windows\SYSTEM32\kernel.appcore.dll
0x00007ffc82300000 - 0x00007ffc82311000 	C:\Program Files\Android\Android Studio\jre\bin\verify.dll
0x00007ffc79940000 - 0x00007ffc79b24000 	C:\Windows\SYSTEM32\DBGHELP.DLL
0x00007ffc79900000 - 0x00007ffc79935000 	C:\Windows\SYSTEM32\dbgcore.DLL
0x00007ffc86c30000 - 0x00007ffc86cb2000 	C:\Windows\System32\bcryptPrimitives.dll
0x00007ffc7af30000 - 0x00007ffc7af59000 	C:\Program Files\Android\Android Studio\jre\bin\java.dll
0x00007ffc834b0000 - 0x00007ffc834bb000 	C:\Program Files\Android\Android Studio\jre\bin\jimage.dll
0x00007ffc7adc0000 - 0x00007ffc7add8000 	C:\Program Files\Android\Android Studio\jre\bin\zip.dll
0x00007ffc88500000 - 0x00007ffc88c44000 	C:\Windows\System32\SHELL32.dll
0x00007ffc84720000 - 0x00007ffc84eb2000 	C:\Windows\SYSTEM32\windows.storage.dll
0x00007ffc86f90000 - 0x00007ffc872e5000 	C:\Windows\System32\combase.dll
0x00007ffc860a0000 - 0x00007ffc860d0000 	C:\Windows\SYSTEM32\Wldp.dll
0x00007ffc88e60000 - 0x00007ffc88f0d000 	C:\Windows\System32\SHCORE.dll
0x00007ffc88c50000 - 0x00007ffc88ca5000 	C:\Windows\System32\shlwapi.dll
0x00007ffc86580000 - 0x00007ffc8659f000 	C:\Windows\SYSTEM32\profapi.dll
0x00007ffc7ada0000 - 0x00007ffc7adba000 	C:\Program Files\Android\Android Studio\jre\bin\net.dll
0x00007ffc7cf20000 - 0x00007ffc7d02c000 	C:\Windows\SYSTEM32\WINHTTP.dll
0x00007ffc85d90000 - 0x00007ffc85dfa000 	C:\Windows\system32\mswsock.dll
0x00007ffc7ad80000 - 0x00007ffc7ad94000 	C:\Program Files\Android\Android Studio\jre\bin\nio.dll
0x00007ffc74090000 - 0x00007ffc740b7000 	C:\Users\Me\.gradle\native\e1d6ef7f7dcc3fd88c89a11ec53ec762bb8ba0a96d01ffa2cd45eb1d1d8dd5c5\windows-amd64\native-platform.dll
0x00007ffc68540000 - 0x00007ffc68684000 	C:\Users\Me\.gradle\native\0d407fdbe67a94daf76414ababcb853783967236a71b16ec16e742cd7a986fd3\windows-amd64\native-platform-file-events.dll
0x00007ffc822f0000 - 0x00007ffc822fa000 	C:\Program Files\Android\Android Studio\jre\bin\management.dll
0x00007ffc7af20000 - 0x00007ffc7af2d000 	C:\Program Files\Android\Android Studio\jre\bin\management_ext.dll
0x00007ffc85f80000 - 0x00007ffc85f98000 	C:\Windows\SYSTEM32\CRYPTSP.dll
0x00007ffc85640000 - 0x00007ffc85674000 	C:\Windows\system32\rsaenh.dll
0x00007ffc86cc0000 - 0x00007ffc86ce7000 	C:\Windows\System32\bcrypt.dll
0x00007ffc86500000 - 0x00007ffc8652e000 	C:\Windows\SYSTEM32\USERENV.dll
0x00007ffc85fa0000 - 0x00007ffc85fac000 	C:\Windows\SYSTEM32\CRYPTBASE.dll
0x00007ffc85a10000 - 0x00007ffc85a4b000 	C:\Windows\SYSTEM32\IPHLPAPI.DLL
0x00007ffc884f0000 - 0x00007ffc884f8000 	C:\Windows\System32\NSI.dll
0x00007ffc7f790000 - 0x00007ffc7f7a7000 	C:\Windows\SYSTEM32\dhcpcsvc6.DLL
0x00007ffc7f770000 - 0x00007ffc7f78d000 	C:\Windows\SYSTEM32\dhcpcsvc.DLL
0x00007ffc85a50000 - 0x00007ffc85b1a000 	C:\Windows\SYSTEM32\DNSAPI.dll
0x00007ffc85760000 - 0x00007ffc85793000 	C:\Windows\SYSTEM32\ntmarta.dll

dbghelp: loaded successfully - version: 4.0.5 - missing functions: none
symbol engine: initialized successfully - sym options: 0x614 - pdb path: .;C:\Program Files\Android\Android Studio\jre\bin;C:\Windows\SYSTEM32;C:\Windows\WinSxS\amd64_microsoft.windows.common-controls_6595b64144ccf1df_6.0.19041.1110_none_60b5254171f9507e;C:\Program Files\Android\Android Studio\jre\bin\server;C:\Users\Me\.gradle\native\e1d6ef7f7dcc3fd88c89a11ec53ec762bb8ba0a96d01ffa2cd45eb1d1d8dd5c5\windows-amd64;C:\Users\Me\.gradle\native\0d407fdbe67a94daf76414ababcb853783967236a71b16ec16e742cd7a986fd3\windows-amd64

VM Arguments:
jvm_args: --add-opens=java.base/java.util=ALL-UNNAMED --add-opens=java.base/java.lang=ALL-UNNAMED --add-opens=java.base/java.lang.invoke=ALL-UNNAMED --add-opens=java.base/java.util=ALL-UNNAMED --add-opens=java.prefs/java.util.prefs=ALL-UNNAMED --add-opens=java.prefs/java.util.prefs=ALL-UNNAMED --add-opens=java.base/java.nio.charset=ALL-UNNAMED --add-opens=java.base/java.net=ALL-UNNAMED --add-opens=java.base/java.util.concurrent.atomic=ALL-UNNAMED -Xmx2048m -Dfile.encoding=UTF-8 -Duser.country=PH -Duser.language=en -Duser.variant 
java_command: org.gradle.launcher.daemon.bootstrap.GradleDaemon 7.4
java_class_path (initial): C:\Users\Me\.gradle\wrapper\dists\gradle-7.4-bin\c0gwcg53nkjbqw7r0h0umtfvt\gradle-7.4\lib\gradle-launcher-7.4.jar
Launcher Type: SUN_STANDARD

[Global flags]
     intx CICompilerCount                          = 2                                         {product} {ergonomic}
     uint ConcGCThreads                            = 1                                         {product} {ergonomic}
     uint G1ConcRefinementThreads                  = 2                                         {product} {ergonomic}
   size_t G1HeapRegionSize                         = 1048576                                   {product} {ergonomic}
    uintx GCDrainStackTargetSize                   = 64                                        {product} {ergonomic}
   size_t InitialHeapSize                          = 67108864                                  {product} {ergonomic}
   size_t MarkStackSize                            = 4194304                                   {product} {ergonomic}
   size_t MaxHeapSize                              = 2147483648                                {product} {command line}
   size_t MaxNewSize                               = 1287651328                                {product} {ergonomic}
   size_t MinHeapDeltaBytes                        = 1048576                                   {product} {ergonomic}
    uintx NonNMethodCodeHeapSize                   = 5825164                                {pd product} {ergonomic}
    uintx NonProfiledCodeHeapSize                  = 122916538                              {pd product} {ergonomic}
    uintx ProfiledCodeHeapSize                     = 122916538                              {pd product} {ergonomic}
    uintx ReservedCodeCacheSize                    = 251658240                              {pd product} {ergonomic}
     bool SegmentedCodeCache                       = true                                      {product} {ergonomic}
     bool UseCompressedClassPointers               = true                                 {lp64_product} {ergonomic}
     bool UseCompressedOops                        = true                                 {lp64_product} {ergonomic}
     bool UseG1GC                                  = true                                      {product} {ergonomic}
     bool UseLargePagesIndividualAllocation        = false                                  {pd product} {ergonomic}

Logging:
Log output configuration:
 #0: stdout all=warning uptime,level,tags
 #1: stderr all=off uptime,level,tags

Environment Variables:
PATH=C:\Windows\system32;C:\Windows;C:\Windows\System32\Wbem;C:\Windows\System32\WindowsPowerShell\v1.0\;C:\Windows\System32\OpenSSH\;C:\Program Files\Git\cmd;C:\Users\Me\AppData\Local\Microsoft\WindowsApps;
USERNAME=Me
OS=Windows_NT
PROCESSOR_IDENTIFIER=Intel64 Family 6 Model 23 Stepping 10, GenuineIntel



---------------  S Y S T E M  ---------------

OS: Windows 10 , 64 bit Build 19041 (10.0.19041.2364)
OS uptime: 0 days 2:56 hours

CPU:total 2 (initial active 2) (2 cores per cpu, 1 threads per core) family 6 model 23 stepping 10 microcode 0xa0c, cmov, cx8, fxsr, mmx, sse, sse2, sse3, ssse3, tsc

Memory: 4k page, system-wide physical 4095M (241M free)
TotalPageFile size 16383M (AvailPageFile size 37M)
current process WorkingSet (physical memory assigned to process): 487M, peak: 490M
current process commit charge ("private bytes"): 625M, peak: 757M

vm_info: OpenJDK 64-Bit Server VM (11.0.13+0-b1751.21-8125866) for windows-amd64 JRE (11.0.13+0-b1751.21-8125866), built on Feb  2 2022 03:00:22 by "builder" with MS VC++ 14.0 (VS2015)

END.
