#
# There is insufficient memory for the Java Runtime Environment to continue.
# Native memory allocation (mmap) failed to map 146800640 bytes for Failed to commit area from 0x0000000094200000 to 0x000000009ce00000 of length 146800640.
# Possible reasons:
#   The system is out of physical RAM or swap space
#   The process is running with CompressedOops enabled, and the Java Heap may be blocking the growth of the native heap
# Possible solutions:
#   Reduce memory load on the system
#   Increase physical memory or swap space
#   Check if swap backing store is full
#   Decrease Java heap size (-Xmx/-Xms)
#   Decrease number of Java threads
#   Decrease Java thread stack sizes (-Xss)
#   Set larger code cache with -XX:ReservedCodeCacheSize=
#   JVM is running with Unscaled Compressed Oops mode in which the Java heap is
#     placed in the first 4GB address space. The Java Heap base address is the
#     maximum limit for the native heap growth. Please use -XX:HeapBaseMinAddress
#     to set the Java Heap base and to place the Java Heap above 4GB virtual address.
# This output file may be truncated or incomplete.
#
#  Out of Memory Error (./src/hotspot/os/windows/os_windows.cpp:3619), pid=7212, tid=5712
#
# JRE version: OpenJDK Runtime Environment (11.0.13) (build 11.0.13+0-b1751.21-8125866)
# Java VM: OpenJDK 64-Bit Server VM (11.0.13+0-b1751.21-8125866, mixed mode, tiered, compressed oops, g1 gc, windows-amd64)
# No core dump will be written. Minidumps are not enabled by default on client versions of Windows
#

---------------  S U M M A R Y ------------

Command Line: --add-opens=java.base/java.util=ALL-UNNAMED --add-opens=java.base/java.lang=ALL-UNNAMED --add-opens=java.base/java.lang.invoke=ALL-UNNAMED --add-opens=java.base/java.util=ALL-UNNAMED --add-opens=java.prefs/java.util.prefs=ALL-UNNAMED --add-opens=java.prefs/java.util.prefs=ALL-UNNAMED --add-opens=java.base/java.nio.charset=ALL-UNNAMED --add-opens=java.base/java.net=ALL-UNNAMED --add-opens=java.base/java.util.concurrent.atomic=ALL-UNNAMED -Xmx2048m -Dfile.encoding=UTF-8 -Duser.country=PH -Duser.language=en -Duser.variant org.gradle.launcher.daemon.bootstrap.GradleDaemon 7.4

Host: Pentium(R) Dual-Core  CPU      E6600  @ 3.06GHz, 2 cores, 3G,  Windows 10 , 64 bit Build 19041 (10.0.19041.2364)
Time: Tue Dec 20 09:43:32 2022 Malay Peninsula Standard Time elapsed time: 53.677776 seconds (0d 0h 0m 53s)

---------------  T H R E A D  ---------------

Current thread (0x00000281c811c800):  VMThread "VM Thread" [stack: 0x000000e455c00000,0x000000e455d00000] [id=5712]

Stack: [0x000000e455c00000,0x000000e455d00000]
[error occurred during error reporting (printing stack bounds), id 0xc0000005, EXCEPTION_ACCESS_VIOLATION (0xc0000005) at pc=0x00000281b1d9113d]

Native frames: (J=compiled Java code, j=interpreted, Vv=VM code, C=native code)
V  [jvm.dll+0x6100fa]
V  [jvm.dll+0x747090]
V  [jvm.dll+0x7486ad]
V  [jvm.dll+0x748ce5]
V  [jvm.dll+0x748c9b]
V  [jvm.dll+0x60f224]
V  [jvm.dll+0x60f9b8]
C  [ntdll.dll+0xa241f]
C  [ntdll.dll+0x514a4]
C  [ntdll.dll+0xa0f4e]
C  0x00000281b1d9113d

VM_Operation (0x000000e45a3fe890): G1CollectForAllocation, mode: safepoint, requested by thread 0x00000281cf8d1800


---------------  P R O C E S S  ---------------

Threads class SMR info:
_java_thread_list=0x00000281cb94a880, length=68, elements={
0x00000281ae26c800, 0x00000281c811f000, 0x00000281c8124800, 0x00000281c812c000,
0x00000281c817f800, 0x00000281c8180800, 0x00000281c8185000, 0x00000281c818a800,
0x00000281c818f800, 0x00000281c8bef800, 0x00000281ca3ef000, 0x00000281c9dfb800,
0x00000281c8f0a800, 0x00000281cb443800, 0x00000281ca041800, 0x00000281cb4e0800,
0x00000281c9093000, 0x00000281cb5e5000, 0x00000281cb5e6000, 0x00000281ca515800,
0x00000281c96f1800, 0x00000281c96ec800, 0x00000281c96ee800, 0x00000281c96f0000,
0x00000281c96f2800, 0x00000281c96f3800, 0x00000281c96f1000, 0x00000281c96ed800,
0x00000281c96ef000, 0x00000281c9f94800, 0x00000281c9f92000, 0x00000281c9f94000,
0x00000281c9f8f800, 0x00000281c9f91800, 0x00000281c9f96000, 0x00000281c9f90800,
0x00000281c9f97000, 0x00000281c9f98000, 0x00000281c9f98800, 0x00000281c9f93000,
0x00000281c9f9b000, 0x00000281c9f9a800, 0x00000281c9f99800, 0x00000281c9f9c800,
0x00000281c9f9e800, 0x00000281c9f9c000, 0x00000281c9f9d800, 0x00000281cd5e5800,
0x00000281cd5e7000, 0x00000281cd5e3000, 0x00000281cd5e3800, 0x00000281cd5e4800,
0x00000281cd5e6000, 0x00000281cd5e1800, 0x00000281cd5e8000, 0x00000281cd5e2000,
0x00000281cd5ec800, 0x00000281cd5ec000, 0x00000281cd5ed800, 0x00000281cd5e8800,
0x00000281cd5ef000, 0x00000281cd5f0000, 0x00000281cd5ea800, 0x00000281cd5eb000,
0x00000281cf8d3000, 0x00000281cf8d0000, 0x00000281cf8ce800, 0x00000281cf8d1800
}

Java Threads: ( => current thread )
  0x00000281ae26c800 JavaThread "main" [_thread_blocked, id=6520, stack(0x000000e455600000,0x000000e455700000)]
  0x00000281c811f000 JavaThread "Reference Handler" daemon [_thread_blocked, id=2104, stack(0x000000e455d00000,0x000000e455e00000)]
  0x00000281c8124800 JavaThread "Finalizer" daemon [_thread_blocked, id=6048, stack(0x000000e455e00000,0x000000e455f00000)]
  0x00000281c812c000 JavaThread "Signal Dispatcher" daemon [_thread_blocked, id=7796, stack(0x000000e455f00000,0x000000e456000000)]
  0x00000281c817f800 JavaThread "Attach Listener" daemon [_thread_blocked, id=6564, stack(0x000000e456000000,0x000000e456100000)]
  0x00000281c8180800 JavaThread "Service Thread" daemon [_thread_blocked, id=1628, stack(0x000000e456100000,0x000000e456200000)]
  0x00000281c8185000 JavaThread "C2 CompilerThread0" daemon [_thread_blocked, id=5932, stack(0x000000e456200000,0x000000e456300000)]
  0x00000281c818a800 JavaThread "C1 CompilerThread0" daemon [_thread_blocked, id=9736, stack(0x000000e456300000,0x000000e456400000)]
  0x00000281c818f800 JavaThread "Sweeper thread" daemon [_thread_blocked, id=1268, stack(0x000000e456400000,0x000000e456500000)]
  0x00000281c8bef800 JavaThread "Common-Cleaner" daemon [_thread_blocked, id=10068, stack(0x000000e456500000,0x000000e456600000)]
  0x00000281ca3ef000 JavaThread "Daemon health stats" [_thread_blocked, id=7456, stack(0x000000e456800000,0x000000e456900000)]
  0x00000281c9dfb800 JavaThread "Incoming local TCP Connector on port 64640" [_thread_in_native, id=5576, stack(0x000000e456900000,0x000000e456a00000)]
  0x00000281c8f0a800 JavaThread "Daemon" [_thread_blocked, id=9060, stack(0x000000e456a00000,0x000000e456b00000)]
  0x00000281cb443800 JavaThread "Handler for socket connection from /127.0.0.1:64640 to /127.0.0.1:64641" [_thread_in_native, id=1540, stack(0x000000e456b00000,0x000000e456c00000)]
  0x00000281ca041800 JavaThread "Daemon periodic checks" [_thread_blocked, id=5888, stack(0x000000e456c00000,0x000000e456d00000)]
  0x00000281cb4e0800 JavaThread "Cancel handler" [_thread_blocked, id=6292, stack(0x000000e456d00000,0x000000e456e00000)]
  0x00000281c9093000 JavaThread "Daemon worker" [_thread_blocked, id=4340, stack(0x000000e456e00000,0x000000e456f00000)]
  0x00000281cb5e5000 JavaThread "Asynchronous log dispatcher for DefaultDaemonConnection: socket connection from /127.0.0.1:64640 to /127.0.0.1:64641" [_thread_blocked, id=320, stack(0x000000e456f00000,0x000000e457000000)]
  0x00000281cb5e6000 JavaThread "Stdin handler" [_thread_blocked, id=4060, stack(0x000000e457000000,0x000000e457100000)]
  0x00000281ca515800 JavaThread "Daemon client event forwarder" [_thread_blocked, id=1944, stack(0x000000e457100000,0x000000e457200000)]
  0x00000281c96f1800 JavaThread "Cache worker for journal cache (C:\Users\Me\.gradle\caches\journal-1)" [_thread_blocked, id=2652, stack(0x000000e457200000,0x000000e457300000)]
  0x00000281c96ec800 JavaThread "File lock request listener" [_thread_in_native, id=8348, stack(0x000000e457300000,0x000000e457400000)]
  0x00000281c96ee800 JavaThread "Cache worker for file hash cache (C:\Users\Me\.gradle\caches\7.4\fileHashes)" [_thread_blocked, id=6892, stack(0x000000e457400000,0x000000e457500000)]
  0x00000281c96f0000 JavaThread "File watcher server" daemon [_thread_blocked, id=7652, stack(0x000000e457500000,0x000000e457600000)]
  0x00000281c96f2800 JavaThread "File watcher consumer" daemon [_thread_blocked, id=5900, stack(0x000000e457600000,0x000000e457700000)]
  0x00000281c96f3800 JavaThread "Cache worker for checksums cache (C:\Users\Me\AndroidStudioProjects\SADCC\.gradle\7.4\checksums)" [_thread_blocked, id=7412, stack(0x000000e457700000,0x000000e457800000)]
  0x00000281c96f1000 JavaThread "Cache worker for cache directory md-rule (C:\Users\Me\.gradle\caches\7.4\md-rule)" [_thread_blocked, id=8776, stack(0x000000e457800000,0x000000e457900000)]
  0x00000281c96ed800 JavaThread "Cache worker for file hash cache (C:\Users\Me\AndroidStudioProjects\SADCC\.gradle\7.4\fileHashes)" [_thread_blocked, id=4792, stack(0x000000e457900000,0x000000e457a00000)]
  0x00000281c96ef000 JavaThread "Cache worker for cache directory md-supplier (C:\Users\Me\.gradle\caches\7.4\md-supplier)" [_thread_blocked, id=9792, stack(0x000000e457a00000,0x000000e457b00000)]
  0x00000281c9f94800 JavaThread "Cache worker for execution history cache (C:\Users\Me\.gradle\caches\7.4\executionHistory)" [_thread_blocked, id=880, stack(0x000000e457b00000,0x000000e457c00000)]
  0x00000281c9f92000 JavaThread "jar transforms" [_thread_blocked, id=4452, stack(0x000000e457c00000,0x000000e457d00000)]
  0x00000281c9f94000 JavaThread "Cache worker for file content cache (C:\Users\Me\.gradle\caches\7.4\fileContent)" [_thread_blocked, id=3804, stack(0x000000e457d00000,0x000000e457e00000)]
  0x00000281c9f8f800 JavaThread "jar transforms Thread 2" [_thread_blocked, id=4528, stack(0x000000e457e00000,0x000000e457f00000)]
  0x00000281c9f91800 JavaThread "Cache worker for dependencies-accessors (C:\Users\Me\AndroidStudioProjects\SADCC\.gradle\7.4\dependencies-accessors)" [_thread_blocked, id=10132, stack(0x000000e457f00000,0x000000e458000000)]
  0x00000281c9f96000 JavaThread "Cache worker for Build Output Cleanup Cache (C:\Users\Me\AndroidStudioProjects\SADCC\.gradle\buildOutputCleanup)" [_thread_blocked, id=8136, stack(0x000000e458000000,0x000000e458100000)]
  0x00000281c9f90800 JavaThread "Unconstrained build operations" [_thread_blocked, id=7312, stack(0x000000e458100000,0x000000e458200000)]
  0x00000281c9f97000 JavaThread "Unconstrained build operations Thread 2" [_thread_blocked, id=1392, stack(0x000000e458200000,0x000000e458300000)]
  0x00000281c9f98000 JavaThread "Unconstrained build operations Thread 3" [_thread_blocked, id=4612, stack(0x000000e458300000,0x000000e458400000)]
  0x00000281c9f98800 JavaThread "Unconstrained build operations Thread 4" [_thread_blocked, id=2768, stack(0x000000e458400000,0x000000e458500000)]
  0x00000281c9f93000 JavaThread "Unconstrained build operations Thread 5" [_thread_blocked, id=5340, stack(0x000000e458500000,0x000000e458600000)]
  0x00000281c9f9b000 JavaThread "Unconstrained build operations Thread 6" [_thread_blocked, id=2600, stack(0x000000e458600000,0x000000e458700000)]
  0x00000281c9f9a800 JavaThread "Unconstrained build operations Thread 7" [_thread_blocked, id=3164, stack(0x000000e458700000,0x000000e458800000)]
  0x00000281c9f99800 JavaThread "Unconstrained build operations Thread 8" [_thread_blocked, id=9044, stack(0x000000e458800000,0x000000e458900000)]
  0x00000281c9f9c800 JavaThread "Unconstrained build operations Thread 9" [_thread_blocked, id=9380, stack(0x000000e458900000,0x000000e458a00000)]
  0x00000281c9f9e800 JavaThread "Unconstrained build operations Thread 10" [_thread_blocked, id=6948, stack(0x000000e458a00000,0x000000e458b00000)]
  0x00000281c9f9c000 JavaThread "Unconstrained build operations Thread 11" [_thread_blocked, id=5420, stack(0x000000e458b00000,0x000000e458c00000)]
  0x00000281c9f9d800 JavaThread "Unconstrained build operations Thread 12" [_thread_blocked, id=8240, stack(0x000000e458c00000,0x000000e458d00000)]
  0x00000281cd5e5800 JavaThread "Unconstrained build operations Thread 13" [_thread_blocked, id=2812, stack(0x000000e458d00000,0x000000e458e00000)]
  0x00000281cd5e7000 JavaThread "Unconstrained build operations Thread 14" [_thread_blocked, id=6348, stack(0x000000e458e00000,0x000000e458f00000)]
  0x00000281cd5e3000 JavaThread "Unconstrained build operations Thread 15" [_thread_blocked, id=3988, stack(0x000000e458f00000,0x000000e459000000)]
  0x00000281cd5e3800 JavaThread "Unconstrained build operations Thread 16" [_thread_blocked, id=7284, stack(0x000000e459000000,0x000000e459100000)]
  0x00000281cd5e4800 JavaThread "Unconstrained build operations Thread 17" [_thread_blocked, id=5836, stack(0x000000e459100000,0x000000e459200000)]
  0x00000281cd5e6000 JavaThread "Unconstrained build operations Thread 18" [_thread_blocked, id=4288, stack(0x000000e459200000,0x000000e459300000)]
  0x00000281cd5e1800 JavaThread "Unconstrained build operations Thread 19" [_thread_blocked, id=8344, stack(0x000000e459300000,0x000000e459400000)]
  0x00000281cd5e8000 JavaThread "Unconstrained build operations Thread 20" [_thread_blocked, id=5124, stack(0x000000e459400000,0x000000e459500000)]
  0x00000281cd5e2000 JavaThread "Memory manager" [_thread_blocked, id=5424, stack(0x000000e459500000,0x000000e459600000)]
  0x00000281cd5ec800 JavaThread "build event listener" [_thread_blocked, id=9592, stack(0x000000e459600000,0x000000e459700000)]
  0x00000281cd5ec000 JavaThread "included builds" [_thread_blocked, id=9064, stack(0x000000e459700000,0x000000e459800000)]
  0x00000281cd5ed800 JavaThread "Execution worker for ':'" [_thread_blocked, id=3508, stack(0x000000e459800000,0x000000e459900000)]
  0x00000281cd5e8800 JavaThread "Cache worker for execution history cache (C:\Users\Me\AndroidStudioProjects\SADCC\.gradle\7.4\executionHistory)" [_thread_blocked, id=9008, stack(0x000000e459900000,0x000000e459a00000)]
  0x00000281cd5ef000 JavaThread "WorkerExecutor Queue" [_thread_blocked, id=8116, stack(0x000000e459c00000,0x000000e459d00000)]
  0x00000281cd5f0000 JavaThread "pool-3-thread-1" [_thread_blocked, id=7368, stack(0x000000e459d00000,0x000000e459e00000)]
  0x00000281cd5ea800 JavaThread "stderr" [_thread_in_native, id=1380, stack(0x000000e459e00000,0x000000e459f00000)]
  0x00000281cd5eb000 JavaThread "stdout" [_thread_in_native, id=7832, stack(0x000000e459f00000,0x000000e45a000000)]
  0x00000281cf8d3000 JavaThread "WorkerExecutor Queue Thread 2" [_thread_blocked, id=10044, stack(0x000000e45a000000,0x000000e45a100000)]
  0x00000281cf8d0000 JavaThread "WorkerExecutor Queue Thread 3" [_thread_blocked, id=5160, stack(0x000000e45a100000,0x000000e45a200000)]
  0x00000281cf8ce800 JavaThread "ForkJoinPool-1-worker-3" daemon [_thread_blocked, id=9688, stack(0x000000e45a200000,0x000000e45a300000)]
  0x00000281cf8d1800 JavaThread "ForkJoinPool-1-worker-1" daemon [_thread_blocked, id=7828, stack(0x000000e45a300000,0x000000e45a400000)]

Other Threads:
=>0x00000281c811c800 VMThread "VM Thread" [stack: 0x000000e455c00000,0x000000e455d00000] [id=5712]
  0x00000281c8c10000 WatcherThread [stack: 0x000000e456600000,0x000000e456700000] [id=1080]
  0x00000281ae282800 GCTaskThread "GC Thread#0" [stack: 0x000000e455700000,0x000000e455800000] [id=7664]
  0x00000281c8d61000 GCTaskThread "GC Thread#1" [stack: 0x000000e456700000,0x000000e456800000] [id=912]
  0x00000281ae2b7800 ConcurrentGCThread "G1 Main Marker" [stack: 0x000000e455800000,0x000000e455900000] [id=1876]
  0x00000281ae2b8800 ConcurrentGCThread "G1 Conc#0" [stack: 0x000000e455900000,0x000000e455a00000] [id=9320]
  0x00000281ae307800 ConcurrentGCThread "G1 Refine#0" [stack: 0x000000e455a00000,0x000000e455b00000] [id=560]
  0x00000281ae308800 ConcurrentGCThread "G1 Young RemSet Sampling" [stack: 0x000000e455b00000,0x000000e455c00000] [id=3036]

Threads with active compile tasks:
C2 CompilerThread0  53695 12156 %     4       com.android.tools.r8.dex.i::a @ 310 (1036 bytes)

VM state:at safepoint (normal execution)

VM Mutex/Monitor currently owned by a thread:  ([mutex/lock_event])
[0x00000281ae267f70] Threads_lock - owner thread: 0x00000281c811c800
[0x00000281ae2686c0] Heap_lock - owner thread: 0x00000281cf8d1800

Heap address: 0x0000000080000000, size: 2048 MB, Compressed Oops mode: 32-bit
Narrow klass base: 0x0000000000000000, Narrow klass shift: 3
Compressed class space size: 1073741824 Address: 0x0000000100000000

Heap:
 garbage-first heap   total 473088K, used 248320K [0x0000000080000000, 0x0000000100000000)
  region size 1024K, 4 young (4096K), 4 survivors (4096K)
 Metaspace       used 95531K, capacity 97837K, committed 98128K, reserved 1134592K
  class space    used 12393K, capacity 13254K, committed 13312K, reserved 1048576K
Heap Regions: E=young(eden), S=young(survivor), O=old, HS=humongous(starts), HC=humongous(continues), CS=collection set, F=free, A=archive, TAMS=top-at-mark-start (previous, next)
|   0|0x0000000080000000, 0x0000000080100000, 0x0000000080100000|100%| O|  |TAMS 0x0000000080100000, 0x0000000080000000| Untracked 
|   1|0x0000000080100000, 0x0000000080200000, 0x0000000080200000|100%| O|  |TAMS 0x0000000080200000, 0x0000000080100000| Untracked 
|   2|0x0000000080200000, 0x0000000080300000, 0x0000000080300000|100%| O|  |TAMS 0x0000000080300000, 0x0000000080200000| Untracked 
|   3|0x0000000080300000, 0x0000000080400000, 0x0000000080400000|100%| O|  |TAMS 0x0000000080400000, 0x0000000080300000| Untracked 
|   4|0x0000000080400000, 0x0000000080500000, 0x0000000080500000|100%|HS|  |TAMS 0x0000000080500000, 0x0000000080400000| Complete 
|   5|0x0000000080500000, 0x0000000080600000, 0x0000000080600000|100%|HC|  |TAMS 0x0000000080600000, 0x0000000080500000| Complete 
|   6|0x0000000080600000, 0x0000000080700000, 0x0000000080700000|100%|HC|  |TAMS 0x0000000080700000, 0x0000000080600000| Complete 
|   7|0x0000000080700000, 0x0000000080800000, 0x0000000080800000|100%| O|  |TAMS 0x0000000080800000, 0x0000000080700000| Untracked 
|   8|0x0000000080800000, 0x0000000080900000, 0x0000000080900000|100%| O|  |TAMS 0x0000000080900000, 0x0000000080800000| Untracked 
|   9|0x0000000080900000, 0x0000000080a00000, 0x0000000080a00000|100%| O|  |TAMS 0x0000000080a00000, 0x0000000080900000| Untracked 
|  10|0x0000000080a00000, 0x0000000080b00000, 0x0000000080b00000|100%| O|  |TAMS 0x0000000080b00000, 0x0000000080a00000| Untracked 
|  11|0x0000000080b00000, 0x0000000080c00000, 0x0000000080c00000|100%| O|  |TAMS 0x0000000080c00000, 0x0000000080b00000| Untracked 
|  12|0x0000000080c00000, 0x0000000080d00000, 0x0000000080d00000|100%| O|  |TAMS 0x0000000080d00000, 0x0000000080c00000| Untracked 
|  13|0x0000000080d00000, 0x0000000080e00000, 0x0000000080e00000|100%| O|  |TAMS 0x0000000080e00000, 0x0000000080d00000| Untracked 
|  14|0x0000000080e00000, 0x0000000080f00000, 0x0000000080f00000|100%| O|  |TAMS 0x0000000080f00000, 0x0000000080e00000| Untracked 
|  15|0x0000000080f00000, 0x0000000081000000, 0x0000000081000000|100%| O|  |TAMS 0x0000000081000000, 0x0000000080f00000| Untracked 
|  16|0x0000000081000000, 0x0000000081100000, 0x0000000081100000|100%| O|  |TAMS 0x0000000081100000, 0x0000000081000000| Untracked 
|  17|0x0000000081100000, 0x0000000081200000, 0x0000000081200000|100%| O|  |TAMS 0x0000000081200000, 0x0000000081100000| Untracked 
|  18|0x0000000081200000, 0x0000000081300000, 0x0000000081300000|100%| O|  |TAMS 0x0000000081300000, 0x0000000081200000| Untracked 
|  19|0x0000000081300000, 0x0000000081400000, 0x0000000081400000|100%| O|  |TAMS 0x0000000081400000, 0x0000000081300000| Untracked 
|  20|0x0000000081400000, 0x0000000081500000, 0x0000000081500000|100%| O|  |TAMS 0x0000000081500000, 0x0000000081400000| Untracked 
|  21|0x0000000081500000, 0x0000000081600000, 0x0000000081600000|100%| O|  |TAMS 0x0000000081600000, 0x0000000081500000| Untracked 
|  22|0x0000000081600000, 0x0000000081700000, 0x0000000081700000|100%| O|  |TAMS 0x0000000081700000, 0x0000000081600000| Untracked 
|  23|0x0000000081700000, 0x0000000081800000, 0x0000000081800000|100%|HS|  |TAMS 0x0000000081800000, 0x0000000081700000| Complete 
|  24|0x0000000081800000, 0x0000000081900000, 0x0000000081900000|100%| O|  |TAMS 0x0000000081900000, 0x0000000081800000| Untracked 
|  25|0x0000000081900000, 0x0000000081a00000, 0x0000000081a00000|100%| O|  |TAMS 0x0000000081a00000, 0x0000000081900000| Untracked 
|  26|0x0000000081a00000, 0x0000000081b00000, 0x0000000081b00000|100%| O|  |TAMS 0x0000000081b00000, 0x0000000081a00000| Untracked 
|  27|0x0000000081b00000, 0x0000000081c00000, 0x0000000081c00000|100%| O|  |TAMS 0x0000000081c00000, 0x0000000081b00000| Untracked 
|  28|0x0000000081c00000, 0x0000000081d00000, 0x0000000081d00000|100%|HS|  |TAMS 0x0000000081d00000, 0x0000000081c00000| Complete 
|  29|0x0000000081d00000, 0x0000000081e00000, 0x0000000081e00000|100%| O|  |TAMS 0x0000000081e00000, 0x0000000081d00000| Untracked 
|  30|0x0000000081e00000, 0x0000000081f00000, 0x0000000081f00000|100%|HS|  |TAMS 0x0000000081f00000, 0x0000000081e00000| Complete 
|  31|0x0000000081f00000, 0x0000000082000000, 0x0000000082000000|100%|HC|  |TAMS 0x0000000082000000, 0x0000000081f00000| Complete 
|  32|0x0000000082000000, 0x0000000082100000, 0x0000000082100000|100%| O|  |TAMS 0x0000000082100000, 0x0000000082000000| Untracked 
|  33|0x0000000082100000, 0x0000000082200000, 0x0000000082200000|100%| O|  |TAMS 0x0000000082200000, 0x0000000082100000| Untracked 
|  34|0x0000000082200000, 0x0000000082300000, 0x0000000082300000|100%| O|  |TAMS 0x0000000082300000, 0x0000000082200000| Untracked 
|  35|0x0000000082300000, 0x0000000082400000, 0x0000000082400000|100%| O|  |TAMS 0x0000000082400000, 0x0000000082300000| Untracked 
|  36|0x0000000082400000, 0x0000000082500000, 0x0000000082500000|100%| O|  |TAMS 0x0000000082500000, 0x0000000082400000| Untracked 
|  37|0x0000000082500000, 0x0000000082600000, 0x0000000082600000|100%| O|  |TAMS 0x0000000082600000, 0x0000000082500000| Untracked 
|  38|0x0000000082600000, 0x0000000082700000, 0x0000000082700000|100%| O|  |TAMS 0x0000000082700000, 0x0000000082600000| Untracked 
|  39|0x0000000082700000, 0x0000000082800000, 0x0000000082800000|100%| O|  |TAMS 0x0000000082800000, 0x0000000082700000| Untracked 
|  40|0x0000000082800000, 0x0000000082900000, 0x0000000082900000|100%| O|  |TAMS 0x0000000082900000, 0x0000000082800000| Untracked 
|  41|0x0000000082900000, 0x0000000082a00000, 0x0000000082a00000|100%| O|  |TAMS 0x0000000082a00000, 0x0000000082900000| Untracked 
|  42|0x0000000082a00000, 0x0000000082b00000, 0x0000000082b00000|100%| O|  |TAMS 0x0000000082b00000, 0x0000000082a00000| Untracked 
|  43|0x0000000082b00000, 0x0000000082c00000, 0x0000000082c00000|100%| O|  |TAMS 0x0000000082c00000, 0x0000000082b00000| Untracked 
|  44|0x0000000082c00000, 0x0000000082d00000, 0x0000000082d00000|100%| O|  |TAMS 0x0000000082d00000, 0x0000000082c00000| Untracked 
|  45|0x0000000082d00000, 0x0000000082e00000, 0x0000000082e00000|100%| O|  |TAMS 0x0000000082e00000, 0x0000000082d00000| Untracked 
|  46|0x0000000082e00000, 0x0000000082f00000, 0x0000000082f00000|100%| O|  |TAMS 0x0000000082f00000, 0x0000000082e00000| Untracked 
|  47|0x0000000082f00000, 0x0000000083000000, 0x0000000083000000|100%| O|  |TAMS 0x0000000083000000, 0x0000000082f00000| Untracked 
|  48|0x0000000083000000, 0x0000000083100000, 0x0000000083100000|100%| O|  |TAMS 0x0000000083100000, 0x0000000083000000| Untracked 
|  49|0x0000000083100000, 0x0000000083200000, 0x0000000083200000|100%| O|  |TAMS 0x0000000083200000, 0x0000000083100000| Untracked 
|  50|0x0000000083200000, 0x0000000083300000, 0x0000000083300000|100%| O|  |TAMS 0x0000000083300000, 0x0000000083200000| Untracked 
|  51|0x0000000083300000, 0x0000000083400000, 0x0000000083400000|100%| O|  |TAMS 0x0000000083400000, 0x0000000083300000| Untracked 
|  52|0x0000000083400000, 0x0000000083500000, 0x0000000083500000|100%| O|  |TAMS 0x0000000083500000, 0x0000000083400000| Untracked 
|  53|0x0000000083500000, 0x0000000083600000, 0x0000000083600000|100%| O|  |TAMS 0x0000000083600000, 0x0000000083500000| Untracked 
|  54|0x0000000083600000, 0x0000000083700000, 0x0000000083700000|100%| O|  |TAMS 0x0000000083700000, 0x0000000083600000| Untracked 
|  55|0x0000000083700000, 0x0000000083800000, 0x0000000083800000|100%| O|  |TAMS 0x0000000083800000, 0x0000000083700000| Untracked 
|  56|0x0000000083800000, 0x0000000083900000, 0x0000000083900000|100%| O|  |TAMS 0x0000000083900000, 0x0000000083800000| Untracked 
|  57|0x0000000083900000, 0x0000000083a00000, 0x0000000083a00000|100%| O|  |TAMS 0x0000000083a00000, 0x0000000083900000| Untracked 
|  58|0x0000000083a00000, 0x0000000083b00000, 0x0000000083b00000|100%| O|  |TAMS 0x0000000083b00000, 0x0000000083a00000| Untracked 
|  59|0x0000000083b00000, 0x0000000083c00000, 0x0000000083c00000|100%| O|  |TAMS 0x0000000083c00000, 0x0000000083b00000| Untracked 
|  60|0x0000000083c00000, 0x0000000083d00000, 0x0000000083d00000|100%| O|  |TAMS 0x0000000083d00000, 0x0000000083c00000| Untracked 
|  61|0x0000000083d00000, 0x0000000083e00000, 0x0000000083e00000|100%| O|  |TAMS 0x0000000083e00000, 0x0000000083d00000| Untracked 
|  62|0x0000000083e00000, 0x0000000083f00000, 0x0000000083f00000|100%| O|  |TAMS 0x0000000083f00000, 0x0000000083e00000| Untracked 
|  63|0x0000000083f00000, 0x0000000084000000, 0x0000000084000000|100%| O|  |TAMS 0x0000000084000000, 0x0000000083f00000| Untracked 
|  64|0x0000000084000000, 0x0000000084100000, 0x0000000084100000|100%| O|  |TAMS 0x0000000084100000, 0x0000000084000000| Untracked 
|  65|0x0000000084100000, 0x0000000084200000, 0x0000000084200000|100%| O|  |TAMS 0x0000000084200000, 0x0000000084100000| Untracked 
|  66|0x0000000084200000, 0x0000000084300000, 0x0000000084300000|100%| O|  |TAMS 0x0000000084300000, 0x0000000084200000| Untracked 
|  67|0x0000000084300000, 0x0000000084400000, 0x0000000084400000|100%| O|  |TAMS 0x0000000084400000, 0x0000000084300000| Untracked 
|  68|0x0000000084400000, 0x0000000084500000, 0x0000000084500000|100%| O|  |TAMS 0x0000000084500000, 0x0000000084400000| Untracked 
|  69|0x0000000084500000, 0x0000000084600000, 0x0000000084600000|100%| O|  |TAMS 0x0000000084600000, 0x0000000084500000| Untracked 
|  70|0x0000000084600000, 0x0000000084700000, 0x0000000084700000|100%| O|  |TAMS 0x0000000084700000, 0x0000000084600000| Untracked 
|  71|0x0000000084700000, 0x0000000084800000, 0x0000000084800000|100%| O|  |TAMS 0x0000000084800000, 0x0000000084700000| Untracked 
|  72|0x0000000084800000, 0x0000000084900000, 0x0000000084900000|100%| O|  |TAMS 0x0000000084900000, 0x0000000084800000| Untracked 
|  73|0x0000000084900000, 0x0000000084a00000, 0x0000000084a00000|100%| O|  |TAMS 0x0000000084a00000, 0x0000000084900000| Untracked 
|  74|0x0000000084a00000, 0x0000000084b00000, 0x0000000084b00000|100%| O|  |TAMS 0x0000000084b00000, 0x0000000084a00000| Untracked 
|  75|0x0000000084b00000, 0x0000000084c00000, 0x0000000084c00000|100%| O|  |TAMS 0x0000000084c00000, 0x0000000084b00000| Untracked 
|  76|0x0000000084c00000, 0x0000000084d00000, 0x0000000084d00000|100%| O|  |TAMS 0x0000000084d00000, 0x0000000084c00000| Untracked 
|  77|0x0000000084d00000, 0x0000000084e00000, 0x0000000084e00000|100%| O|  |TAMS 0x0000000084e00000, 0x0000000084d00000| Untracked 
|  78|0x0000000084e00000, 0x0000000084f00000, 0x0000000084f00000|100%| O|  |TAMS 0x0000000084f00000, 0x0000000084e00000| Untracked 
|  79|0x0000000084f00000, 0x0000000085000000, 0x0000000085000000|100%| O|  |TAMS 0x0000000085000000, 0x0000000084f00000| Untracked 
|  80|0x0000000085000000, 0x0000000085100000, 0x0000000085100000|100%| O|  |TAMS 0x0000000085100000, 0x0000000085000000| Untracked 
|  81|0x0000000085100000, 0x0000000085200000, 0x0000000085200000|100%| O|  |TAMS 0x0000000085200000, 0x0000000085100000| Untracked 
|  82|0x0000000085200000, 0x0000000085300000, 0x0000000085300000|100%| O|  |TAMS 0x0000000085300000, 0x0000000085200000| Untracked 
|  83|0x0000000085300000, 0x0000000085400000, 0x0000000085400000|100%| O|  |TAMS 0x0000000085400000, 0x0000000085300000| Untracked 
|  84|0x0000000085400000, 0x0000000085500000, 0x0000000085500000|100%| O|  |TAMS 0x0000000085500000, 0x0000000085400000| Untracked 
|  85|0x0000000085500000, 0x0000000085600000, 0x0000000085600000|100%| O|  |TAMS 0x0000000085600000, 0x0000000085500000| Untracked 
|  86|0x0000000085600000, 0x0000000085700000, 0x0000000085700000|100%| O|  |TAMS 0x0000000085700000, 0x0000000085600000| Untracked 
|  87|0x0000000085700000, 0x0000000085800000, 0x0000000085800000|100%| O|  |TAMS 0x0000000085800000, 0x0000000085700000| Untracked 
|  88|0x0000000085800000, 0x0000000085900000, 0x0000000085900000|100%| O|  |TAMS 0x0000000085900000, 0x0000000085800000| Untracked 
|  89|0x0000000085900000, 0x0000000085a00000, 0x0000000085a00000|100%| O|  |TAMS 0x0000000085a00000, 0x0000000085900000| Untracked 
|  90|0x0000000085a00000, 0x0000000085b00000, 0x0000000085b00000|100%| O|  |TAMS 0x0000000085b00000, 0x0000000085a00000| Untracked 
|  91|0x0000000085b00000, 0x0000000085c00000, 0x0000000085c00000|100%|HS|  |TAMS 0x0000000085c00000, 0x0000000085b00000| Complete 
|  92|0x0000000085c00000, 0x0000000085d00000, 0x0000000085d00000|100%|HC|  |TAMS 0x0000000085d00000, 0x0000000085c00000| Complete 
|  93|0x0000000085d00000, 0x0000000085e00000, 0x0000000085e00000|100%|HS|  |TAMS 0x0000000085e00000, 0x0000000085d00000| Complete 
|  94|0x0000000085e00000, 0x0000000085f00000, 0x0000000085f00000|100%|HS|  |TAMS 0x0000000085f00000, 0x0000000085e00000| Complete 
|  95|0x0000000085f00000, 0x0000000086000000, 0x0000000086000000|100%|HS|  |TAMS 0x0000000086000000, 0x0000000085f00000| Complete 
|  96|0x0000000086000000, 0x0000000086100000, 0x0000000086100000|100%|HS|  |TAMS 0x0000000086100000, 0x0000000086000000| Complete 
|  97|0x0000000086100000, 0x0000000086200000, 0x0000000086200000|100%|HS|  |TAMS 0x0000000086200000, 0x0000000086100000| Complete 
|  98|0x0000000086200000, 0x0000000086300000, 0x0000000086300000|100%|HC|  |TAMS 0x0000000086300000, 0x0000000086200000| Complete 
|  99|0x0000000086300000, 0x0000000086400000, 0x0000000086400000|100%|HS|  |TAMS 0x0000000086400000, 0x0000000086300000| Complete 
| 100|0x0000000086400000, 0x0000000086500000, 0x0000000086500000|100%|HC|  |TAMS 0x0000000086500000, 0x0000000086400000| Complete 
| 101|0x0000000086500000, 0x0000000086600000, 0x0000000086600000|100%|HS|  |TAMS 0x0000000086600000, 0x0000000086500000| Complete 
| 102|0x0000000086600000, 0x0000000086700000, 0x0000000086700000|100%|HC|  |TAMS 0x0000000086700000, 0x0000000086600000| Complete 
| 103|0x0000000086700000, 0x0000000086800000, 0x0000000086800000|100%|HC|  |TAMS 0x0000000086800000, 0x0000000086700000| Complete 
| 104|0x0000000086800000, 0x0000000086900000, 0x0000000086900000|100%| O|  |TAMS 0x0000000086900000, 0x0000000086800000| Untracked 
| 105|0x0000000086900000, 0x0000000086a00000, 0x0000000086a00000|100%| O|  |TAMS 0x0000000086a00000, 0x0000000086900000| Untracked 
| 106|0x0000000086a00000, 0x0000000086b00000, 0x0000000086b00000|100%| O|  |TAMS 0x0000000086b00000, 0x0000000086a00000| Untracked 
| 107|0x0000000086b00000, 0x0000000086c00000, 0x0000000086c00000|100%| O|  |TAMS 0x0000000086c00000, 0x0000000086b00000| Untracked 
| 108|0x0000000086c00000, 0x0000000086d00000, 0x0000000086d00000|100%| O|  |TAMS 0x0000000086d00000, 0x0000000086c00000| Untracked 
| 109|0x0000000086d00000, 0x0000000086e00000, 0x0000000086e00000|100%| O|  |TAMS 0x0000000086e00000, 0x0000000086d00000| Untracked 
| 110|0x0000000086e00000, 0x0000000086f00000, 0x0000000086f00000|100%| O|  |TAMS 0x0000000086f00000, 0x0000000086e00000| Untracked 
| 111|0x0000000086f00000, 0x0000000087000000, 0x0000000087000000|100%| O|  |TAMS 0x0000000087000000, 0x0000000086f00000| Untracked 
| 112|0x0000000087000000, 0x0000000087100000, 0x0000000087100000|100%|HS|  |TAMS 0x0000000087100000, 0x0000000087000000| Complete 
| 113|0x0000000087100000, 0x0000000087200000, 0x0000000087200000|100%|HC|  |TAMS 0x0000000087200000, 0x0000000087100000| Complete 
| 114|0x0000000087200000, 0x0000000087300000, 0x0000000087300000|100%| O|  |TAMS 0x0000000087300000, 0x0000000087200000| Untracked 
| 115|0x0000000087300000, 0x0000000087400000, 0x0000000087400000|100%|HS|  |TAMS 0x0000000087400000, 0x0000000087300000| Complete 
| 116|0x0000000087400000, 0x0000000087500000, 0x0000000087500000|100%| O|  |TAMS 0x0000000087500000, 0x0000000087400000| Untracked 
| 117|0x0000000087500000, 0x0000000087600000, 0x0000000087600000|100%|HS|  |TAMS 0x0000000087600000, 0x0000000087500000| Complete 
| 118|0x0000000087600000, 0x0000000087700000, 0x0000000087700000|100%| O|  |TAMS 0x0000000087700000, 0x0000000087600000| Untracked 
| 119|0x0000000087700000, 0x0000000087800000, 0x0000000087800000|100%|HS|  |TAMS 0x0000000087800000, 0x0000000087700000| Complete 
| 120|0x0000000087800000, 0x0000000087900000, 0x0000000087900000|100%| O|  |TAMS 0x0000000087900000, 0x0000000087800000| Untracked 
| 121|0x0000000087900000, 0x0000000087a00000, 0x0000000087a00000|100%|HS|  |TAMS 0x0000000087a00000, 0x0000000087900000| Complete 
| 122|0x0000000087a00000, 0x0000000087b00000, 0x0000000087b00000|100%| O|  |TAMS 0x0000000087b00000, 0x0000000087a00000| Untracked 
| 123|0x0000000087b00000, 0x0000000087c00000, 0x0000000087c00000|100%| O|  |TAMS 0x0000000087c00000, 0x0000000087b00000| Untracked 
| 124|0x0000000087c00000, 0x0000000087d00000, 0x0000000087d00000|100%|HS|  |TAMS 0x0000000087d00000, 0x0000000087c00000| Complete 
| 125|0x0000000087d00000, 0x0000000087e00000, 0x0000000087e00000|100%|HS|  |TAMS 0x0000000087e00000, 0x0000000087d00000| Complete 
| 126|0x0000000087e00000, 0x0000000087f00000, 0x0000000087f00000|100%|HC|  |TAMS 0x0000000087f00000, 0x0000000087e00000| Complete 
| 127|0x0000000087f00000, 0x0000000088000000, 0x0000000088000000|100%| O|  |TAMS 0x0000000088000000, 0x0000000087f00000| Untracked 
| 128|0x0000000088000000, 0x0000000088100000, 0x0000000088100000|100%| O|  |TAMS 0x0000000088100000, 0x0000000088000000| Untracked 
| 129|0x0000000088100000, 0x0000000088200000, 0x0000000088200000|100%| O|  |TAMS 0x0000000088200000, 0x0000000088100000| Untracked 
| 130|0x0000000088200000, 0x0000000088300000, 0x0000000088300000|100%|HS|  |TAMS 0x0000000088300000, 0x0000000088200000| Complete 
| 131|0x0000000088300000, 0x0000000088400000, 0x0000000088400000|100%|HC|  |TAMS 0x0000000088400000, 0x0000000088300000| Complete 
| 132|0x0000000088400000, 0x0000000088500000, 0x0000000088500000|100%| O|  |TAMS 0x0000000088500000, 0x0000000088400000| Untracked 
| 133|0x0000000088500000, 0x0000000088600000, 0x0000000088600000|100%| O|  |TAMS 0x0000000088600000, 0x0000000088500000| Untracked 
| 134|0x0000000088600000, 0x0000000088700000, 0x0000000088700000|100%| O|  |TAMS 0x0000000088700000, 0x0000000088600000| Untracked 
| 135|0x0000000088700000, 0x0000000088800000, 0x0000000088800000|100%| O|  |TAMS 0x0000000088800000, 0x0000000088700000| Untracked 
| 136|0x0000000088800000, 0x0000000088900000, 0x0000000088900000|100%| O|  |TAMS 0x0000000088900000, 0x0000000088800000| Untracked 
| 137|0x0000000088900000, 0x0000000088a00000, 0x0000000088a00000|100%| O|  |TAMS 0x0000000088a00000, 0x0000000088900000| Untracked 
| 138|0x0000000088a00000, 0x0000000088b00000, 0x0000000088b00000|100%|HS|  |TAMS 0x0000000088b00000, 0x0000000088a00000| Complete 
| 139|0x0000000088b00000, 0x0000000088c00000, 0x0000000088c00000|100%|HC|  |TAMS 0x0000000088c00000, 0x0000000088b00000| Complete 
| 140|0x0000000088c00000, 0x0000000088d00000, 0x0000000088d00000|100%|HC|  |TAMS 0x0000000088d00000, 0x0000000088c00000| Complete 
| 141|0x0000000088d00000, 0x0000000088e00000, 0x0000000088e00000|100%| O|  |TAMS 0x0000000088e00000, 0x0000000088d00000| Untracked 
| 142|0x0000000088e00000, 0x0000000088f00000, 0x0000000088f00000|100%| O|  |TAMS 0x0000000088f00000, 0x0000000088e00000| Untracked 
| 143|0x0000000088f00000, 0x0000000089000000, 0x0000000089000000|100%| O|  |TAMS 0x0000000089000000, 0x0000000088f00000| Untracked 
| 144|0x0000000089000000, 0x0000000089100000, 0x0000000089100000|100%| O|  |TAMS 0x0000000089100000, 0x0000000089000000| Untracked 
| 145|0x0000000089100000, 0x0000000089200000, 0x0000000089200000|100%| O|  |TAMS 0x0000000089200000, 0x0000000089100000| Untracked 
| 146|0x0000000089200000, 0x0000000089300000, 0x0000000089300000|100%| O|  |TAMS 0x0000000089300000, 0x0000000089200000| Untracked 
| 147|0x0000000089300000, 0x0000000089400000, 0x0000000089400000|100%| O|  |TAMS 0x0000000089400000, 0x0000000089300000| Untracked 
| 148|0x0000000089400000, 0x0000000089500000, 0x0000000089500000|100%| O|  |TAMS 0x0000000089500000, 0x0000000089400000| Untracked 
| 149|0x0000000089500000, 0x0000000089600000, 0x0000000089600000|100%| O|  |TAMS 0x0000000089600000, 0x0000000089500000| Untracked 
| 150|0x0000000089600000, 0x0000000089700000, 0x0000000089700000|100%| O|  |TAMS 0x0000000089700000, 0x0000000089600000| Untracked 
| 151|0x0000000089700000, 0x0000000089800000, 0x0000000089800000|100%| O|  |TAMS 0x0000000089800000, 0x0000000089700000| Untracked 
| 152|0x0000000089800000, 0x0000000089900000, 0x0000000089900000|100%| O|  |TAMS 0x0000000089900000, 0x0000000089800000| Untracked 
| 153|0x0000000089900000, 0x0000000089a00000, 0x0000000089a00000|100%| O|  |TAMS 0x0000000089a00000, 0x0000000089900000| Untracked 
| 154|0x0000000089a00000, 0x0000000089b00000, 0x0000000089b00000|100%| O|  |TAMS 0x0000000089b00000, 0x0000000089a00000| Untracked 
| 155|0x0000000089b00000, 0x0000000089c00000, 0x0000000089c00000|100%| O|  |TAMS 0x0000000089c00000, 0x0000000089b00000| Untracked 
| 156|0x0000000089c00000, 0x0000000089d00000, 0x0000000089d00000|100%| O|  |TAMS 0x0000000089d00000, 0x0000000089c00000| Untracked 
| 157|0x0000000089d00000, 0x0000000089e00000, 0x0000000089e00000|100%| O|  |TAMS 0x0000000089e00000, 0x0000000089d00000| Untracked 
| 158|0x0000000089e00000, 0x0000000089f00000, 0x0000000089f00000|100%|HS|  |TAMS 0x0000000089f00000, 0x0000000089e00000| Complete 
| 159|0x0000000089f00000, 0x000000008a000000, 0x000000008a000000|100%|HC|  |TAMS 0x000000008a000000, 0x0000000089f00000| Complete 
| 160|0x000000008a000000, 0x000000008a100000, 0x000000008a100000|100%| O|  |TAMS 0x000000008a100000, 0x000000008a000000| Untracked 
| 161|0x000000008a100000, 0x000000008a200000, 0x000000008a200000|100%| O|  |TAMS 0x000000008a200000, 0x000000008a100000| Untracked 
| 162|0x000000008a200000, 0x000000008a300000, 0x000000008a300000|100%| O|  |TAMS 0x000000008a300000, 0x000000008a200000| Untracked 
| 163|0x000000008a300000, 0x000000008a400000, 0x000000008a400000|100%| O|  |TAMS 0x000000008a400000, 0x000000008a300000| Untracked 
| 164|0x000000008a400000, 0x000000008a500000, 0x000000008a500000|100%| O|  |TAMS 0x000000008a500000, 0x000000008a400000| Untracked 
| 165|0x000000008a500000, 0x000000008a600000, 0x000000008a600000|100%| O|  |TAMS 0x000000008a600000, 0x000000008a500000| Untracked 
| 166|0x000000008a600000, 0x000000008a700000, 0x000000008a700000|100%| O|  |TAMS 0x000000008a700000, 0x000000008a600000| Untracked 
| 167|0x000000008a700000, 0x000000008a800000, 0x000000008a800000|100%| O|  |TAMS 0x000000008a800000, 0x000000008a700000| Untracked 
| 168|0x000000008a800000, 0x000000008a900000, 0x000000008a900000|100%| O|  |TAMS 0x000000008a900000, 0x000000008a800000| Untracked 
| 169|0x000000008a900000, 0x000000008aa00000, 0x000000008aa00000|100%| O|  |TAMS 0x000000008aa00000, 0x000000008a900000| Untracked 
| 170|0x000000008aa00000, 0x000000008ab00000, 0x000000008ab00000|100%| O|  |TAMS 0x000000008ab00000, 0x000000008aa00000| Untracked 
| 171|0x000000008ab00000, 0x000000008ac00000, 0x000000008ac00000|100%| O|  |TAMS 0x000000008ac00000, 0x000000008ab00000| Untracked 
| 172|0x000000008ac00000, 0x000000008ad00000, 0x000000008ad00000|100%| O|  |TAMS 0x000000008ad00000, 0x000000008ac00000| Untracked 
| 173|0x000000008ad00000, 0x000000008ae00000, 0x000000008ae00000|100%| O|  |TAMS 0x000000008ae00000, 0x000000008ad00000| Untracked 
| 174|0x000000008ae00000, 0x000000008af00000, 0x000000008af00000|100%| O|  |TAMS 0x000000008af00000, 0x000000008ae00000| Untracked 
| 175|0x000000008af00000, 0x000000008b000000, 0x000000008b000000|100%| O|  |TAMS 0x000000008b000000, 0x000000008af00000| Untracked 
| 176|0x000000008b000000, 0x000000008b100000, 0x000000008b100000|100%| O|  |TAMS 0x000000008b100000, 0x000000008b000000| Untracked 
| 177|0x000000008b100000, 0x000000008b200000, 0x000000008b200000|100%| O|  |TAMS 0x000000008b200000, 0x000000008b100000| Untracked 
| 178|0x000000008b200000, 0x000000008b300000, 0x000000008b300000|100%| O|  |TAMS 0x000000008b300000, 0x000000008b200000| Untracked 
| 179|0x000000008b300000, 0x000000008b400000, 0x000000008b400000|100%| O|  |TAMS 0x000000008b400000, 0x000000008b300000| Untracked 
| 180|0x000000008b400000, 0x000000008b500000, 0x000000008b500000|100%| O|  |TAMS 0x000000008b500000, 0x000000008b400000| Untracked 
| 181|0x000000008b500000, 0x000000008b600000, 0x000000008b600000|100%| O|  |TAMS 0x000000008b600000, 0x000000008b500000| Untracked 
| 182|0x000000008b600000, 0x000000008b700000, 0x000000008b700000|100%| O|  |TAMS 0x000000008b700000, 0x000000008b600000| Untracked 
| 183|0x000000008b700000, 0x000000008b800000, 0x000000008b800000|100%| O|  |TAMS 0x000000008b800000, 0x000000008b700000| Untracked 
| 184|0x000000008b800000, 0x000000008b900000, 0x000000008b900000|100%| O|  |TAMS 0x000000008b900000, 0x000000008b800000| Untracked 
| 185|0x000000008b900000, 0x000000008ba00000, 0x000000008ba00000|100%| O|  |TAMS 0x000000008ba00000, 0x000000008b900000| Untracked 
| 186|0x000000008ba00000, 0x000000008bb00000, 0x000000008bb00000|100%| O|  |TAMS 0x000000008bb00000, 0x000000008ba00000| Untracked 
| 187|0x000000008bb00000, 0x000000008bc00000, 0x000000008bc00000|100%| O|  |TAMS 0x000000008bc00000, 0x000000008bb00000| Untracked 
| 188|0x000000008bc00000, 0x000000008bd00000, 0x000000008bd00000|100%| O|  |TAMS 0x000000008bd00000, 0x000000008bc00000| Untracked 
| 189|0x000000008bd00000, 0x000000008be00000, 0x000000008be00000|100%| O|  |TAMS 0x000000008be00000, 0x000000008bd00000| Untracked 
| 190|0x000000008be00000, 0x000000008bf00000, 0x000000008bf00000|100%| O|  |TAMS 0x000000008bf00000, 0x000000008be00000| Untracked 
| 191|0x000000008bf00000, 0x000000008c000000, 0x000000008c000000|100%| O|  |TAMS 0x000000008c000000, 0x000000008bf00000| Untracked 
| 192|0x000000008c000000, 0x000000008c100000, 0x000000008c100000|100%| O|  |TAMS 0x000000008c100000, 0x000000008c000000| Untracked 
| 193|0x000000008c100000, 0x000000008c200000, 0x000000008c200000|100%| O|  |TAMS 0x000000008c200000, 0x000000008c100000| Untracked 
| 194|0x000000008c200000, 0x000000008c300000, 0x000000008c300000|100%| O|  |TAMS 0x000000008c300000, 0x000000008c200000| Untracked 
| 195|0x000000008c300000, 0x000000008c400000, 0x000000008c400000|100%| O|  |TAMS 0x000000008c400000, 0x000000008c300000| Untracked 
| 196|0x000000008c400000, 0x000000008c500000, 0x000000008c500000|100%| O|  |TAMS 0x000000008c500000, 0x000000008c400000| Untracked 
| 197|0x000000008c500000, 0x000000008c600000, 0x000000008c600000|100%| O|  |TAMS 0x000000008c600000, 0x000000008c500000| Untracked 
| 198|0x000000008c600000, 0x000000008c700000, 0x000000008c700000|100%| O|  |TAMS 0x000000008c700000, 0x000000008c600000| Untracked 
| 199|0x000000008c700000, 0x000000008c800000, 0x000000008c800000|100%| O|  |TAMS 0x000000008c800000, 0x000000008c700000| Untracked 
| 200|0x000000008c800000, 0x000000008c900000, 0x000000008c900000|100%| O|  |TAMS 0x000000008c900000, 0x000000008c800000| Untracked 
| 201|0x000000008c900000, 0x000000008ca00000, 0x000000008ca00000|100%| O|  |TAMS 0x000000008ca00000, 0x000000008c900000| Untracked 
| 202|0x000000008ca00000, 0x000000008cb00000, 0x000000008cb00000|100%| O|  |TAMS 0x000000008cb00000, 0x000000008ca00000| Untracked 
| 203|0x000000008cb00000, 0x000000008cc00000, 0x000000008cc00000|100%| O|  |TAMS 0x000000008cc00000, 0x000000008cb00000| Untracked 
| 204|0x000000008cc00000, 0x000000008cd00000, 0x000000008cd00000|100%| O|  |TAMS 0x000000008cd00000, 0x000000008cc00000| Untracked 
| 205|0x000000008cd00000, 0x000000008ce00000, 0x000000008ce00000|100%| O|  |TAMS 0x000000008ce00000, 0x000000008cd00000| Untracked 
| 206|0x000000008ce00000, 0x000000008cf00000, 0x000000008cf00000|100%| O|  |TAMS 0x000000008cf00000, 0x000000008ce00000| Untracked 
| 207|0x000000008cf00000, 0x000000008d000000, 0x000000008d000000|100%| O|  |TAMS 0x000000008d000000, 0x000000008cf00000| Untracked 
| 208|0x000000008d000000, 0x000000008d100000, 0x000000008d100000|100%| O|  |TAMS 0x000000008d100000, 0x000000008d000000| Untracked 
| 209|0x000000008d100000, 0x000000008d200000, 0x000000008d200000|100%| O|  |TAMS 0x000000008d200000, 0x000000008d100000| Untracked 
| 210|0x000000008d200000, 0x000000008d300000, 0x000000008d300000|100%| O|  |TAMS 0x000000008d300000, 0x000000008d200000| Untracked 
| 211|0x000000008d300000, 0x000000008d400000, 0x000000008d400000|100%| O|  |TAMS 0x000000008d400000, 0x000000008d300000| Untracked 
| 212|0x000000008d400000, 0x000000008d500000, 0x000000008d500000|100%| O|  |TAMS 0x000000008d500000, 0x000000008d400000| Untracked 
| 213|0x000000008d500000, 0x000000008d600000, 0x000000008d600000|100%| O|  |TAMS 0x000000008d580000, 0x000000008d500000| Untracked 
| 214|0x000000008d600000, 0x000000008d700000, 0x000000008d700000|100%| O|  |TAMS 0x000000008d600000, 0x000000008d600000| Untracked 
| 215|0x000000008d700000, 0x000000008d800000, 0x000000008d800000|100%| O|  |TAMS 0x000000008d700000, 0x000000008d700000| Untracked 
| 216|0x000000008d800000, 0x000000008d900000, 0x000000008d900000|100%| O|  |TAMS 0x000000008d800000, 0x000000008d800000| Untracked 
| 217|0x000000008d900000, 0x000000008da00000, 0x000000008da00000|100%| O|  |TAMS 0x000000008d900000, 0x000000008d900000| Untracked 
| 218|0x000000008da00000, 0x000000008db00000, 0x000000008db00000|100%| O|  |TAMS 0x000000008da00000, 0x000000008da00000| Untracked 
| 219|0x000000008db00000, 0x000000008dc00000, 0x000000008dc00000|100%| O|  |TAMS 0x000000008db00000, 0x000000008db00000| Untracked 
| 220|0x000000008dc00000, 0x000000008dd00000, 0x000000008dd00000|100%| O|  |TAMS 0x000000008dc00000, 0x000000008dc00000| Untracked 
| 221|0x000000008dd00000, 0x000000008de00000, 0x000000008de00000|100%| O|  |TAMS 0x000000008dd00000, 0x000000008dd00000| Untracked 
| 222|0x000000008de00000, 0x000000008df00000, 0x000000008df00000|100%| O|  |TAMS 0x000000008de00000, 0x000000008de00000| Untracked 
| 223|0x000000008df00000, 0x000000008e000000, 0x000000008e000000|100%| O|  |TAMS 0x000000008df00000, 0x000000008df00000| Untracked 
| 224|0x000000008e000000, 0x000000008e100000, 0x000000008e100000|100%| O|  |TAMS 0x000000008e000000, 0x000000008e000000| Untracked 
| 225|0x000000008e100000, 0x000000008e200000, 0x000000008e200000|100%| O|  |TAMS 0x000000008e100000, 0x000000008e100000| Untracked 
| 226|0x000000008e200000, 0x000000008e300000, 0x000000008e300000|100%| O|  |TAMS 0x000000008e200000, 0x000000008e200000| Untracked 
| 227|0x000000008e300000, 0x000000008e380000, 0x000000008e400000| 50%| O|  |TAMS 0x000000008e300000, 0x000000008e300000| Untracked 
| 228|0x000000008e400000, 0x000000008e400000, 0x000000008e500000|  0%| F|  |TAMS 0x000000008e400000, 0x000000008e400000| Untracked 
| 229|0x000000008e500000, 0x000000008e500000, 0x000000008e600000|  0%| F|  |TAMS 0x000000008e500000, 0x000000008e500000| Untracked 
| 230|0x000000008e600000, 0x000000008e600000, 0x000000008e700000|  0%| F|  |TAMS 0x000000008e600000, 0x000000008e600000| Untracked 
| 231|0x000000008e700000, 0x000000008e700000, 0x000000008e800000|  0%| F|  |TAMS 0x000000008e700000, 0x000000008e700000| Untracked 
| 232|0x000000008e800000, 0x000000008e800000, 0x000000008e900000|  0%| F|  |TAMS 0x000000008e800000, 0x000000008e800000| Untracked 
| 233|0x000000008e900000, 0x000000008e900000, 0x000000008ea00000|  0%| F|  |TAMS 0x000000008e900000, 0x000000008e900000| Untracked 
| 234|0x000000008ea00000, 0x000000008eb00000, 0x000000008eb00000|100%| O|  |TAMS 0x000000008eb00000, 0x000000008ea00000| Untracked 
| 235|0x000000008eb00000, 0x000000008ec00000, 0x000000008ec00000|100%| O|  |TAMS 0x000000008ec00000, 0x000000008eb00000| Untracked 
| 236|0x000000008ec00000, 0x000000008ed00000, 0x000000008ed00000|100%| O|  |TAMS 0x000000008ed00000, 0x000000008ec00000| Untracked 
| 237|0x000000008ed00000, 0x000000008ee00000, 0x000000008ee00000|100%| O|  |TAMS 0x000000008ee00000, 0x000000008ed00000| Untracked 
| 238|0x000000008ee00000, 0x000000008ef00000, 0x000000008ef00000|100%| O|  |TAMS 0x000000008ef00000, 0x000000008ee00000| Untracked 
| 239|0x000000008ef00000, 0x000000008f000000, 0x000000008f000000|100%| O|  |TAMS 0x000000008f000000, 0x000000008ef00000| Untracked 
| 240|0x000000008f000000, 0x000000008f100000, 0x000000008f100000|100%| O|  |TAMS 0x000000008f100000, 0x000000008f000000| Untracked 
| 241|0x000000008f100000, 0x000000008f200000, 0x000000008f200000|100%| O|  |TAMS 0x000000008f200000, 0x000000008f100000| Untracked 
| 242|0x000000008f200000, 0x000000008f300000, 0x000000008f300000|100%| O|  |TAMS 0x000000008f300000, 0x000000008f200000| Untracked 
| 243|0x000000008f300000, 0x000000008f400000, 0x000000008f400000|100%| O|  |TAMS 0x000000008f400000, 0x000000008f300000| Untracked 
| 244|0x000000008f400000, 0x000000008f500000, 0x000000008f500000|100%| O|  |TAMS 0x000000008f500000, 0x000000008f400000| Untracked 
| 245|0x000000008f500000, 0x000000008f500000, 0x000000008f600000|  0%| F|  |TAMS 0x000000008f500000, 0x000000008f500000| Untracked 
| 246|0x000000008f600000, 0x000000008f600000, 0x000000008f700000|  0%| F|  |TAMS 0x000000008f600000, 0x000000008f600000| Untracked 
| 247|0x000000008f700000, 0x000000008f700000, 0x000000008f800000|  0%| F|  |TAMS 0x000000008f700000, 0x000000008f700000| Untracked 
| 248|0x000000008f800000, 0x000000008f800000, 0x000000008f900000|  0%| F|  |TAMS 0x000000008f800000, 0x000000008f800000| Untracked 
| 249|0x000000008f900000, 0x000000008f900000, 0x000000008fa00000|  0%| F|  |TAMS 0x000000008f900000, 0x000000008f900000| Untracked 
| 250|0x000000008fa00000, 0x000000008fa00000, 0x000000008fb00000|  0%| F|  |TAMS 0x000000008fa00000, 0x000000008fa00000| Untracked 
| 251|0x000000008fb00000, 0x000000008fb00000, 0x000000008fc00000|  0%| F|  |TAMS 0x000000008fb00000, 0x000000008fb00000| Untracked 
| 252|0x000000008fc00000, 0x000000008fc00000, 0x000000008fd00000|  0%| F|  |TAMS 0x000000008fc00000, 0x000000008fc00000| Untracked 
| 253|0x000000008fd00000, 0x000000008fd00000, 0x000000008fe00000|  0%| F|  |TAMS 0x000000008fd00000, 0x000000008fd00000| Untracked 
| 254|0x000000008fe00000, 0x000000008fe00000, 0x000000008ff00000|  0%| F|  |TAMS 0x000000008fe00000, 0x000000008fe00000| Untracked 
| 255|0x000000008ff00000, 0x000000008ff00000, 0x0000000090000000|  0%| F|  |TAMS 0x000000008ff00000, 0x000000008ff00000| Untracked 
| 256|0x0000000090000000, 0x0000000090000000, 0x0000000090100000|  0%| F|  |TAMS 0x0000000090000000, 0x0000000090000000| Untracked 
| 257|0x0000000090100000, 0x0000000090100000, 0x0000000090200000|  0%| F|  |TAMS 0x0000000090100000, 0x0000000090100000| Untracked 
| 258|0x0000000090200000, 0x0000000090200000, 0x0000000090300000|  0%| F|  |TAMS 0x0000000090200000, 0x0000000090200000| Untracked 
| 259|0x0000000090300000, 0x0000000090300000, 0x0000000090400000|  0%| F|  |TAMS 0x0000000090300000, 0x0000000090300000| Untracked 
| 260|0x0000000090400000, 0x0000000090400000, 0x0000000090500000|  0%| F|  |TAMS 0x0000000090400000, 0x0000000090400000| Untracked 
| 261|0x0000000090500000, 0x0000000090500000, 0x0000000090600000|  0%| F|  |TAMS 0x0000000090500000, 0x0000000090500000| Untracked 
| 262|0x0000000090600000, 0x0000000090600000, 0x0000000090700000|  0%| F|  |TAMS 0x0000000090600000, 0x0000000090600000| Untracked 
| 263|0x0000000090700000, 0x0000000090700000, 0x0000000090800000|  0%| F|  |TAMS 0x0000000090700000, 0x0000000090700000| Untracked 
| 264|0x0000000090800000, 0x0000000090800000, 0x0000000090900000|  0%| F|  |TAMS 0x0000000090800000, 0x0000000090800000| Untracked 
| 265|0x0000000090900000, 0x0000000090900000, 0x0000000090a00000|  0%| F|  |TAMS 0x0000000090900000, 0x0000000090900000| Untracked 
| 266|0x0000000090a00000, 0x0000000090a00000, 0x0000000090b00000|  0%| F|  |TAMS 0x0000000090a00000, 0x0000000090a00000| Untracked 
| 267|0x0000000090b00000, 0x0000000090b00000, 0x0000000090c00000|  0%| F|  |TAMS 0x0000000090b00000, 0x0000000090b00000| Untracked 
| 268|0x0000000090c00000, 0x0000000090c00000, 0x0000000090d00000|  0%| F|  |TAMS 0x0000000090c00000, 0x0000000090c00000| Untracked 
| 269|0x0000000090d00000, 0x0000000090d00000, 0x0000000090e00000|  0%| F|  |TAMS 0x0000000090d00000, 0x0000000090d00000| Untracked 
| 270|0x0000000090e00000, 0x0000000090e00000, 0x0000000090f00000|  0%| F|  |TAMS 0x0000000090e00000, 0x0000000090e00000| Untracked 
| 271|0x0000000090f00000, 0x0000000090f00000, 0x0000000091000000|  0%| F|  |TAMS 0x0000000090f00000, 0x0000000090f00000| Untracked 
| 272|0x0000000091000000, 0x0000000091000000, 0x0000000091100000|  0%| F|  |TAMS 0x0000000091000000, 0x0000000091000000| Untracked 
| 273|0x0000000091100000, 0x0000000091100000, 0x0000000091200000|  0%| F|  |TAMS 0x0000000091100000, 0x0000000091100000| Untracked 
| 274|0x0000000091200000, 0x0000000091200000, 0x0000000091300000|  0%| F|  |TAMS 0x0000000091200000, 0x0000000091200000| Untracked 
| 275|0x0000000091300000, 0x0000000091300000, 0x0000000091400000|  0%| F|  |TAMS 0x0000000091300000, 0x0000000091300000| Untracked 
| 276|0x0000000091400000, 0x0000000091400000, 0x0000000091500000|  0%| F|  |TAMS 0x0000000091400000, 0x0000000091400000| Untracked 
| 277|0x0000000091500000, 0x0000000091500000, 0x0000000091600000|  0%| F|  |TAMS 0x0000000091500000, 0x0000000091500000| Untracked 
| 278|0x0000000091600000, 0x0000000091600000, 0x0000000091700000|  0%| F|  |TAMS 0x0000000091600000, 0x0000000091600000| Untracked 
| 279|0x0000000091700000, 0x0000000091700000, 0x0000000091800000|  0%| F|  |TAMS 0x0000000091700000, 0x0000000091700000| Untracked 
| 280|0x0000000091800000, 0x0000000091800000, 0x0000000091900000|  0%| F|  |TAMS 0x0000000091800000, 0x0000000091800000| Untracked 
| 281|0x0000000091900000, 0x0000000091900000, 0x0000000091a00000|  0%| F|  |TAMS 0x0000000091900000, 0x0000000091900000| Untracked 
| 282|0x0000000091a00000, 0x0000000091a00000, 0x0000000091b00000|  0%| F|  |TAMS 0x0000000091a00000, 0x0000000091a00000| Untracked 
| 283|0x0000000091b00000, 0x0000000091b00000, 0x0000000091c00000|  0%| F|  |TAMS 0x0000000091b00000, 0x0000000091b00000| Untracked 
| 284|0x0000000091c00000, 0x0000000091c00000, 0x0000000091d00000|  0%| F|  |TAMS 0x0000000091c00000, 0x0000000091c00000| Untracked 
| 285|0x0000000091d00000, 0x0000000091d00000, 0x0000000091e00000|  0%| F|  |TAMS 0x0000000091d00000, 0x0000000091d00000| Untracked 
| 286|0x0000000091e00000, 0x0000000091e00000, 0x0000000091f00000|  0%| F|  |TAMS 0x0000000091e00000, 0x0000000091e00000| Untracked 
| 287|0x0000000091f00000, 0x0000000091f00000, 0x0000000092000000|  0%| F|  |TAMS 0x0000000091f00000, 0x0000000091f00000| Untracked 
| 288|0x0000000092000000, 0x0000000092000000, 0x0000000092100000|  0%| F|  |TAMS 0x0000000092000000, 0x0000000092000000| Untracked 
| 289|0x0000000092100000, 0x0000000092100000, 0x0000000092200000|  0%| F|  |TAMS 0x0000000092100000, 0x0000000092100000| Untracked 
| 290|0x0000000092200000, 0x0000000092200000, 0x0000000092300000|  0%| F|  |TAMS 0x0000000092200000, 0x0000000092200000| Untracked 
| 291|0x0000000092300000, 0x0000000092300000, 0x0000000092400000|  0%| F|  |TAMS 0x0000000092300000, 0x0000000092300000| Untracked 
| 292|0x0000000092400000, 0x0000000092400000, 0x0000000092500000|  0%| F|  |TAMS 0x0000000092400000, 0x0000000092400000| Untracked 
| 293|0x0000000092500000, 0x0000000092600000, 0x0000000092600000|100%| S|CS|TAMS 0x0000000092500000, 0x0000000092500000| Complete 
| 294|0x0000000092600000, 0x0000000092700000, 0x0000000092700000|100%| S|CS|TAMS 0x0000000092600000, 0x0000000092600000| Complete 
| 295|0x0000000092700000, 0x0000000092800000, 0x0000000092800000|100%| S|CS|TAMS 0x0000000092700000, 0x0000000092700000| Complete 
| 296|0x0000000092800000, 0x0000000092900000, 0x0000000092900000|100%| S|CS|TAMS 0x0000000092800000, 0x0000000092800000| Complete 
| 297|0x0000000092900000, 0x0000000092900000, 0x0000000092a00000|  0%| F|  |TAMS 0x0000000092900000, 0x0000000092900000| Untracked 
| 298|0x0000000092a00000, 0x0000000092a00000, 0x0000000092b00000|  0%| F|  |TAMS 0x0000000092a00000, 0x0000000092a00000| Untracked 
| 299|0x0000000092b00000, 0x0000000092b00000, 0x0000000092c00000|  0%| F|  |TAMS 0x0000000092b00000, 0x0000000092b00000| Untracked 
| 300|0x0000000092c00000, 0x0000000092c00000, 0x0000000092d00000|  0%| F|  |TAMS 0x0000000092c00000, 0x0000000092c00000| Untracked 
| 301|0x0000000092d00000, 0x0000000092d00000, 0x0000000092e00000|  0%| F|  |TAMS 0x0000000092d00000, 0x0000000092d00000| Untracked 
| 302|0x0000000092e00000, 0x0000000092e00000, 0x0000000092f00000|  0%| F|  |TAMS 0x0000000092e00000, 0x0000000092e00000| Untracked 
| 303|0x0000000092f00000, 0x0000000092f00000, 0x0000000093000000|  0%| F|  |TAMS 0x0000000092f00000, 0x0000000092f00000| Untracked 
| 304|0x0000000093000000, 0x0000000093000000, 0x0000000093100000|  0%| F|  |TAMS 0x0000000093000000, 0x0000000093000000| Untracked 
| 305|0x0000000093100000, 0x0000000093100000, 0x0000000093200000|  0%| F|  |TAMS 0x0000000093100000, 0x0000000093100000| Untracked 
| 306|0x0000000093200000, 0x0000000093200000, 0x0000000093300000|  0%| F|  |TAMS 0x0000000093200000, 0x0000000093200000| Untracked 
| 307|0x0000000093300000, 0x0000000093300000, 0x0000000093400000|  0%| F|  |TAMS 0x0000000093300000, 0x0000000093300000| Untracked 
| 308|0x0000000093400000, 0x0000000093400000, 0x0000000093500000|  0%| F|  |TAMS 0x0000000093400000, 0x0000000093400000| Untracked 
| 309|0x0000000093500000, 0x0000000093500000, 0x0000000093600000|  0%| F|  |TAMS 0x0000000093500000, 0x0000000093500000| Untracked 
| 310|0x0000000093600000, 0x0000000093600000, 0x0000000093700000|  0%| F|  |TAMS 0x0000000093600000, 0x0000000093600000| Untracked 
| 311|0x0000000093700000, 0x0000000093700000, 0x0000000093800000|  0%| F|  |TAMS 0x0000000093700000, 0x0000000093700000| Untracked 
| 312|0x0000000093800000, 0x0000000093800000, 0x0000000093900000|  0%| F|  |TAMS 0x0000000093800000, 0x0000000093800000| Untracked 
| 313|0x0000000093900000, 0x0000000093900000, 0x0000000093a00000|  0%| F|  |TAMS 0x0000000093900000, 0x0000000093900000| Untracked 
| 314|0x0000000093a00000, 0x0000000093a00000, 0x0000000093b00000|  0%| F|  |TAMS 0x0000000093a00000, 0x0000000093a00000| Untracked 
| 315|0x0000000093b00000, 0x0000000093b00000, 0x0000000093c00000|  0%| F|  |TAMS 0x0000000093b00000, 0x0000000093b00000| Untracked 
| 316|0x0000000093c00000, 0x0000000093c00000, 0x0000000093d00000|  0%| F|  |TAMS 0x0000000093c00000, 0x0000000093c00000| Untracked 
| 317|0x0000000093d00000, 0x0000000093d00000, 0x0000000093e00000|  0%| F|  |TAMS 0x0000000093d00000, 0x0000000093d00000| Untracked 
| 318|0x0000000093e00000, 0x0000000093e00000, 0x0000000093f00000|  0%| F|  |TAMS 0x0000000093e00000, 0x0000000093e00000| Untracked 
| 319|0x0000000093f00000, 0x0000000093f00000, 0x0000000094000000|  0%| F|  |TAMS 0x0000000093f00000, 0x0000000093f00000| Untracked 
| 320|0x0000000094000000, 0x0000000094000000, 0x0000000094100000|  0%| F|  |TAMS 0x0000000094000000, 0x0000000094000000| Untracked 
| 321|0x0000000094100000, 0x0000000094100000, 0x0000000094200000|  0%| F|  |TAMS 0x0000000094100000, 0x0000000094100000| Untracked 

Card table byte_map: [0x00000281c1590000,0x00000281c1990000] _byte_map_base: 0x00000281c1190000

Marking Bits (Prev, Next): (CMBitMap*) 0x00000281ae2aeda0, (CMBitMap*) 0x00000281ae2aed68
 Prev Bits: [0x00000281c3d90000, 0x00000281c5d90000)
 Next Bits: [0x00000281c1d90000, 0x00000281c3d90000)

Polling page: 0x00000281ac900000

Metaspace:

Usage:
  Non-class:     82.60 MB capacity,    81.19 MB ( 98%) used,     1.15 MB (  1%) free+waste,   271.75 KB ( <1%) overhead. 
      Class:     12.94 MB capacity,    12.10 MB ( 94%) used,   739.85 KB (  6%) free+waste,   120.25 KB ( <1%) overhead. 
       Both:     95.54 MB capacity,    93.29 MB ( 98%) used,     1.87 MB (  2%) free+waste,   392.00 KB ( <1%) overhead. 

Virtual space:
  Non-class space:       84.00 MB reserved,      82.83 MB ( 99%) committed 
      Class space:        1.00 GB reserved,      13.00 MB (  1%) committed 
             Both:        1.08 GB reserved,      95.83 MB (  9%) committed 

Chunk freelists:
   Non-Class:  41.00 KB
       Class:  26.00 KB
        Both:  67.00 KB

MaxMetaspaceSize: 17179869184.00 GB
CompressedClassSpaceSize: 1.00 GB
Initial GC threshold: 20.80 MB
Current GC threshold: 159.71 MB
CDS: off

CodeHeap 'non-profiled nmethods': size=120064Kb used=7181Kb max_used=7181Kb free=112882Kb
 bounds [0x00000281b9850000, 0x00000281b9f60000, 0x00000281c0d90000]
CodeHeap 'profiled nmethods': size=120000Kb used=26133Kb max_used=26133Kb free=93866Kb
 bounds [0x00000281b2320000, 0x00000281b3cb0000, 0x00000281b9850000]
CodeHeap 'non-nmethods': size=5696Kb used=2390Kb max_used=2447Kb free=3305Kb
 bounds [0x00000281b1d90000, 0x00000281b2010000, 0x00000281b2320000]
 total_blobs=12919 nmethods=12001 adapters=831
 compilation: enabled
              stopped_count=0, restarted_count=0
 full_count=0

Compilation events (20 events):
Event: 52.351 Thread 0x00000281c818a800 12153       2       com.android.tools.r8.code.q0::<init> (7 bytes)
Event: 52.351 Thread 0x00000281c818a800 nmethod 12153 0x00000281b3c77f90 code [0x00000281b3c78160, 0x00000281b3c78398]
Event: 52.354 Thread 0x00000281c818a800 12154       2       com.android.tools.r8.code.m0::<init> (7 bytes)
Event: 52.354 Thread 0x00000281c818a800 nmethod 12154 0x00000281b3c78590 code [0x00000281b3c78760, 0x00000281b3c78998]
Event: 52.463 Thread 0x00000281c8185000 nmethod 12126 0x00000281b9f30710 code [0x00000281b9f30c60, 0x00000281b9f36af8]
Event: 52.464 Thread 0x00000281c8185000 12134       4       com.android.tools.r8.code.y1::a (4129 bytes)
Event: 53.040 Thread 0x00000281c8185000 nmethod 12134 0x00000281b9f3e610 code [0x00000281b9f40580, 0x00000281b9f4c9d8]
Event: 53.041 Thread 0x00000281c8185000 12156 %     4       com.android.tools.r8.dex.i::a @ 310 (1036 bytes)
Event: 53.046 Thread 0x00000281c818a800 12157       2       com.android.tools.r8.code.o2::<init> (7 bytes)
Event: 53.046 Thread 0x00000281c818a800 nmethod 12157 0x00000281b3c78b90 code [0x00000281b3c78d40, 0x00000281b3c78e98]
Event: 53.067 Thread 0x00000281c818a800 12160       2       com.android.tools.r8.code.g1::<init> (7 bytes)
Event: 53.067 Thread 0x00000281c818a800 nmethod 12160 0x00000281b3c78f90 code [0x00000281b3c79160, 0x00000281b3c79328]
Event: 53.169 Thread 0x00000281c818a800 12171       3       com.android.tools.r8.code.y1::a (4129 bytes)
Event: 53.215 Thread 0x00000281c818a800 nmethod 12171 0x00000281b3c79490 code [0x00000281b3c7c080, 0x00000281b3c99898]
Event: 53.471 Thread 0x00000281c818a800 12173       2       com.android.tools.r8.code.w3::<init> (7 bytes)
Event: 53.472 Thread 0x00000281c818a800 nmethod 12173 0x00000281b3ca4990 code [0x00000281b3ca4b60, 0x00000281b3ca4d98]
Event: 53.531 Thread 0x00000281c818a800 12175       2       com.android.tools.r8.code.z1::<init> (7 bytes)
Event: 53.531 Thread 0x00000281c818a800 nmethod 12175 0x00000281b3ca4f90 code [0x00000281b3ca5140, 0x00000281b3ca5298]
Event: 53.603 Thread 0x00000281c818a800 12176       2       com.android.tools.r8.code.u2::<init> (7 bytes)
Event: 53.603 Thread 0x00000281c818a800 nmethod 12176 0x00000281b3ca5390 code [0x00000281b3ca5540, 0x00000281b3ca5698]

GC Heap History (20 events):
Event: 40.302 GC heap after
{Heap after GC invocations=35 (full 0):
 garbage-first heap   total 239616K, used 98251K [0x0000000080000000, 0x0000000100000000)
  region size 1024K, 5 young (5120K), 5 survivors (5120K)
 Metaspace       used 89091K, capacity 91312K, committed 91472K, reserved 1128448K
  class space    used 11413K, capacity 12213K, committed 12288K, reserved 1048576K
}
Event: 43.081 GC heap before
{Heap before GC invocations=35 (full 0):
 garbage-first heap   total 239616K, used 161739K [0x0000000080000000, 0x0000000100000000)
  region size 1024K, 55 young (56320K), 5 survivors (5120K)
 Metaspace       used 92877K, capacity 95157K, committed 95312K, reserved 1132544K
  class space    used 11905K, capacity 12750K, committed 12800K, reserved 1048576K
}
Event: 43.111 GC heap after
{Heap after GC invocations=36 (full 0):
 garbage-first heap   total 239616K, used 123904K [0x0000000080000000, 0x0000000100000000)
  region size 1024K, 11 young (11264K), 11 survivors (11264K)
 Metaspace       used 92877K, capacity 95157K, committed 95312K, reserved 1132544K
  class space    used 11905K, capacity 12750K, committed 12800K, reserved 1048576K
}
Event: 44.049 GC heap before
{Heap before GC invocations=37 (full 0):
 garbage-first heap   total 239616K, used 214016K [0x0000000080000000, 0x0000000100000000)
  region size 1024K, 70 young (71680K), 11 survivors (11264K)
 Metaspace       used 93157K, capacity 95389K, committed 95568K, reserved 1132544K
  class space    used 11948K, capacity 12784K, committed 12800K, reserved 1048576K
}
Event: 44.219 GC heap after
{Heap after GC invocations=38 (full 0):
 garbage-first heap   total 250880K, used 159180K [0x0000000080000000, 0x0000000100000000)
  region size 1024K, 9 young (9216K), 9 survivors (9216K)
 Metaspace       used 93157K, capacity 95389K, committed 95568K, reserved 1132544K
  class space    used 11948K, capacity 12784K, committed 12800K, reserved 1048576K
}
Event: 44.794 GC heap before
{Heap before GC invocations=39 (full 0):
 garbage-first heap   total 250880K, used 162252K [0x0000000080000000, 0x0000000100000000)
  region size 1024K, 12 young (12288K), 9 survivors (9216K)
 Metaspace       used 93157K, capacity 95389K, committed 95568K, reserved 1132544K
  class space    used 11948K, capacity 12784K, committed 12800K, reserved 1048576K
}
Event: 44.851 GC heap after
{Heap after GC invocations=40 (full 0):
 garbage-first heap   total 250880K, used 160768K [0x0000000080000000, 0x0000000100000000)
  region size 1024K, 2 young (2048K), 2 survivors (2048K)
 Metaspace       used 93157K, capacity 95389K, committed 95568K, reserved 1132544K
  class space    used 11948K, capacity 12784K, committed 12800K, reserved 1048576K
}
Event: 45.466 GC heap before
{Heap before GC invocations=41 (full 0):
 garbage-first heap   total 250880K, used 188416K [0x0000000080000000, 0x0000000100000000)
  region size 1024K, 28 young (28672K), 2 survivors (2048K)
 Metaspace       used 93157K, capacity 95389K, committed 95568K, reserved 1132544K
  class space    used 11948K, capacity 12784K, committed 12800K, reserved 1048576K
}
Event: 45.527 GC heap after
{Heap after GC invocations=42 (full 0):
 garbage-first heap   total 250880K, used 172032K [0x0000000080000000, 0x0000000100000000)
  region size 1024K, 4 young (4096K), 4 survivors (4096K)
 Metaspace       used 93157K, capacity 95389K, committed 95568K, reserved 1132544K
  class space    used 11948K, capacity 12784K, committed 12800K, reserved 1048576K
}
Event: 45.569 GC heap before
{Heap before GC invocations=42 (full 0):
 garbage-first heap   total 250880K, used 178176K [0x0000000080000000, 0x0000000100000000)
  region size 1024K, 11 young (11264K), 4 survivors (4096K)
 Metaspace       used 93157K, capacity 95390K, committed 95568K, reserved 1132544K
  class space    used 11948K, capacity 12784K, committed 12800K, reserved 1048576K
}
Event: 45.610 GC heap after
{Heap after GC invocations=43 (full 0):
 garbage-first heap   total 250880K, used 175616K [0x0000000080000000, 0x0000000100000000)
  region size 1024K, 3 young (3072K), 3 survivors (3072K)
 Metaspace       used 93157K, capacity 95390K, committed 95568K, reserved 1132544K
  class space    used 11948K, capacity 12784K, committed 12800K, reserved 1048576K
}
Event: 46.797 GC heap before
{Heap before GC invocations=44 (full 0):
 garbage-first heap   total 250880K, used 197120K [0x0000000080000000, 0x0000000100000000)
  region size 1024K, 22 young (22528K), 3 survivors (3072K)
 Metaspace       used 95420K, capacity 97697K, committed 97872K, reserved 1134592K
  class space    used 12392K, capacity 13252K, committed 13312K, reserved 1048576K
}
Event: 46.852 GC heap after
{Heap after GC invocations=45 (full 0):
 garbage-first heap   total 329728K, used 185273K [0x0000000080000000, 0x0000000100000000)
  region size 1024K, 3 young (3072K), 3 survivors (3072K)
 Metaspace       used 95420K, capacity 97697K, committed 97872K, reserved 1134592K
  class space    used 12392K, capacity 13252K, committed 13312K, reserved 1048576K
}
Event: 48.099 GC heap before
{Heap before GC invocations=45 (full 0):
 garbage-first heap   total 329728K, used 227257K [0x0000000080000000, 0x0000000100000000)
  region size 1024K, 45 young (46080K), 3 survivors (3072K)
 Metaspace       used 95518K, capacity 97833K, committed 98128K, reserved 1134592K
  class space    used 12393K, capacity 13253K, committed 13312K, reserved 1048576K
}
Event: 48.207 GC heap after
{Heap after GC invocations=46 (full 0):
 garbage-first heap   total 329728K, used 206848K [0x0000000080000000, 0x0000000100000000)
  region size 1024K, 6 young (6144K), 6 survivors (6144K)
 Metaspace       used 95518K, capacity 97833K, committed 98128K, reserved 1134592K
  class space    used 12393K, capacity 13253K, committed 13312K, reserved 1048576K
}
Event: 50.569 GC heap before
{Heap before GC invocations=47 (full 0):
 garbage-first heap   total 329728K, used 232448K [0x0000000080000000, 0x0000000100000000)
  region size 1024K, 32 young (32768K), 6 survivors (6144K)
 Metaspace       used 95520K, capacity 97837K, committed 98128K, reserved 1134592K
  class space    used 12393K, capacity 13254K, committed 13312K, reserved 1048576K
}
Event: 50.669 GC heap after
{Heap after GC invocations=48 (full 0):
 garbage-first heap   total 329728K, used 219136K [0x0000000080000000, 0x0000000100000000)
  region size 1024K, 4 young (4096K), 4 survivors (4096K)
 Metaspace       used 95520K, capacity 97837K, committed 98128K, reserved 1134592K
  class space    used 12393K, capacity 13254K, committed 13312K, reserved 1048576K
}
Event: 51.187 GC heap before
{Heap before GC invocations=48 (full 0):
 garbage-first heap   total 329728K, used 249856K [0x0000000080000000, 0x0000000100000000)
  region size 1024K, 34 young (34816K), 4 survivors (4096K)
 Metaspace       used 95529K, capacity 97837K, committed 98128K, reserved 1134592K
  class space    used 12393K, capacity 13254K, committed 13312K, reserved 1048576K
}
Event: 51.248 GC heap after
{Heap after GC invocations=49 (full 0):
 garbage-first heap   total 329728K, used 235008K [0x0000000080000000, 0x0000000100000000)
  region size 1024K, 5 young (5120K), 5 survivors (5120K)
 Metaspace       used 95529K, capacity 97837K, committed 98128K, reserved 1134592K
  class space    used 12393K, capacity 13254K, committed 13312K, reserved 1048576K
}
Event: 53.616 GC heap before
{Heap before GC invocations=50 (full 0):
 garbage-first heap   total 329728K, used 260608K [0x0000000080000000, 0x0000000100000000)
  region size 1024K, 30 young (30720K), 5 survivors (5120K)
 Metaspace       used 95531K, capacity 97837K, committed 98128K, reserved 1134592K
  class space    used 12393K, capacity 13254K, committed 13312K, reserved 1048576K
}

Deoptimization events (20 events):
Event: 50.146 Thread 0x00000281cf8d1800 DEOPT PACKING pc=0x00000281b9f03060 sp=0x000000e45a3fedb0
Event: 50.146 Thread 0x00000281cf8d1800 DEOPT UNPACKING pc=0x00000281b1dda1a9 sp=0x000000e45a3fed48 mode 2
Event: 50.219 Thread 0x00000281cf8ce800 DEOPT PACKING pc=0x00000281b3c253f9 sp=0x000000e45a2fe660
Event: 50.219 Thread 0x00000281cf8ce800 DEOPT UNPACKING pc=0x00000281b1dda93f sp=0x000000e45a2fdb00 mode 0
Event: 50.936 Thread 0x00000281cf8d1800 Uncommon trap: trap_request=0x0000016d fr.pc=0x00000281b9eebdb0 relative=0x000000000000a990
Event: 50.936 Thread 0x00000281cf8d1800 Uncommon trap: reason=unloaded action=reinterpret pc=0x00000281b9eebdb0 method=com.android.tools.r8.code.y1.a(Ljava/nio/ShortBuffer;IILcom/android/tools/r8/internal/pL;)[Lcom/android/tools/r8/code/w1; @ 2413 c2
Event: 50.937 Thread 0x00000281cf8d1800 DEOPT PACKING pc=0x00000281b9eebdb0 sp=0x000000e45a3fed00
Event: 50.937 Thread 0x00000281cf8d1800 DEOPT UNPACKING pc=0x00000281b1dda1a9 sp=0x000000e45a3fed08 mode 2
Event: 52.327 Thread 0x00000281cf8d1800 Uncommon trap: trap_request=0xffffff76 fr.pc=0x00000281b9f1bacc relative=0x00000000000056ec
Event: 52.327 Thread 0x00000281cf8d1800 Uncommon trap: reason=loop_limit_check action=maybe_recompile pc=0x00000281b9f1bacc method=com.android.tools.r8.internal.er.b(II)I @ 18 c2
Event: 52.327 Thread 0x00000281cf8d1800 DEOPT PACKING pc=0x00000281b9f1bacc sp=0x000000e45a3fedb0
Event: 52.327 Thread 0x00000281cf8d1800 DEOPT UNPACKING pc=0x00000281b1dda1a9 sp=0x000000e45a3fed28 mode 2
Event: 53.012 Thread 0x00000281cf8d1800 Uncommon trap: trap_request=0xffffff76 fr.pc=0x00000281b9f35c98 relative=0x0000000000005038
Event: 53.012 Thread 0x00000281cf8d1800 Uncommon trap: reason=loop_limit_check action=maybe_recompile pc=0x00000281b9f35c98 method=com.android.tools.r8.internal.er.b(II)I @ 18 c2
Event: 53.012 Thread 0x00000281cf8d1800 DEOPT PACKING pc=0x00000281b9f35c98 sp=0x000000e45a3fed90
Event: 53.012 Thread 0x00000281cf8d1800 DEOPT UNPACKING pc=0x00000281b1dda1a9 sp=0x000000e45a3fed18 mode 2
Event: 53.168 Thread 0x00000281cf8ce800 Uncommon trap: trap_request=0x00000131 fr.pc=0x00000281b9f4bd38 relative=0x000000000000b7b8
Event: 53.168 Thread 0x00000281cf8ce800 Uncommon trap: reason=unloaded action=reinterpret pc=0x00000281b9f4bd38 method=com.android.tools.r8.code.y1.a(Ljava/nio/ShortBuffer;IILcom/android/tools/r8/internal/pL;)[Lcom/android/tools/r8/code/w1; @ 2113 c2
Event: 53.168 Thread 0x00000281cf8ce800 DEOPT PACKING pc=0x00000281b9f4bd38 sp=0x000000e45a2fe4f0
Event: 53.168 Thread 0x00000281cf8ce800 DEOPT UNPACKING pc=0x00000281b1dda1a9 sp=0x000000e45a2fe508 mode 2

Classes redefined (0 events):
No events

Internal exceptions (20 events):
Event: 36.766 Thread 0x00000281cd5ed800 Exception <a 'sun/nio/fs/WindowsException'{0x000000008b308468}> (0x000000008b308468) thrown at [./src/hotspot/share/prims/jni.cpp, line 616]
Event: 36.766 Thread 0x00000281cd5ed800 Exception <a 'sun/nio/fs/WindowsException'{0x000000008b308730}> (0x000000008b308730) thrown at [./src/hotspot/share/prims/jni.cpp, line 616]
Event: 36.766 Thread 0x00000281cd5ed800 Exception <a 'sun/nio/fs/WindowsException'{0x000000008b3095a8}> (0x000000008b3095a8) thrown at [./src/hotspot/share/prims/jni.cpp, line 616]
Event: 36.766 Thread 0x00000281cd5ed800 Exception <a 'sun/nio/fs/WindowsException'{0x000000008b309880}> (0x000000008b309880) thrown at [./src/hotspot/share/prims/jni.cpp, line 616]
Event: 36.793 Thread 0x00000281cd5ed800 Exception <a 'java/lang/NoSuchMethodError'{0x000000008b28c4a0}: <clinit>> (0x000000008b28c4a0) thrown at [./src/hotspot/share/prims/jni.cpp, line 1366]
Event: 36.800 Thread 0x00000281cd5ed800 Exception <a 'java/lang/NoSuchMethodError'{0x000000008b2bfb78}: <clinit>> (0x000000008b2bfb78) thrown at [./src/hotspot/share/prims/jni.cpp, line 1366]
Event: 36.814 Thread 0x00000281cd5ed800 Exception <a 'java/lang/NoSuchMethodError'{0x000000008b2fdce0}: <clinit>> (0x000000008b2fdce0) thrown at [./src/hotspot/share/prims/jni.cpp, line 1366]
Event: 36.816 Thread 0x00000281cd5ed800 Exception <a 'java/lang/NoSuchMethodError'{0x000000008b110920}: <clinit>> (0x000000008b110920) thrown at [./src/hotspot/share/prims/jni.cpp, line 1366]
Event: 40.832 Thread 0x00000281cd5ef000 Exception <a 'java/lang/NoSuchMethodError'{0x000000008e142b38}: 'void java.lang.invoke.DirectMethodHandle$Holder.invokeStatic(java.lang.Object, long)'> (0x000000008e142b38) thrown at [./src/hotspot/share/interpreter/linkResolver.cpp, line 773]
Event: 40.834 Thread 0x00000281cd5ef000 Exception <a 'java/lang/NoSuchMethodError'{0x000000008e147ff8}: 'java.lang.Object java.lang.invoke.DirectMethodHandle$Holder.invokeStatic(java.lang.Object, long)'> (0x000000008e147ff8) thrown at [./src/hotspot/share/interpreter/linkResolver.cpp, line 773]
Event: 40.843 Thread 0x00000281cd5ef000 Exception <a 'java/lang/NoSuchMethodError'{0x000000008e156360}: 'java.lang.Object java.lang.invoke.DirectMethodHandle$Holder.invokeStaticInit(java.lang.Object, java.lang.Object, long, java.lang.Object)'> (0x000000008e156360) thrown at [./src/hotspot/share/interpreter/linkResolver.cpp, line 773]
Event: 40.887 Thread 0x00000281cd5ef000 Exception <a 'java/lang/NoSuchMethodError'{0x000000008e15c4f8}: 'java.lang.Object java.lang.invoke.DirectMethodHandle$Holder.invokeStatic(java.lang.Object, java.lang.Object, long)'> (0x000000008e15c4f8) thrown at [./src/hotspot/share/interpreter/linkResolver.cpp, line 773]
Event: 40.889 Thread 0x00000281cd5ef000 Exception <a 'java/lang/NoSuchMethodError'{0x000000008e162a70}: 'java.lang.Object java.lang.invoke.Invokers$Holder.linkToTargetMethod(java.lang.Object, long, java.lang.Object)'> (0x000000008e162a70) thrown at [./src/hotspot/share/interpreter/linkResolver.cpp, line 773]
Event: 42.410 Thread 0x00000281cd5ef000 Exception <a 'java/lang/NoSuchMethodError'{0x000000008c330a68}: 'int java.lang.invoke.DirectMethodHandle$Holder.invokeSpecialIFC(java.lang.Object, java.lang.Object, java.lang.Object)'> (0x000000008c330a68) thrown at [./src/hotspot/share/interpreter/linkResolver.cpp, line 773]
Event: 42.637 Thread 0x00000281cf8d0000 Exception <a 'sun/nio/fs/WindowsException'{0x000000008c0339a0}> (0x000000008c0339a0) thrown at [./src/hotspot/share/prims/jni.cpp, line 616]
Event: 42.761 Thread 0x00000281cf8d0000 Exception <a 'java/lang/NoSuchMethodError'{0x000000008bfdf620}: 'java.lang.Object java.lang.invoke.DirectMethodHandle$Holder.newInvokeSpecial(java.lang.Object, int)'> (0x000000008bfdf620) thrown at [./src/hotspot/share/interpreter/linkResolver.cpp, line 773]
Event: 43.066 Thread 0x00000281cf8d0000 Exception <a 'java/lang/NoSuchMethodError'{0x000000008b9f92e8}: 'java.lang.Object java.lang.invoke.DirectMethodHandle$Holder.invokeStaticInit(java.lang.Object, java.lang.Object, java.lang.Object, java.lang.Object, java.lang.Object, java.lang.Object, java.lang.Object, java.lang.Object, java.lang.Object, java.lang.Object, java.lang.Object, java.lang.Object, java.lang.Object, java.lang.Object, java.lang.Object, java.lang.Object, java.lang.Object, java.lang.Object, int, java.lang.Object, java.lang.Object)'> (0
Event: 45.804 Thread 0x00000281cf8d1800 Exception <a 'java/lang/IncompatibleClassChangeError'{0x000000008e73a910}: Found class java.lang.Object, but interface was expected> (0x000000008e73a910) thrown at [./src/hotspot/share/interpreter/linkResolver.cpp, line 839]
Event: 45.810 Thread 0x00000281cf8d1800 Exception <a 'java/lang/IncompatibleClassChangeError'{0x000000008e75a070}: Found class java.lang.Object, but interface was expected> (0x000000008e75a070) thrown at [./src/hotspot/share/interpreter/linkResolver.cpp, line 839]
Event: 45.811 Thread 0x00000281cf8d1800 Exception <a 'java/lang/IncompatibleClassChangeError'{0x000000008e75f9b0}: Found class java.lang.Object, but interface was expected> (0x000000008e75f9b0) thrown at [./src/hotspot/share/interpreter/linkResolver.cpp, line 839]

Events (20 events):
Event: 47.334 loading class com/android/tools/r8/graph/a0$a done
Event: 47.334 loading class com/android/tools/r8/dex/i
Event: 47.334 loading class com/android/tools/r8/dex/i done
Event: 48.099 Executing VM operation: G1CollectForAllocation
Event: 48.207 Executing VM operation: G1CollectForAllocation done
Event: 48.777 Executing VM operation: CGC_Operation
Event: 48.804 Executing VM operation: CGC_Operation done
Event: 49.057 Executing VM operation: CGC_Operation
Event: 49.061 Executing VM operation: CGC_Operation done
Event: 50.567 Executing VM operation: G1CollectForAllocation
Event: 50.669 Executing VM operation: G1CollectForAllocation done
Event: 50.863 Executing VM operation: BulkRevokeBias
Event: 50.871 Executing VM operation: BulkRevokeBias done
Event: 51.185 Executing VM operation: G1CollectForAllocation
Event: 51.248 Executing VM operation: G1CollectForAllocation done
Event: 51.968 Executing VM operation: CGC_Operation
Event: 51.996 Executing VM operation: CGC_Operation done
Event: 52.321 Executing VM operation: CGC_Operation
Event: 52.322 Executing VM operation: CGC_Operation done
Event: 53.616 Executing VM operation: G1CollectForAllocation


Dynamic libraries:
0x00007ff748870000 - 0x00007ff74887a000 	C:\Program Files\Android\Android Studio\jre\bin\java.exe
0x00007ffc88f50000 - 0x00007ffc89148000 	C:\Windows\SYSTEM32\ntdll.dll
0x00007ffc87e10000 - 0x00007ffc87ecf000 	C:\Windows\System32\KERNEL32.DLL
0x00007ffc867f0000 - 0x00007ffc86ac2000 	C:\Windows\System32\KERNELBASE.dll
0x00007ffc86e90000 - 0x00007ffc86f90000 	C:\Windows\System32\ucrtbase.dll
0x00007ffc7b090000 - 0x00007ffc7b0a9000 	C:\Program Files\Android\Android Studio\jre\bin\jli.dll
0x00007ffc811d0000 - 0x00007ffc811e7000 	C:\Program Files\Android\Android Studio\jre\bin\VCRUNTIME140.dll
0x00007ffc88110000 - 0x00007ffc882b1000 	C:\Windows\System32\USER32.dll
0x00007ffc86cf0000 - 0x00007ffc86d12000 	C:\Windows\System32\win32u.dll
0x00007ffc7cc40000 - 0x00007ffc7ceda000 	C:\Windows\WinSxS\amd64_microsoft.windows.common-controls_6595b64144ccf1df_6.0.19041.1110_none_60b5254171f9507e\COMCTL32.dll
0x00007ffc87a80000 - 0x00007ffc87aab000 	C:\Windows\System32\GDI32.dll
0x00007ffc866e0000 - 0x00007ffc867ef000 	C:\Windows\System32\gdi32full.dll
0x00007ffc878b0000 - 0x00007ffc8794e000 	C:\Windows\System32\msvcrt.dll
0x00007ffc86640000 - 0x00007ffc866dd000 	C:\Windows\System32\msvcp_win.dll
0x00007ffc87ed0000 - 0x00007ffc87f02000 	C:\Windows\System32\IMM32.DLL
0x00007ffc7ae80000 - 0x00007ffc7af1d000 	C:\Program Files\Android\Android Studio\jre\bin\msvcp140.dll
0x00007ffc2daf0000 - 0x00007ffc2e5f2000 	C:\Program Files\Android\Android Studio\jre\bin\server\jvm.dll
0x00007ffc87d60000 - 0x00007ffc87e0e000 	C:\Windows\System32\ADVAPI32.dll
0x00007ffc87fa0000 - 0x00007ffc8803c000 	C:\Windows\System32\sechost.dll
0x00007ffc88d30000 - 0x00007ffc88e55000 	C:\Windows\System32\RPCRT4.dll
0x00007ffc87ad0000 - 0x00007ffc87ad8000 	C:\Windows\System32\PSAPI.DLL
0x00007ffc834e0000 - 0x00007ffc834e9000 	C:\Windows\SYSTEM32\WSOCK32.dll
0x00007ffc87b40000 - 0x00007ffc87bab000 	C:\Windows\System32\WS2_32.dll
0x00007ffc7cef0000 - 0x00007ffc7cf17000 	C:\Windows\SYSTEM32\WINMM.dll
0x00007ffc7d030000 - 0x00007ffc7d03a000 	C:\Windows\SYSTEM32\VERSION.dll
0x00007ffc84520000 - 0x00007ffc84532000 	C:\Windows\SYSTEM32\kernel.appcore.dll
0x00007ffc82300000 - 0x00007ffc82311000 	C:\Program Files\Android\Android Studio\jre\bin\verify.dll
0x00007ffc79940000 - 0x00007ffc79b24000 	C:\Windows\SYSTEM32\DBGHELP.DLL
0x00007ffc79900000 - 0x00007ffc79935000 	C:\Windows\SYSTEM32\dbgcore.DLL
0x00007ffc86c30000 - 0x00007ffc86cb2000 	C:\Windows\System32\bcryptPrimitives.dll
0x00007ffc7af30000 - 0x00007ffc7af59000 	C:\Program Files\Android\Android Studio\jre\bin\java.dll
0x00007ffc834b0000 - 0x00007ffc834bb000 	C:\Program Files\Android\Android Studio\jre\bin\jimage.dll
0x00007ffc7adc0000 - 0x00007ffc7add8000 	C:\Program Files\Android\Android Studio\jre\bin\zip.dll
0x00007ffc88500000 - 0x00007ffc88c44000 	C:\Windows\System32\SHELL32.dll
0x00007ffc84720000 - 0x00007ffc84eb2000 	C:\Windows\SYSTEM32\windows.storage.dll
0x00007ffc86f90000 - 0x00007ffc872e5000 	C:\Windows\System32\combase.dll
0x00007ffc860a0000 - 0x00007ffc860d0000 	C:\Windows\SYSTEM32\Wldp.dll
0x00007ffc88e60000 - 0x00007ffc88f0d000 	C:\Windows\System32\SHCORE.dll
0x00007ffc88c50000 - 0x00007ffc88ca5000 	C:\Windows\System32\shlwapi.dll
0x00007ffc86580000 - 0x00007ffc8659f000 	C:\Windows\SYSTEM32\profapi.dll
0x00007ffc7ada0000 - 0x00007ffc7adba000 	C:\Program Files\Android\Android Studio\jre\bin\net.dll
0x00007ffc7cf20000 - 0x00007ffc7d02c000 	C:\Windows\SYSTEM32\WINHTTP.dll
0x00007ffc85d90000 - 0x00007ffc85dfa000 	C:\Windows\system32\mswsock.dll
0x00007ffc7ad80000 - 0x00007ffc7ad94000 	C:\Program Files\Android\Android Studio\jre\bin\nio.dll
0x00007ffc74090000 - 0x00007ffc740b7000 	C:\Users\Me\.gradle\native\e1d6ef7f7dcc3fd88c89a11ec53ec762bb8ba0a96d01ffa2cd45eb1d1d8dd5c5\windows-amd64\native-platform.dll
0x00007ffc68da0000 - 0x00007ffc68ee4000 	C:\Users\Me\.gradle\native\0d407fdbe67a94daf76414ababcb853783967236a71b16ec16e742cd7a986fd3\windows-amd64\native-platform-file-events.dll
0x00007ffc822f0000 - 0x00007ffc822fa000 	C:\Program Files\Android\Android Studio\jre\bin\management.dll
0x00007ffc7af20000 - 0x00007ffc7af2d000 	C:\Program Files\Android\Android Studio\jre\bin\management_ext.dll
0x00007ffc85f80000 - 0x00007ffc85f98000 	C:\Windows\SYSTEM32\CRYPTSP.dll
0x00007ffc85640000 - 0x00007ffc85674000 	C:\Windows\system32\rsaenh.dll
0x00007ffc86cc0000 - 0x00007ffc86ce7000 	C:\Windows\System32\bcrypt.dll
0x00007ffc86500000 - 0x00007ffc8652e000 	C:\Windows\SYSTEM32\USERENV.dll
0x00007ffc85fa0000 - 0x00007ffc85fac000 	C:\Windows\SYSTEM32\CRYPTBASE.dll
0x00007ffc85a10000 - 0x00007ffc85a4b000 	C:\Windows\SYSTEM32\IPHLPAPI.DLL
0x00007ffc884f0000 - 0x00007ffc884f8000 	C:\Windows\System32\NSI.dll
0x00007ffc7f790000 - 0x00007ffc7f7a7000 	C:\Windows\SYSTEM32\dhcpcsvc6.DLL
0x00007ffc7f770000 - 0x00007ffc7f78d000 	C:\Windows\SYSTEM32\dhcpcsvc.DLL
0x00007ffc85a50000 - 0x00007ffc85b1a000 	C:\Windows\SYSTEM32\DNSAPI.dll

dbghelp: loaded successfully - version: 4.0.5 - missing functions: none
symbol engine: initialized successfully - sym options: 0x614 - pdb path: .;C:\Program Files\Android\Android Studio\jre\bin;C:\Windows\SYSTEM32;C:\Windows\WinSxS\amd64_microsoft.windows.common-controls_6595b64144ccf1df_6.0.19041.1110_none_60b5254171f9507e;C:\Program Files\Android\Android Studio\jre\bin\server;C:\Users\Me\.gradle\native\e1d6ef7f7dcc3fd88c89a11ec53ec762bb8ba0a96d01ffa2cd45eb1d1d8dd5c5\windows-amd64;C:\Users\Me\.gradle\native\0d407fdbe67a94daf76414ababcb853783967236a71b16ec16e742cd7a986fd3\windows-amd64

VM Arguments:
jvm_args: --add-opens=java.base/java.util=ALL-UNNAMED --add-opens=java.base/java.lang=ALL-UNNAMED --add-opens=java.base/java.lang.invoke=ALL-UNNAMED --add-opens=java.base/java.util=ALL-UNNAMED --add-opens=java.prefs/java.util.prefs=ALL-UNNAMED --add-opens=java.prefs/java.util.prefs=ALL-UNNAMED --add-opens=java.base/java.nio.charset=ALL-UNNAMED --add-opens=java.base/java.net=ALL-UNNAMED --add-opens=java.base/java.util.concurrent.atomic=ALL-UNNAMED -Xmx2048m -Dfile.encoding=UTF-8 -Duser.country=PH -Duser.language=en -Duser.variant 
java_command: org.gradle.launcher.daemon.bootstrap.GradleDaemon 7.4
java_class_path (initial): C:\Users\Me\.gradle\wrapper\dists\gradle-7.4-bin\c0gwcg53nkjbqw7r0h0umtfvt\gradle-7.4\lib\gradle-launcher-7.4.jar
Launcher Type: SUN_STANDARD

[Global flags]
     intx CICompilerCount                          = 2                                         {product} {ergonomic}
     uint ConcGCThreads                            = 1                                         {product} {ergonomic}
     uint G1ConcRefinementThreads                  = 2                                         {product} {ergonomic}
   size_t G1HeapRegionSize                         = 1048576                                   {product} {ergonomic}
    uintx GCDrainStackTargetSize                   = 64                                        {product} {ergonomic}
   size_t InitialHeapSize                          = 67108864                                  {product} {ergonomic}
   size_t MarkStackSize                            = 4194304                                   {product} {ergonomic}
   size_t MaxHeapSize                              = 2147483648                                {product} {command line}
   size_t MaxNewSize                               = 1287651328                                {product} {ergonomic}
   size_t MinHeapDeltaBytes                        = 1048576                                   {product} {ergonomic}
    uintx NonNMethodCodeHeapSize                   = 5825164                                {pd product} {ergonomic}
    uintx NonProfiledCodeHeapSize                  = 122916538                              {pd product} {ergonomic}
    uintx ProfiledCodeHeapSize                     = 122916538                              {pd product} {ergonomic}
    uintx ReservedCodeCacheSize                    = 251658240                              {pd product} {ergonomic}
     bool SegmentedCodeCache                       = true                                      {product} {ergonomic}
     bool UseCompressedClassPointers               = true                                 {lp64_product} {ergonomic}
     bool UseCompressedOops                        = true                                 {lp64_product} {ergonomic}
     bool UseG1GC                                  = true                                      {product} {ergonomic}
     bool UseLargePagesIndividualAllocation        = false                                  {pd product} {ergonomic}

Logging:
Log output configuration:
 #0: stdout all=warning uptime,level,tags
 #1: stderr all=off uptime,level,tags

Environment Variables:
PATH=C:\Windows\system32;C:\Windows;C:\Windows\System32\Wbem;C:\Windows\System32\WindowsPowerShell\v1.0\;C:\Windows\System32\OpenSSH\;C:\Program Files\Git\cmd;C:\Users\Me\AppData\Local\Microsoft\WindowsApps;
USERNAME=Me
OS=Windows_NT
PROCESSOR_IDENTIFIER=Intel64 Family 6 Model 23 Stepping 10, GenuineIntel



---------------  S Y S T E M  ---------------

OS: Windows 10 , 64 bit Build 19041 (10.0.19041.2364)
OS uptime: 0 days 2:59 hours

CPU:total 2 (initial active 2) (2 cores per cpu, 1 threads per core) family 6 model 23 stepping 10 microcode 0xa0c, cmov, cx8, fxsr, mmx, sse, sse2, sse3, ssse3, tsc

Memory: 4k page, system-wide physical 4095M (725M free)
TotalPageFile size 16383M (AvailPageFile size 21M)
current process WorkingSet (physical memory assigned to process): 579M, peak: 582M
current process commit charge ("private bytes"): 631M, peak: 771M

vm_info: OpenJDK 64-Bit Server VM (11.0.13+0-b1751.21-8125866) for windows-amd64 JRE (11.0.13+0-b1751.21-8125866), built on Feb  2 2022 03:00:22 by "builder" with MS VC++ 14.0 (VS2015)

END.
