#
# There is insufficient memory for the Java Runtime Environment to continue.
# Native memory allocation (mmap) failed to map 60817408 bytes for Failed to commit area from 0x0000000092000000 to 0x0000000095a00000 of length 60817408.
# Possible reasons:
#   The system is out of physical RAM or swap space
#   The process is running with CompressedOops enabled, and the Java Heap may be blocking the growth of the native heap
# Possible solutions:
#   Reduce memory load on the system
#   Increase physical memory or swap space
#   Check if swap backing store is full
#   Decrease Java heap size (-Xmx/-Xms)
#   Decrease number of Java threads
#   Decrease Java thread stack sizes (-Xss)
#   Set larger code cache with -XX:ReservedCodeCacheSize=
#   JVM is running with Unscaled Compressed Oops mode in which the Java heap is
#     placed in the first 4GB address space. The Java Heap base address is the
#     maximum limit for the native heap growth. Please use -XX:HeapBaseMinAddress
#     to set the Java Heap base and to place the Java Heap above 4GB virtual address.
# This output file may be truncated or incomplete.
#
#  Out of Memory Error (./src/hotspot/os/windows/os_windows.cpp:3619), pid=7368, tid=4488
#
# JRE version: OpenJDK Runtime Environment (11.0.13) (build 11.0.13+0-b1751.21-8125866)
# Java VM: OpenJDK 64-Bit Server VM (11.0.13+0-b1751.21-8125866, mixed mode, tiered, compressed oops, g1 gc, windows-amd64)
# No core dump will be written. Minidumps are not enabled by default on client versions of Windows
#

---------------  S U M M A R Y ------------

Command Line: --add-opens=java.base/java.util=ALL-UNNAMED --add-opens=java.base/java.lang=ALL-UNNAMED --add-opens=java.base/java.lang.invoke=ALL-UNNAMED --add-opens=java.base/java.util=ALL-UNNAMED --add-opens=java.prefs/java.util.prefs=ALL-UNNAMED --add-opens=java.prefs/java.util.prefs=ALL-UNNAMED --add-opens=java.base/java.nio.charset=ALL-UNNAMED --add-opens=java.base/java.net=ALL-UNNAMED --add-opens=java.base/java.util.concurrent.atomic=ALL-UNNAMED -Xmx2048m -Dfile.encoding=UTF-8 -Duser.country=PH -Duser.language=en -Duser.variant org.gradle.launcher.daemon.bootstrap.GradleDaemon 7.4

Host: Pentium(R) Dual-Core  CPU      E6600  @ 3.06GHz, 2 cores, 3G,  Windows 10 , 64 bit Build 19041 (10.0.19041.2364)
Time: Tue Dec 20 09:37:16 2022 Malay Peninsula Standard Time elapsed time: 5396.511547 seconds (0d 1h 29m 56s)

---------------  T H R E A D  ---------------

Current thread (0x000001f31ccae800):  VMThread "VM Thread" [stack: 0x000000f24a500000,0x000000f24a600000] [id=4488]

Stack: [0x000000f24a500000,0x000000f24a600000]
[error occurred during error reporting (printing stack bounds), id 0xc0000005, EXCEPTION_ACCESS_VIOLATION (0xc0000005) at pc=0x000001f3206f113d]

Native frames: (J=compiled Java code, j=interpreted, Vv=VM code, C=native code)
V  [jvm.dll+0x6100fa]
V  [jvm.dll+0x747090]
V  [jvm.dll+0x7486ad]
V  [jvm.dll+0x748ce5]
V  [jvm.dll+0x748c9b]
V  [jvm.dll+0x60f224]
V  [jvm.dll+0x60f9b8]
C  [ntdll.dll+0xa241f]
C  [ntdll.dll+0x514a4]
C  [ntdll.dll+0xa0f4e]
C  0x000001f3206f113d

VM_Operation (0x000000f24e4fc6d0): G1CollectForAllocation, mode: safepoint, requested by thread 0x000001f338eff800


---------------  P R O C E S S  ---------------

Threads class SMR info:
_java_thread_list=0x000001f33ef4de50, length=66, elements={
0x000001f31cbcc000, 0x000001f33627c000, 0x000001f33627f800, 0x000001f3362dc800,
0x000001f3362de800, 0x000001f3362e0800, 0x000001f3362e4800, 0x000001f3362f1800,
0x000001f336c58000, 0x000001f336d4f800, 0x000001f337d31000, 0x000001f338deb000,
0x000001f338d4a000, 0x000001f3387ca000, 0x000001f3387cd800, 0x000001f3387c8800,
0x000001f3387cb000, 0x000001f3387cc000, 0x000001f338ef6800, 0x000001f338ef9000,
0x000001f338ef7000, 0x000001f338ef4000, 0x000001f339b7e800, 0x000001f33c9dc800,
0x000001f337811000, 0x000001f339b77000, 0x000001f339b78800, 0x000001f339b7c000,
0x000001f339b79800, 0x000001f339b7b000, 0x000001f339b76000, 0x000001f339b7f000,
0x000001f339b82800, 0x000001f339b80000, 0x000001f339b7d800, 0x000001f339b81000,
0x000001f339b7c800, 0x000001f339b85000, 0x000001f339b83800, 0x000001f339b84000,
0x000001f337812800, 0x000001f337812000, 0x000001f337816000, 0x000001f337813800,
0x000001f337810800, 0x000001f337818800, 0x000001f337817000, 0x000001f33781a000,
0x000001f337817800, 0x000001f337815000, 0x000001f337819800, 0x000001f337814800,
0x000001f33781b000, 0x000001f33781b800, 0x000001f33781d800, 0x000001f33781e000,
0x000001f33781c800, 0x000001f33781f000, 0x000001f338ef8000, 0x000001f338efb800,
0x000001f338ef5800, 0x000001f338ef9800, 0x000001f338efd000, 0x000001f338efd800,
0x000001f338efc000, 0x000001f338eff800
}

Java Threads: ( => current thread )
  0x000001f31cbcc000 JavaThread "main" [_thread_blocked, id=7412, stack(0x000000f249f00000,0x000000f24a000000)]
  0x000001f33627c000 JavaThread "Reference Handler" daemon [_thread_blocked, id=6292, stack(0x000000f24a600000,0x000000f24a700000)]
  0x000001f33627f800 JavaThread "Finalizer" daemon [_thread_blocked, id=4340, stack(0x000000f24a700000,0x000000f24a800000)]
  0x000001f3362dc800 JavaThread "Signal Dispatcher" daemon [_thread_blocked, id=1600, stack(0x000000f24a800000,0x000000f24a900000)]
  0x000001f3362de800 JavaThread "Attach Listener" daemon [_thread_blocked, id=4888, stack(0x000000f24a900000,0x000000f24aa00000)]
  0x000001f3362e0800 JavaThread "Service Thread" daemon [_thread_blocked, id=320, stack(0x000000f24aa00000,0x000000f24ab00000)]
  0x000001f3362e4800 JavaThread "C2 CompilerThread0" daemon [_thread_blocked, id=4060, stack(0x000000f24ab00000,0x000000f24ac00000)]
  0x000001f3362f1800 JavaThread "C1 CompilerThread0" daemon [_thread_blocked, id=1944, stack(0x000000f24ac00000,0x000000f24ad00000)]
  0x000001f336c58000 JavaThread "Sweeper thread" daemon [_thread_blocked, id=2652, stack(0x000000f24ad00000,0x000000f24ae00000)]
  0x000001f336d4f800 JavaThread "Common-Cleaner" daemon [_thread_blocked, id=8348, stack(0x000000f24ae00000,0x000000f24af00000)]
  0x000001f337d31000 JavaThread "Daemon health stats" [_thread_blocked, id=7652, stack(0x000000f24b100000,0x000000f24b200000)]
  0x000001f338deb000 JavaThread "Incoming local TCP Connector on port 61108" [_thread_in_native, id=6912, stack(0x000000f24b200000,0x000000f24b300000)]
  0x000001f338d4a000 JavaThread "Daemon periodic checks" [_thread_blocked, id=9792, stack(0x000000f24b400000,0x000000f24b500000)]
  0x000001f3387ca000 JavaThread "Cache worker for journal cache (C:\Users\Me\.gradle\caches\journal-1)" [_thread_blocked, id=2684, stack(0x000000f24bb00000,0x000000f24bc00000)]
  0x000001f3387cd800 JavaThread "File lock request listener" [_thread_in_native, id=4452, stack(0x000000f24bc00000,0x000000f24bd00000)]
  0x000001f3387c8800 JavaThread "Cache worker for file hash cache (C:\Users\Me\.gradle\caches\7.4\fileHashes)" [_thread_blocked, id=3804, stack(0x000000f24bd00000,0x000000f24be00000)]
  0x000001f3387cb000 JavaThread "File watcher server" daemon [_thread_blocked, id=4528, stack(0x000000f24be00000,0x000000f24bf00000)]
  0x000001f3387cc000 JavaThread "File watcher consumer" daemon [_thread_blocked, id=10132, stack(0x000000f24bf00000,0x000000f24c000000)]
  0x000001f338ef6800 JavaThread "Cache worker for execution history cache (C:\Users\Me\.gradle\caches\7.4\executionHistory)" [_thread_blocked, id=568, stack(0x000000f24c400000,0x000000f24c500000)]
  0x000001f338ef9000 JavaThread "jar transforms" [_thread_blocked, id=8168, stack(0x000000f24c500000,0x000000f24c600000)]
  0x000001f338ef7000 JavaThread "Cache worker for file content cache (C:\Users\Me\.gradle\caches\7.4\fileContent)" [_thread_blocked, id=9828, stack(0x000000f24c600000,0x000000f24c700000)]
  0x000001f338ef4000 JavaThread "jar transforms Thread 2" [_thread_blocked, id=5196, stack(0x000000f24c700000,0x000000f24c800000)]
  0x000001f339b7e800 JavaThread "Memory manager" [_thread_blocked, id=2600, stack(0x000000f24de00000,0x000000f24df00000)]
  0x000001f33c9dc800 JavaThread "Cache worker for Java compile cache (C:\Users\Me\.gradle\caches\7.4\javaCompile)" [_thread_blocked, id=9380, stack(0x000000f24e900000,0x000000f24ea00000)]
  0x000001f337811000 JavaThread "ForkJoinPool.commonPool-worker-1" daemon [_thread_blocked, id=5900, stack(0x000000f24e800000,0x000000f24e900000)]
  0x000001f339b77000 JavaThread "Daemon Thread 6" [_thread_blocked, id=7232, stack(0x000000f249d00000,0x000000f249e00000)]
  0x000001f339b78800 JavaThread "Handler for socket connection from /127.0.0.1:61108 to /127.0.0.1:64617" [_thread_in_native, id=5648, stack(0x000000f249e00000,0x000000f249f00000)]
  0x000001f339b7c000 JavaThread "Cancel handler" [_thread_blocked, id=8240, stack(0x000000f24b300000,0x000000f24b400000)]
  0x000001f339b79800 JavaThread "Daemon worker Thread 6" [_thread_blocked, id=3988, stack(0x000000f24b500000,0x000000f24b600000)]
  0x000001f339b7b000 JavaThread "Asynchronous log dispatcher for DefaultDaemonConnection: socket connection from /127.0.0.1:61108 to /127.0.0.1:64617" [_thread_blocked, id=5424, stack(0x000000f24b600000,0x000000f24b700000)]
  0x000001f339b76000 JavaThread "Stdin handler" [_thread_blocked, id=5348, stack(0x000000f24b700000,0x000000f24b800000)]
  0x000001f339b7f000 JavaThread "Daemon client event forwarder" [_thread_blocked, id=5124, stack(0x000000f24b800000,0x000000f24b900000)]
  0x000001f339b82800 JavaThread "Cache worker for checksums cache (C:\Users\Me\AndroidStudioProjects\SADCC\.gradle\7.4\checksums)" [_thread_blocked, id=3164, stack(0x000000f24b900000,0x000000f24ba00000)]
  0x000001f339b80000 JavaThread "Cache worker for cache directory md-rule (C:\Users\Me\.gradle\caches\7.4\md-rule)" [_thread_blocked, id=5420, stack(0x000000f24ba00000,0x000000f24bb00000)]
  0x000001f339b7d800 JavaThread "Cache worker for file hash cache (C:\Users\Me\AndroidStudioProjects\SADCC\.gradle\7.4\fileHashes)" [_thread_blocked, id=4792, stack(0x000000f24c000000,0x000000f24c100000)]
  0x000001f339b81000 JavaThread "Cache worker for cache directory md-supplier (C:\Users\Me\.gradle\caches\7.4\md-supplier)" [_thread_blocked, id=9592, stack(0x000000f24c100000,0x000000f24c200000)]
  0x000001f339b7c800 JavaThread "Cache worker for dependencies-accessors (C:\Users\Me\AndroidStudioProjects\SADCC\.gradle\7.4\dependencies-accessors)" [_thread_blocked, id=7312, stack(0x000000f24c200000,0x000000f24c300000)]
  0x000001f339b85000 JavaThread "Cache worker for Build Output Cleanup Cache (C:\Users\Me\AndroidStudioProjects\SADCC\.gradle\buildOutputCleanup)" [_thread_blocked, id=5232, stack(0x000000f24c300000,0x000000f24c400000)]
  0x000001f339b83800 JavaThread "Unconstrained build operations" [_thread_blocked, id=880, stack(0x000000f24c800000,0x000000f24c900000)]
  0x000001f339b84000 JavaThread "Unconstrained build operations Thread 2" [_thread_blocked, id=3132, stack(0x000000f24c900000,0x000000f24ca00000)]
  0x000001f337812800 JavaThread "Unconstrained build operations Thread 3" [_thread_blocked, id=4288, stack(0x000000f24ca00000,0x000000f24cb00000)]
  0x000001f337812000 JavaThread "Unconstrained build operations Thread 4" [_thread_blocked, id=5836, stack(0x000000f24cb00000,0x000000f24cc00000)]
  0x000001f337816000 JavaThread "Unconstrained build operations Thread 5" [_thread_blocked, id=4612, stack(0x000000f24cc00000,0x000000f24cd00000)]
  0x000001f337813800 JavaThread "Unconstrained build operations Thread 6" [_thread_blocked, id=6948, stack(0x000000f24cd00000,0x000000f24ce00000)]
  0x000001f337810800 JavaThread "Unconstrained build operations Thread 7" [_thread_blocked, id=2768, stack(0x000000f24ce00000,0x000000f24cf00000)]
  0x000001f337818800 JavaThread "Unconstrained build operations Thread 8" [_thread_blocked, id=9044, stack(0x000000f24cf00000,0x000000f24d000000)]
  0x000001f337817000 JavaThread "Unconstrained build operations Thread 9" [_thread_blocked, id=7284, stack(0x000000f24d000000,0x000000f24d100000)]
  0x000001f33781a000 JavaThread "Unconstrained build operations Thread 10" [_thread_blocked, id=9064, stack(0x000000f24d100000,0x000000f24d200000)]
  0x000001f337817800 JavaThread "Unconstrained build operations Thread 11" [_thread_blocked, id=9676, stack(0x000000f24d200000,0x000000f24d300000)]
  0x000001f337815000 JavaThread "Unconstrained build operations Thread 12" [_thread_blocked, id=8344, stack(0x000000f24d300000,0x000000f24d400000)]
  0x000001f337819800 JavaThread "Unconstrained build operations Thread 13" [_thread_blocked, id=3508, stack(0x000000f24d400000,0x000000f24d500000)]
  0x000001f337814800 JavaThread "Unconstrained build operations Thread 14" [_thread_blocked, id=8136, stack(0x000000f24d500000,0x000000f24d600000)]
  0x000001f33781b000 JavaThread "Unconstrained build operations Thread 15" [_thread_blocked, id=2812, stack(0x000000f24d600000,0x000000f24d700000)]
  0x000001f33781b800 JavaThread "Unconstrained build operations Thread 16" [_thread_blocked, id=9008, stack(0x000000f24d700000,0x000000f24d800000)]
  0x000001f33781d800 JavaThread "Unconstrained build operations Thread 17" [_thread_blocked, id=3204, stack(0x000000f24d800000,0x000000f24d900000)]
  0x000001f33781e000 JavaThread "Unconstrained build operations Thread 18" [_thread_blocked, id=8576, stack(0x000000f24d900000,0x000000f24da00000)]
  0x000001f33781c800 JavaThread "Unconstrained build operations Thread 19" [_thread_blocked, id=6348, stack(0x000000f24da00000,0x000000f24db00000)]
  0x000001f33781f000 JavaThread "Unconstrained build operations Thread 20" [_thread_blocked, id=1392, stack(0x000000f24db00000,0x000000f24dc00000)]
  0x000001f338ef8000 JavaThread "build event listener" [_thread_blocked, id=4404, stack(0x000000f24dc00000,0x000000f24dd00000)]
  0x000001f338efb800 JavaThread "included builds" [_thread_blocked, id=3252, stack(0x000000f24dd00000,0x000000f24de00000)]
  0x000001f338ef5800 JavaThread "Execution worker for ':'" [_thread_blocked, id=8776, stack(0x000000f24df00000,0x000000f24e000000)]
  0x000001f338ef9800 JavaThread "Cache worker for execution history cache (C:\Users\Me\AndroidStudioProjects\SADCC\.gradle\7.4\executionHistory)" [_thread_blocked, id=3932, stack(0x000000f24e000000,0x000000f24e100000)]
  0x000001f338efd000 JavaThread "Build operations" [_thread_blocked, id=2708, stack(0x000000f24e100000,0x000000f24e200000)]
  0x000001f338efd800 JavaThread "Build operations Thread 2" [_thread_blocked, id=3304, stack(0x000000f24e200000,0x000000f24e300000)]
  0x000001f338efc000 JavaThread "WorkerExecutor Queue" [_thread_blocked, id=1896, stack(0x000000f24e300000,0x000000f24e400000)]
  0x000001f338eff800 JavaThread "WorkerExecutor Queue Thread 2" [_thread_blocked, id=7304, stack(0x000000f24e400000,0x000000f24e500000)]

Other Threads:
=>0x000001f31ccae800 VMThread "VM Thread" [stack: 0x000000f24a500000,0x000000f24a600000] [id=4488]
  0x000001f336d5f800 WatcherThread [stack: 0x000000f24af00000,0x000000f24b000000] [id=6892]
  0x000001f31cbe4800 GCTaskThread "GC Thread#0" [stack: 0x000000f24a000000,0x000000f24a100000] [id=1180]
  0x000001f336e35800 GCTaskThread "GC Thread#1" [stack: 0x000000f24b000000,0x000000f24b100000] [id=960]
  0x000001f31cc17800 ConcurrentGCThread "G1 Main Marker" [stack: 0x000000f24a100000,0x000000f24a200000] [id=5576]
  0x000001f31cc18800 ConcurrentGCThread "G1 Conc#0" [stack: 0x000000f24a200000,0x000000f24a300000] [id=9060]
  0x000001f31cc68000 ConcurrentGCThread "G1 Refine#0" [stack: 0x000000f24a300000,0x000000f24a400000] [id=1540]
  0x000001f31cc69000 ConcurrentGCThread "G1 Young RemSet Sampling" [stack: 0x000000f24a400000,0x000000f24a500000] [id=5888]

Threads with active compile tasks:
C2 CompilerThread05396556 26083       4       com.android.tools.r8.internal.up::a (75 bytes)

VM state:at safepoint (normal execution)

VM Mutex/Monitor currently owned by a thread:  ([mutex/lock_event])
[0x000001f31cbc84a0] Threads_lock - owner thread: 0x000001f31ccae800
[0x000001f31cbc7cc0] Heap_lock - owner thread: 0x000001f338eff800

Heap address: 0x0000000080000000, size: 2048 MB, Compressed Oops mode: 32-bit
Narrow klass base: 0x0000000000000000, Narrow klass shift: 3
Compressed class space size: 1073741824 Address: 0x0000000100000000

Heap:
 garbage-first heap   total 354304K, used 125184K [0x0000000080000000, 0x0000000100000000)
  region size 1024K, 1 young (1024K), 1 survivors (1024K)
 Metaspace       used 124059K, capacity 127477K, committed 127880K, reserved 1161216K
  class space    used 15191K, capacity 16533K, committed 16696K, reserved 1048576K
Heap Regions: E=young(eden), S=young(survivor), O=old, HS=humongous(starts), HC=humongous(continues), CS=collection set, F=free, A=archive, TAMS=top-at-mark-start (previous, next)
|   0|0x0000000080000000, 0x0000000080100000, 0x0000000080100000|100%| O|  |TAMS 0x0000000080100000, 0x0000000080000000| Untracked 
|   1|0x0000000080100000, 0x0000000080200000, 0x0000000080200000|100%| O|  |TAMS 0x0000000080200000, 0x0000000080100000| Untracked 
|   2|0x0000000080200000, 0x0000000080300000, 0x0000000080300000|100%| O|  |TAMS 0x0000000080300000, 0x0000000080200000| Untracked 
|   3|0x0000000080300000, 0x0000000080300000, 0x0000000080400000|  0%| F|  |TAMS 0x0000000080300000, 0x0000000080300000| Untracked 
|   4|0x0000000080400000, 0x0000000080500000, 0x0000000080500000|100%|HS|  |TAMS 0x0000000080500000, 0x0000000080400000| Complete 
|   5|0x0000000080500000, 0x0000000080600000, 0x0000000080600000|100%|HC|  |TAMS 0x0000000080600000, 0x0000000080500000| Complete 
|   6|0x0000000080600000, 0x0000000080700000, 0x0000000080700000|100%|HC|  |TAMS 0x0000000080700000, 0x0000000080600000| Complete 
|   7|0x0000000080700000, 0x0000000080800000, 0x0000000080800000|100%| O|  |TAMS 0x0000000080800000, 0x0000000080700000| Complete 
|   8|0x0000000080800000, 0x0000000080900000, 0x0000000080900000|100%| O|  |TAMS 0x0000000080900000, 0x0000000080800000| Untracked 
|   9|0x0000000080900000, 0x0000000080a00000, 0x0000000080a00000|100%| O|  |TAMS 0x0000000080a00000, 0x0000000080900000| Untracked 
|  10|0x0000000080a00000, 0x0000000080b00000, 0x0000000080b00000|100%| O|  |TAMS 0x0000000080b00000, 0x0000000080a00000| Untracked 
|  11|0x0000000080b00000, 0x0000000080c00000, 0x0000000080c00000|100%| O|  |TAMS 0x0000000080c00000, 0x0000000080b00000| Untracked 
|  12|0x0000000080c00000, 0x0000000080d00000, 0x0000000080d00000|100%| O|  |TAMS 0x0000000080d00000, 0x0000000080c00000| Complete 
|  13|0x0000000080d00000, 0x0000000080e00000, 0x0000000080e00000|100%| O|  |TAMS 0x0000000080e00000, 0x0000000080d00000| Untracked 
|  14|0x0000000080e00000, 0x0000000080f00000, 0x0000000080f00000|100%| O|  |TAMS 0x0000000080f00000, 0x0000000080e00000| Complete 
|  15|0x0000000080f00000, 0x0000000081000000, 0x0000000081000000|100%| O|  |TAMS 0x0000000081000000, 0x0000000080f00000| Complete 
|  16|0x0000000081000000, 0x0000000081100000, 0x0000000081100000|100%| O|  |TAMS 0x0000000081100000, 0x0000000081000000| Complete 
|  17|0x0000000081100000, 0x0000000081200000, 0x0000000081200000|100%| O|  |TAMS 0x0000000081200000, 0x0000000081100000| Complete 
|  18|0x0000000081200000, 0x0000000081300000, 0x0000000081300000|100%| O|  |TAMS 0x0000000081300000, 0x0000000081200000| Complete 
|  19|0x0000000081300000, 0x0000000081400000, 0x0000000081400000|100%| O|  |TAMS 0x0000000081400000, 0x0000000081300000| Complete 
|  20|0x0000000081400000, 0x0000000081500000, 0x0000000081500000|100%| O|  |TAMS 0x0000000081500000, 0x0000000081400000| Complete 
|  21|0x0000000081500000, 0x0000000081600000, 0x0000000081600000|100%| O|  |TAMS 0x0000000081600000, 0x0000000081500000| Untracked 
|  22|0x0000000081600000, 0x0000000081700000, 0x0000000081700000|100%| O|  |TAMS 0x0000000081700000, 0x0000000081600000| Untracked 
|  23|0x0000000081700000, 0x0000000081800000, 0x0000000081800000|100%| O|  |TAMS 0x0000000081800000, 0x0000000081700000| Complete 
|  24|0x0000000081800000, 0x0000000081900000, 0x0000000081900000|100%| O|  |TAMS 0x0000000081900000, 0x0000000081800000| Complete 
|  25|0x0000000081900000, 0x0000000081a00000, 0x0000000081a00000|100%| O|  |TAMS 0x0000000081a00000, 0x0000000081900000| Complete 
|  26|0x0000000081a00000, 0x0000000081b00000, 0x0000000081b00000|100%| O|  |TAMS 0x0000000081b00000, 0x0000000081a00000| Complete 
|  27|0x0000000081b00000, 0x0000000081c00000, 0x0000000081c00000|100%| O|  |TAMS 0x0000000081c00000, 0x0000000081b00000| Complete 
|  28|0x0000000081c00000, 0x0000000081d00000, 0x0000000081d00000|100%| O|  |TAMS 0x0000000081d00000, 0x0000000081c00000| Untracked 
|  29|0x0000000081d00000, 0x0000000081e00000, 0x0000000081e00000|100%|HS|  |TAMS 0x0000000081e00000, 0x0000000081d00000| Complete 
|  30|0x0000000081e00000, 0x0000000081f00000, 0x0000000081f00000|100%|HS|  |TAMS 0x0000000081f00000, 0x0000000081e00000| Complete 
|  31|0x0000000081f00000, 0x0000000082000000, 0x0000000082000000|100%| O|  |TAMS 0x0000000082000000, 0x0000000081f00000| Untracked 
|  32|0x0000000082000000, 0x0000000082100000, 0x0000000082100000|100%|HS|  |TAMS 0x0000000082100000, 0x0000000082000000| Complete 
|  33|0x0000000082100000, 0x0000000082200000, 0x0000000082200000|100%|HC|  |TAMS 0x0000000082200000, 0x0000000082100000| Complete 
|  34|0x0000000082200000, 0x0000000082300000, 0x0000000082300000|100%| O|  |TAMS 0x0000000082300000, 0x0000000082200000| Untracked 
|  35|0x0000000082300000, 0x0000000082400000, 0x0000000082400000|100%| O|  |TAMS 0x0000000082400000, 0x0000000082300000| Untracked 
|  36|0x0000000082400000, 0x0000000082500000, 0x0000000082500000|100%| O|  |TAMS 0x0000000082500000, 0x0000000082400000| Complete 
|  37|0x0000000082500000, 0x0000000082600000, 0x0000000082600000|100%| O|  |TAMS 0x0000000082600000, 0x0000000082500000| Untracked 
|  38|0x0000000082600000, 0x0000000082700000, 0x0000000082700000|100%| O|  |TAMS 0x0000000082700000, 0x0000000082600000| Complete 
|  39|0x0000000082700000, 0x0000000082800000, 0x0000000082800000|100%| O|  |TAMS 0x0000000082800000, 0x0000000082700000| Untracked 
|  40|0x0000000082800000, 0x0000000082900000, 0x0000000082900000|100%| O|  |TAMS 0x0000000082900000, 0x0000000082800000| Untracked 
|  41|0x0000000082900000, 0x0000000082a00000, 0x0000000082a00000|100%| O|  |TAMS 0x0000000082a00000, 0x0000000082900000| Untracked 
|  42|0x0000000082a00000, 0x0000000082b00000, 0x0000000082b00000|100%| O|  |TAMS 0x0000000082b00000, 0x0000000082a00000| Untracked 
|  43|0x0000000082b00000, 0x0000000082c00000, 0x0000000082c00000|100%| O|  |TAMS 0x0000000082c00000, 0x0000000082b00000| Complete 
|  44|0x0000000082c00000, 0x0000000082d00000, 0x0000000082d00000|100%| O|  |TAMS 0x0000000082d00000, 0x0000000082c00000| Complete 
|  45|0x0000000082d00000, 0x0000000082e00000, 0x0000000082e00000|100%| O|  |TAMS 0x0000000082e00000, 0x0000000082d00000| Untracked 
|  46|0x0000000082e00000, 0x0000000082f00000, 0x0000000082f00000|100%| O|  |TAMS 0x0000000082f00000, 0x0000000082e00000| Complete 
|  47|0x0000000082f00000, 0x0000000083000000, 0x0000000083000000|100%| O|  |TAMS 0x0000000083000000, 0x0000000082f00000| Complete 
|  48|0x0000000083000000, 0x0000000083100000, 0x0000000083100000|100%| O|  |TAMS 0x0000000083100000, 0x0000000083000000| Complete 
|  49|0x0000000083100000, 0x0000000083200000, 0x0000000083200000|100%| O|  |TAMS 0x0000000083200000, 0x0000000083100000| Untracked 
|  50|0x0000000083200000, 0x0000000083300000, 0x0000000083300000|100%| O|  |TAMS 0x0000000083300000, 0x0000000083200000| Complete 
|  51|0x0000000083300000, 0x0000000083400000, 0x0000000083400000|100%| O|  |TAMS 0x0000000083400000, 0x0000000083300000| Untracked 
|  52|0x0000000083400000, 0x0000000083500000, 0x0000000083500000|100%| O|  |TAMS 0x0000000083500000, 0x0000000083400000| Complete 
|  53|0x0000000083500000, 0x0000000083600000, 0x0000000083600000|100%| O|  |TAMS 0x0000000083600000, 0x0000000083500000| Untracked 
|  54|0x0000000083600000, 0x0000000083700000, 0x0000000083700000|100%| O|  |TAMS 0x0000000083700000, 0x0000000083600000| Untracked 
|  55|0x0000000083700000, 0x0000000083800000, 0x0000000083800000|100%| O|  |TAMS 0x0000000083800000, 0x0000000083700000| Complete 
|  56|0x0000000083800000, 0x0000000083900000, 0x0000000083900000|100%| O|  |TAMS 0x0000000083900000, 0x0000000083800000| Complete 
|  57|0x0000000083900000, 0x0000000083a00000, 0x0000000083a00000|100%| O|  |TAMS 0x0000000083a00000, 0x0000000083900000| Complete 
|  58|0x0000000083a00000, 0x0000000083b00000, 0x0000000083b00000|100%| O|  |TAMS 0x0000000083b00000, 0x0000000083a00000| Untracked 
|  59|0x0000000083b00000, 0x0000000083c00000, 0x0000000083c00000|100%| O|  |TAMS 0x0000000083c00000, 0x0000000083b00000| Complete 
|  60|0x0000000083c00000, 0x0000000083d00000, 0x0000000083d00000|100%| O|  |TAMS 0x0000000083d00000, 0x0000000083c00000| Complete 
|  61|0x0000000083d00000, 0x0000000083e00000, 0x0000000083e00000|100%| O|  |TAMS 0x0000000083e00000, 0x0000000083d00000| Complete 
|  62|0x0000000083e00000, 0x0000000083f00000, 0x0000000083f00000|100%| O|  |TAMS 0x0000000083f00000, 0x0000000083e00000| Complete 
|  63|0x0000000083f00000, 0x0000000084000000, 0x0000000084000000|100%| O|  |TAMS 0x0000000084000000, 0x0000000083f00000| Untracked 
|  64|0x0000000084000000, 0x0000000084100000, 0x0000000084100000|100%| O|  |TAMS 0x0000000084100000, 0x0000000084000000| Untracked 
|  65|0x0000000084100000, 0x0000000084200000, 0x0000000084200000|100%| O|  |TAMS 0x0000000084200000, 0x0000000084100000| Complete 
|  66|0x0000000084200000, 0x0000000084300000, 0x0000000084300000|100%| O|  |TAMS 0x0000000084300000, 0x0000000084200000| Untracked 
|  67|0x0000000084300000, 0x0000000084400000, 0x0000000084400000|100%| O|  |TAMS 0x0000000084400000, 0x0000000084300000| Untracked 
|  68|0x0000000084400000, 0x0000000084500000, 0x0000000084500000|100%| O|  |TAMS 0x0000000084500000, 0x0000000084400000| Untracked 
|  69|0x0000000084500000, 0x0000000084600000, 0x0000000084600000|100%| O|  |TAMS 0x0000000084600000, 0x0000000084500000| Untracked 
|  70|0x0000000084600000, 0x0000000084700000, 0x0000000084700000|100%| O|  |TAMS 0x0000000084700000, 0x0000000084600000| Complete 
|  71|0x0000000084700000, 0x0000000084800000, 0x0000000084800000|100%| O|  |TAMS 0x0000000084800000, 0x0000000084700000| Untracked 
|  72|0x0000000084800000, 0x0000000084900000, 0x0000000084900000|100%|HS|  |TAMS 0x0000000084900000, 0x0000000084800000| Complete 
|  73|0x0000000084900000, 0x0000000084a00000, 0x0000000084a00000|100%|HC|  |TAMS 0x0000000084a00000, 0x0000000084900000| Complete 
|  74|0x0000000084a00000, 0x0000000084b00000, 0x0000000084b00000|100%| O|  |TAMS 0x0000000084b00000, 0x0000000084a00000| Complete 
|  75|0x0000000084b00000, 0x0000000084c00000, 0x0000000084c00000|100%| O|  |TAMS 0x0000000084c00000, 0x0000000084b00000| Untracked 
|  76|0x0000000084c00000, 0x0000000084d00000, 0x0000000084d00000|100%| O|  |TAMS 0x0000000084d00000, 0x0000000084c00000| Untracked 
|  77|0x0000000084d00000, 0x0000000084d00000, 0x0000000084e00000|  0%| F|  |TAMS 0x0000000084d00000, 0x0000000084d00000| Untracked 
|  78|0x0000000084e00000, 0x0000000084e00000, 0x0000000084f00000|  0%| F|  |TAMS 0x0000000084e00000, 0x0000000084e00000| Untracked 
|  79|0x0000000084f00000, 0x0000000085000000, 0x0000000085000000|100%| O|  |TAMS 0x0000000085000000, 0x0000000084f00000| Untracked 
|  80|0x0000000085000000, 0x0000000085100000, 0x0000000085100000|100%| O|  |TAMS 0x0000000085100000, 0x0000000085000000| Complete 
|  81|0x0000000085100000, 0x0000000085200000, 0x0000000085200000|100%| O|  |TAMS 0x0000000085200000, 0x0000000085100000| Untracked 
|  82|0x0000000085200000, 0x0000000085300000, 0x0000000085300000|100%| O|  |TAMS 0x0000000085300000, 0x0000000085200000| Untracked 
|  83|0x0000000085300000, 0x0000000085400000, 0x0000000085400000|100%| O|  |TAMS 0x0000000085400000, 0x0000000085300000| Untracked 
|  84|0x0000000085400000, 0x0000000085400000, 0x0000000085500000|  0%| F|  |TAMS 0x0000000085400000, 0x0000000085400000| Untracked 
|  85|0x0000000085500000, 0x0000000085500000, 0x0000000085600000|  0%| F|  |TAMS 0x0000000085500000, 0x0000000085500000| Untracked 
|  86|0x0000000085600000, 0x0000000085600000, 0x0000000085700000|  0%| F|  |TAMS 0x0000000085600000, 0x0000000085600000| Untracked 
|  87|0x0000000085700000, 0x0000000085700000, 0x0000000085800000|  0%| F|  |TAMS 0x0000000085700000, 0x0000000085700000| Untracked 
|  88|0x0000000085800000, 0x0000000085800000, 0x0000000085900000|  0%| F|  |TAMS 0x0000000085800000, 0x0000000085800000| Untracked 
|  89|0x0000000085900000, 0x0000000085a00000, 0x0000000085a00000|100%| O|  |TAMS 0x0000000085a00000, 0x0000000085900000| Complete 
|  90|0x0000000085a00000, 0x0000000085b00000, 0x0000000085b00000|100%| O|  |TAMS 0x0000000085b00000, 0x0000000085a00000| Complete 
|  91|0x0000000085b00000, 0x0000000085b00000, 0x0000000085c00000|  0%| F|  |TAMS 0x0000000085b00000, 0x0000000085b00000| Untracked 
|  92|0x0000000085c00000, 0x0000000085c00000, 0x0000000085d00000|  0%| F|  |TAMS 0x0000000085c00000, 0x0000000085c00000| Untracked 
|  93|0x0000000085d00000, 0x0000000085e00000, 0x0000000085e00000|100%| O|  |TAMS 0x0000000085d00000, 0x0000000085d00000| Untracked 
|  94|0x0000000085e00000, 0x0000000085e00000, 0x0000000085f00000|  0%| F|  |TAMS 0x0000000085e00000, 0x0000000085e00000| Untracked 
|  95|0x0000000085f00000, 0x0000000086000000, 0x0000000086000000|100%| O|  |TAMS 0x0000000086000000, 0x0000000085f00000| Complete 
|  96|0x0000000086000000, 0x0000000086100000, 0x0000000086100000|100%| O|  |TAMS 0x0000000086100000, 0x0000000086000000| Complete 
|  97|0x0000000086100000, 0x0000000086200000, 0x0000000086200000|100%| O|  |TAMS 0x0000000086200000, 0x0000000086100000| Complete 
|  98|0x0000000086200000, 0x0000000086300000, 0x0000000086300000|100%| O|  |TAMS 0x0000000086300000, 0x0000000086200000| Complete 
|  99|0x0000000086300000, 0x0000000086300000, 0x0000000086400000|  0%| F|  |TAMS 0x0000000086300000, 0x0000000086300000| Untracked 
| 100|0x0000000086400000, 0x0000000086500000, 0x0000000086500000|100%| O|  |TAMS 0x0000000086400000, 0x0000000086400000| Untracked 
| 101|0x0000000086500000, 0x0000000086600000, 0x0000000086600000|100%| O|  |TAMS 0x0000000086600000, 0x0000000086500000| Complete 
| 102|0x0000000086600000, 0x0000000086700000, 0x0000000086700000|100%| O|  |TAMS 0x000000008665a200, 0x0000000086600000| Untracked 
| 103|0x0000000086700000, 0x0000000086800000, 0x0000000086800000|100%| O|  |TAMS 0x0000000086800000, 0x0000000086700000| Complete 
| 104|0x0000000086800000, 0x0000000086900000, 0x0000000086900000|100%| O|  |TAMS 0x0000000086900000, 0x0000000086800000| Untracked 
| 105|0x0000000086900000, 0x0000000086a00000, 0x0000000086a00000|100%| O|  |TAMS 0x0000000086a00000, 0x0000000086900000| Untracked 
| 106|0x0000000086a00000, 0x0000000086b00000, 0x0000000086b00000|100%| O|  |TAMS 0x0000000086b00000, 0x0000000086a00000| Untracked 
| 107|0x0000000086b00000, 0x0000000086c00000, 0x0000000086c00000|100%| O|  |TAMS 0x0000000086c00000, 0x0000000086b00000| Untracked 
| 108|0x0000000086c00000, 0x0000000086d00000, 0x0000000086d00000|100%| O|  |TAMS 0x0000000086d00000, 0x0000000086c00000| Complete 
| 109|0x0000000086d00000, 0x0000000086e00000, 0x0000000086e00000|100%| O|  |TAMS 0x0000000086e00000, 0x0000000086d00000| Complete 
| 110|0x0000000086e00000, 0x0000000086f00000, 0x0000000086f00000|100%| O|  |TAMS 0x0000000086f00000, 0x0000000086e00000| Complete 
| 111|0x0000000086f00000, 0x0000000086f00000, 0x0000000087000000|  0%| F|  |TAMS 0x0000000086f00000, 0x0000000086f00000| Untracked 
| 112|0x0000000087000000, 0x0000000087000000, 0x0000000087100000|  0%| F|  |TAMS 0x0000000087000000, 0x0000000087000000| Untracked 
| 113|0x0000000087100000, 0x0000000087100000, 0x0000000087200000|  0%| F|  |TAMS 0x0000000087100000, 0x0000000087100000| Untracked 
| 114|0x0000000087200000, 0x0000000087300000, 0x0000000087300000|100%| O|  |TAMS 0x0000000087200000, 0x0000000087200000| Untracked 
| 115|0x0000000087300000, 0x0000000087300000, 0x0000000087400000|  0%| F|  |TAMS 0x0000000087300000, 0x0000000087300000| Untracked 
| 116|0x0000000087400000, 0x0000000087400000, 0x0000000087500000|  0%| F|  |TAMS 0x0000000087400000, 0x0000000087400000| Untracked 
| 117|0x0000000087500000, 0x0000000087600000, 0x0000000087600000|100%| O|  |TAMS 0x0000000087500000, 0x0000000087500000| Untracked 
| 118|0x0000000087600000, 0x0000000087700000, 0x0000000087700000|100%| O|  |TAMS 0x0000000087600000, 0x0000000087600000| Untracked 
| 119|0x0000000087700000, 0x0000000087700000, 0x0000000087800000|  0%| F|  |TAMS 0x0000000087700000, 0x0000000087700000| Untracked 
| 120|0x0000000087800000, 0x0000000087900000, 0x0000000087900000|100%| O|  |TAMS 0x0000000087900000, 0x0000000087800000| Complete 
| 121|0x0000000087900000, 0x0000000087a00000, 0x0000000087a00000|100%| O|  |TAMS 0x0000000087a00000, 0x0000000087900000| Untracked 
| 122|0x0000000087a00000, 0x0000000087b00000, 0x0000000087b00000|100%| O|  |TAMS 0x0000000087b00000, 0x0000000087a00000| Complete 
| 123|0x0000000087b00000, 0x0000000087c00000, 0x0000000087c00000|100%| O|  |TAMS 0x0000000087b00000, 0x0000000087b00000| Untracked 
| 124|0x0000000087c00000, 0x0000000087d00000, 0x0000000087d00000|100%| O|  |TAMS 0x0000000087c00000, 0x0000000087c00000| Untracked 
| 125|0x0000000087d00000, 0x0000000087d00000, 0x0000000087e00000|  0%| F|  |TAMS 0x0000000087d00000, 0x0000000087d00000| Untracked 
| 126|0x0000000087e00000, 0x0000000087f00000, 0x0000000087f00000|100%| O|  |TAMS 0x0000000087e00000, 0x0000000087e00000| Untracked 
| 127|0x0000000087f00000, 0x0000000088000000, 0x0000000088000000|100%| O|  |TAMS 0x0000000087f00000, 0x0000000087f00000| Untracked 
| 128|0x0000000088000000, 0x0000000088100000, 0x0000000088100000|100%| O|  |TAMS 0x0000000088000000, 0x0000000088000000| Untracked 
| 129|0x0000000088100000, 0x0000000088200000, 0x0000000088200000|100%| O|  |TAMS 0x0000000088100000, 0x0000000088100000| Untracked 
| 130|0x0000000088200000, 0x0000000088264400, 0x0000000088300000| 39%| O|  |TAMS 0x0000000088200000, 0x0000000088200000| Untracked 
| 131|0x0000000088300000, 0x0000000088300000, 0x0000000088400000|  0%| F|  |TAMS 0x0000000088300000, 0x0000000088300000| Untracked 
| 132|0x0000000088400000, 0x0000000088400000, 0x0000000088500000|  0%| F|  |TAMS 0x0000000088400000, 0x0000000088400000| Untracked 
| 133|0x0000000088500000, 0x0000000088500000, 0x0000000088600000|  0%| F|  |TAMS 0x0000000088500000, 0x0000000088500000| Untracked 
| 134|0x0000000088600000, 0x0000000088600000, 0x0000000088700000|  0%| F|  |TAMS 0x0000000088600000, 0x0000000088600000| Untracked 
| 135|0x0000000088700000, 0x0000000088700000, 0x0000000088800000|  0%| F|  |TAMS 0x0000000088700000, 0x0000000088700000| Untracked 
| 136|0x0000000088800000, 0x0000000088800000, 0x0000000088900000|  0%| F|  |TAMS 0x0000000088800000, 0x0000000088800000| Untracked 
| 137|0x0000000088900000, 0x0000000088900000, 0x0000000088a00000|  0%| F|  |TAMS 0x0000000088900000, 0x0000000088900000| Untracked 
| 138|0x0000000088a00000, 0x0000000088a00000, 0x0000000088b00000|  0%| F|  |TAMS 0x0000000088a00000, 0x0000000088a00000| Untracked 
| 139|0x0000000088b00000, 0x0000000088b00000, 0x0000000088c00000|  0%| F|  |TAMS 0x0000000088b00000, 0x0000000088b00000| Untracked 
| 140|0x0000000088c00000, 0x0000000088d00000, 0x0000000088d00000|100%| O|  |TAMS 0x0000000088d00000, 0x0000000088c00000| Untracked 
| 141|0x0000000088d00000, 0x0000000088e00000, 0x0000000088e00000|100%| O|  |TAMS 0x0000000088e00000, 0x0000000088d00000| Untracked 
| 142|0x0000000088e00000, 0x0000000088e00000, 0x0000000088f00000|  0%| F|  |TAMS 0x0000000088e00000, 0x0000000088e00000| Untracked 
| 143|0x0000000088f00000, 0x0000000089000000, 0x0000000089000000|100%| O|  |TAMS 0x0000000089000000, 0x0000000088f00000| Untracked 
| 144|0x0000000089000000, 0x0000000089100000, 0x0000000089100000|100%| O|  |TAMS 0x0000000089100000, 0x0000000089000000| Untracked 
| 145|0x0000000089100000, 0x0000000089200000, 0x0000000089200000|100%| O|  |TAMS 0x0000000089200000, 0x0000000089100000| Untracked 
| 146|0x0000000089200000, 0x0000000089300000, 0x0000000089300000|100%| O|  |TAMS 0x0000000089300000, 0x0000000089200000| Complete 
| 147|0x0000000089300000, 0x0000000089300000, 0x0000000089400000|  0%| F|  |TAMS 0x0000000089300000, 0x0000000089300000| Untracked 
| 148|0x0000000089400000, 0x0000000089400000, 0x0000000089500000|  0%| F|  |TAMS 0x0000000089400000, 0x0000000089400000| Untracked 
| 149|0x0000000089500000, 0x0000000089500000, 0x0000000089600000|  0%| F|  |TAMS 0x0000000089500000, 0x0000000089500000| Untracked 
| 150|0x0000000089600000, 0x0000000089600000, 0x0000000089700000|  0%| F|  |TAMS 0x0000000089600000, 0x0000000089600000| Untracked 
| 151|0x0000000089700000, 0x0000000089700000, 0x0000000089800000|  0%| F|  |TAMS 0x0000000089700000, 0x0000000089700000| Untracked 
| 152|0x0000000089800000, 0x0000000089800000, 0x0000000089900000|  0%| F|  |TAMS 0x0000000089800000, 0x0000000089800000| Untracked 
| 153|0x0000000089900000, 0x0000000089900000, 0x0000000089a00000|  0%| F|  |TAMS 0x0000000089900000, 0x0000000089900000| Untracked 
| 154|0x0000000089a00000, 0x0000000089a00000, 0x0000000089b00000|  0%| F|  |TAMS 0x0000000089a00000, 0x0000000089a00000| Untracked 
| 155|0x0000000089b00000, 0x0000000089b00000, 0x0000000089c00000|  0%| F|  |TAMS 0x0000000089b00000, 0x0000000089b00000| Untracked 
| 156|0x0000000089c00000, 0x0000000089c00000, 0x0000000089d00000|  0%| F|  |TAMS 0x0000000089c00000, 0x0000000089c00000| Untracked 
| 157|0x0000000089d00000, 0x0000000089d00000, 0x0000000089e00000|  0%| F|  |TAMS 0x0000000089d00000, 0x0000000089d00000| Untracked 
| 158|0x0000000089e00000, 0x0000000089e00000, 0x0000000089f00000|  0%| F|  |TAMS 0x0000000089e00000, 0x0000000089e00000| Untracked 
| 159|0x0000000089f00000, 0x0000000089f00000, 0x000000008a000000|  0%| F|  |TAMS 0x0000000089f00000, 0x0000000089f00000| Untracked 
| 160|0x000000008a000000, 0x000000008a000000, 0x000000008a100000|  0%| F|  |TAMS 0x000000008a000000, 0x000000008a000000| Untracked 
| 161|0x000000008a100000, 0x000000008a100000, 0x000000008a200000|  0%| F|  |TAMS 0x000000008a100000, 0x000000008a100000| Untracked 
| 162|0x000000008a200000, 0x000000008a200000, 0x000000008a300000|  0%| F|  |TAMS 0x000000008a200000, 0x000000008a200000| Untracked 
| 163|0x000000008a300000, 0x000000008a300000, 0x000000008a400000|  0%| F|  |TAMS 0x000000008a300000, 0x000000008a300000| Untracked 
| 164|0x000000008a400000, 0x000000008a400000, 0x000000008a500000|  0%| F|  |TAMS 0x000000008a400000, 0x000000008a400000| Untracked 
| 165|0x000000008a500000, 0x000000008a500000, 0x000000008a600000|  0%| F|  |TAMS 0x000000008a500000, 0x000000008a500000| Untracked 
| 166|0x000000008a600000, 0x000000008a600000, 0x000000008a700000|  0%| F|  |TAMS 0x000000008a600000, 0x000000008a600000| Untracked 
| 167|0x000000008a700000, 0x000000008a700000, 0x000000008a800000|  0%| F|  |TAMS 0x000000008a700000, 0x000000008a700000| Untracked 
| 168|0x000000008a800000, 0x000000008a800000, 0x000000008a900000|  0%| F|  |TAMS 0x000000008a800000, 0x000000008a800000| Untracked 
| 169|0x000000008a900000, 0x000000008a900000, 0x000000008aa00000|  0%| F|  |TAMS 0x000000008a900000, 0x000000008a900000| Untracked 
| 170|0x000000008aa00000, 0x000000008ab00000, 0x000000008ab00000|100%| O|  |TAMS 0x000000008ab00000, 0x000000008aa00000| Untracked 
| 171|0x000000008ab00000, 0x000000008ac00000, 0x000000008ac00000|100%| O|  |TAMS 0x000000008ac00000, 0x000000008ab00000| Untracked 
| 172|0x000000008ac00000, 0x000000008ad00000, 0x000000008ad00000|100%| O|  |TAMS 0x000000008ad00000, 0x000000008ac00000| Untracked 
| 173|0x000000008ad00000, 0x000000008ae00000, 0x000000008ae00000|100%| O|  |TAMS 0x000000008ae00000, 0x000000008ad00000| Complete 
| 174|0x000000008ae00000, 0x000000008ae00000, 0x000000008af00000|  0%| F|  |TAMS 0x000000008ae00000, 0x000000008ae00000| Untracked 
| 175|0x000000008af00000, 0x000000008af00000, 0x000000008b000000|  0%| F|  |TAMS 0x000000008af00000, 0x000000008af00000| Untracked 
| 176|0x000000008b000000, 0x000000008b000000, 0x000000008b100000|  0%| F|  |TAMS 0x000000008b000000, 0x000000008b000000| Untracked 
| 177|0x000000008b100000, 0x000000008b100000, 0x000000008b200000|  0%| F|  |TAMS 0x000000008b100000, 0x000000008b100000| Untracked 
| 178|0x000000008b200000, 0x000000008b200000, 0x000000008b300000|  0%| F|  |TAMS 0x000000008b200000, 0x000000008b200000| Untracked 
| 179|0x000000008b300000, 0x000000008b300000, 0x000000008b400000|  0%| F|  |TAMS 0x000000008b300000, 0x000000008b300000| Untracked 
| 180|0x000000008b400000, 0x000000008b400000, 0x000000008b500000|  0%| F|  |TAMS 0x000000008b400000, 0x000000008b400000| Untracked 
| 181|0x000000008b500000, 0x000000008b500000, 0x000000008b600000|  0%| F|  |TAMS 0x000000008b500000, 0x000000008b500000| Untracked 
| 182|0x000000008b600000, 0x000000008b600000, 0x000000008b700000|  0%| F|  |TAMS 0x000000008b600000, 0x000000008b600000| Untracked 
| 183|0x000000008b700000, 0x000000008b700000, 0x000000008b800000|  0%| F|  |TAMS 0x000000008b700000, 0x000000008b700000| Untracked 
| 184|0x000000008b800000, 0x000000008b800000, 0x000000008b900000|  0%| F|  |TAMS 0x000000008b800000, 0x000000008b800000| Untracked 
| 185|0x000000008b900000, 0x000000008b900000, 0x000000008ba00000|  0%| F|  |TAMS 0x000000008b900000, 0x000000008b900000| Untracked 
| 186|0x000000008ba00000, 0x000000008ba00000, 0x000000008bb00000|  0%| F|  |TAMS 0x000000008ba00000, 0x000000008ba00000| Untracked 
| 187|0x000000008bb00000, 0x000000008bb00000, 0x000000008bc00000|  0%| F|  |TAMS 0x000000008bb00000, 0x000000008bb00000| Untracked 
| 188|0x000000008bc00000, 0x000000008bc00000, 0x000000008bd00000|  0%| F|  |TAMS 0x000000008bc00000, 0x000000008bc00000| Untracked 
| 189|0x000000008bd00000, 0x000000008bd00000, 0x000000008be00000|  0%| F|  |TAMS 0x000000008bd00000, 0x000000008bd00000| Untracked 
| 190|0x000000008be00000, 0x000000008be00000, 0x000000008bf00000|  0%| F|  |TAMS 0x000000008be00000, 0x000000008be00000| Untracked 
| 191|0x000000008bf00000, 0x000000008bf00000, 0x000000008c000000|  0%| F|  |TAMS 0x000000008bf00000, 0x000000008bf00000| Untracked 
| 192|0x000000008c000000, 0x000000008c000000, 0x000000008c100000|  0%| F|  |TAMS 0x000000008c000000, 0x000000008c000000| Untracked 
| 193|0x000000008c100000, 0x000000008c100000, 0x000000008c200000|  0%| F|  |TAMS 0x000000008c100000, 0x000000008c100000| Untracked 
| 194|0x000000008c200000, 0x000000008c200000, 0x000000008c300000|  0%| F|  |TAMS 0x000000008c200000, 0x000000008c200000| Untracked 
| 195|0x000000008c300000, 0x000000008c300000, 0x000000008c400000|  0%| F|  |TAMS 0x000000008c300000, 0x000000008c300000| Untracked 
| 196|0x000000008c400000, 0x000000008c400000, 0x000000008c500000|  0%| F|  |TAMS 0x000000008c400000, 0x000000008c400000| Untracked 
| 197|0x000000008c500000, 0x000000008c500000, 0x000000008c600000|  0%| F|  |TAMS 0x000000008c500000, 0x000000008c500000| Untracked 
| 198|0x000000008c600000, 0x000000008c600000, 0x000000008c700000|  0%| F|  |TAMS 0x000000008c600000, 0x000000008c600000| Untracked 
| 199|0x000000008c700000, 0x000000008c700000, 0x000000008c800000|  0%| F|  |TAMS 0x000000008c700000, 0x000000008c700000| Untracked 
| 200|0x000000008c800000, 0x000000008c800000, 0x000000008c900000|  0%| F|  |TAMS 0x000000008c800000, 0x000000008c800000| Untracked 
| 201|0x000000008c900000, 0x000000008c900000, 0x000000008ca00000|  0%| F|  |TAMS 0x000000008c900000, 0x000000008c900000| Untracked 
| 202|0x000000008ca00000, 0x000000008ca00000, 0x000000008cb00000|  0%| F|  |TAMS 0x000000008ca00000, 0x000000008ca00000| Untracked 
| 203|0x000000008cb00000, 0x000000008cb00000, 0x000000008cc00000|  0%| F|  |TAMS 0x000000008cb00000, 0x000000008cb00000| Untracked 
| 204|0x000000008cc00000, 0x000000008cc00000, 0x000000008cd00000|  0%| F|  |TAMS 0x000000008cc00000, 0x000000008cc00000| Untracked 
| 205|0x000000008cd00000, 0x000000008cd00000, 0x000000008ce00000|  0%| F|  |TAMS 0x000000008cd00000, 0x000000008cd00000| Untracked 
| 206|0x000000008ce00000, 0x000000008ce00000, 0x000000008cf00000|  0%| F|  |TAMS 0x000000008ce00000, 0x000000008ce00000| Untracked 
| 207|0x000000008cf00000, 0x000000008cf00000, 0x000000008d000000|  0%| F|  |TAMS 0x000000008cf00000, 0x000000008cf00000| Untracked 
| 208|0x000000008d000000, 0x000000008d000000, 0x000000008d100000|  0%| F|  |TAMS 0x000000008d000000, 0x000000008d000000| Untracked 
| 209|0x000000008d100000, 0x000000008d100000, 0x000000008d200000|  0%| F|  |TAMS 0x000000008d100000, 0x000000008d100000| Untracked 
| 210|0x000000008d200000, 0x000000008d200000, 0x000000008d300000|  0%| F|  |TAMS 0x000000008d200000, 0x000000008d200000| Untracked 
| 211|0x000000008d300000, 0x000000008d300000, 0x000000008d400000|  0%| F|  |TAMS 0x000000008d300000, 0x000000008d300000| Untracked 
| 212|0x000000008d400000, 0x000000008d400000, 0x000000008d500000|  0%| F|  |TAMS 0x000000008d400000, 0x000000008d400000| Untracked 
| 213|0x000000008d500000, 0x000000008d500000, 0x000000008d600000|  0%| F|  |TAMS 0x000000008d500000, 0x000000008d500000| Untracked 
| 214|0x000000008d600000, 0x000000008d600000, 0x000000008d700000|  0%| F|  |TAMS 0x000000008d600000, 0x000000008d600000| Untracked 
| 215|0x000000008d700000, 0x000000008d700000, 0x000000008d800000|  0%| F|  |TAMS 0x000000008d700000, 0x000000008d700000| Untracked 
| 216|0x000000008d800000, 0x000000008d800000, 0x000000008d900000|  0%| F|  |TAMS 0x000000008d800000, 0x000000008d800000| Untracked 
| 217|0x000000008d900000, 0x000000008d900000, 0x000000008da00000|  0%| F|  |TAMS 0x000000008d900000, 0x000000008d900000| Untracked 
| 218|0x000000008da00000, 0x000000008da00000, 0x000000008db00000|  0%| F|  |TAMS 0x000000008da00000, 0x000000008da00000| Untracked 
| 219|0x000000008db00000, 0x000000008db00000, 0x000000008dc00000|  0%| F|  |TAMS 0x000000008db00000, 0x000000008db00000| Untracked 
| 220|0x000000008dc00000, 0x000000008dc00000, 0x000000008dd00000|  0%| F|  |TAMS 0x000000008dc00000, 0x000000008dc00000| Untracked 
| 221|0x000000008dd00000, 0x000000008dd00000, 0x000000008de00000|  0%| F|  |TAMS 0x000000008dd00000, 0x000000008dd00000| Untracked 
| 222|0x000000008de00000, 0x000000008de00000, 0x000000008df00000|  0%| F|  |TAMS 0x000000008de00000, 0x000000008de00000| Untracked 
| 223|0x000000008df00000, 0x000000008df00000, 0x000000008e000000|  0%| F|  |TAMS 0x000000008df00000, 0x000000008df00000| Untracked 
| 224|0x000000008e000000, 0x000000008e000000, 0x000000008e100000|  0%| F|  |TAMS 0x000000008e000000, 0x000000008e000000| Untracked 
| 225|0x000000008e100000, 0x000000008e100000, 0x000000008e200000|  0%| F|  |TAMS 0x000000008e100000, 0x000000008e100000| Untracked 
| 226|0x000000008e200000, 0x000000008e200000, 0x000000008e300000|  0%| F|  |TAMS 0x000000008e200000, 0x000000008e200000| Untracked 
| 227|0x000000008e300000, 0x000000008e300000, 0x000000008e400000|  0%| F|  |TAMS 0x000000008e300000, 0x000000008e300000| Untracked 
| 228|0x000000008e400000, 0x000000008e400000, 0x000000008e500000|  0%| F|  |TAMS 0x000000008e400000, 0x000000008e400000| Untracked 
| 229|0x000000008e500000, 0x000000008e500000, 0x000000008e600000|  0%| F|  |TAMS 0x000000008e500000, 0x000000008e500000| Untracked 
| 230|0x000000008e600000, 0x000000008e600000, 0x000000008e700000|  0%| F|  |TAMS 0x000000008e600000, 0x000000008e600000| Untracked 
| 231|0x000000008e700000, 0x000000008e700000, 0x000000008e800000|  0%| F|  |TAMS 0x000000008e700000, 0x000000008e700000| Untracked 
| 232|0x000000008e800000, 0x000000008e800000, 0x000000008e900000|  0%| F|  |TAMS 0x000000008e800000, 0x000000008e800000| Untracked 
| 233|0x000000008e900000, 0x000000008e900000, 0x000000008ea00000|  0%| F|  |TAMS 0x000000008e900000, 0x000000008e900000| Untracked 
| 234|0x000000008ea00000, 0x000000008ea00000, 0x000000008eb00000|  0%| F|  |TAMS 0x000000008ea00000, 0x000000008ea00000| Untracked 
| 235|0x000000008eb00000, 0x000000008eb00000, 0x000000008ec00000|  0%| F|  |TAMS 0x000000008eb00000, 0x000000008eb00000| Untracked 
| 236|0x000000008ec00000, 0x000000008ec00000, 0x000000008ed00000|  0%| F|  |TAMS 0x000000008ec00000, 0x000000008ec00000| Untracked 
| 237|0x000000008ed00000, 0x000000008ed00000, 0x000000008ee00000|  0%| F|  |TAMS 0x000000008ed00000, 0x000000008ed00000| Untracked 
| 238|0x000000008ee00000, 0x000000008ee00000, 0x000000008ef00000|  0%| F|  |TAMS 0x000000008ee00000, 0x000000008ee00000| Untracked 
| 239|0x000000008ef00000, 0x000000008ef00000, 0x000000008f000000|  0%| F|  |TAMS 0x000000008ef00000, 0x000000008ef00000| Untracked 
| 240|0x000000008f000000, 0x000000008f000000, 0x000000008f100000|  0%| F|  |TAMS 0x000000008f000000, 0x000000008f000000| Untracked 
| 241|0x000000008f100000, 0x000000008f100000, 0x000000008f200000|  0%| F|  |TAMS 0x000000008f100000, 0x000000008f100000| Untracked 
| 242|0x000000008f200000, 0x000000008f200000, 0x000000008f300000|  0%| F|  |TAMS 0x000000008f200000, 0x000000008f200000| Untracked 
| 243|0x000000008f300000, 0x000000008f300000, 0x000000008f400000|  0%| F|  |TAMS 0x000000008f300000, 0x000000008f300000| Untracked 
| 244|0x000000008f400000, 0x000000008f400000, 0x000000008f500000|  0%| F|  |TAMS 0x000000008f400000, 0x000000008f400000| Untracked 
| 245|0x000000008f500000, 0x000000008f500000, 0x000000008f600000|  0%| F|  |TAMS 0x000000008f500000, 0x000000008f500000| Untracked 
| 246|0x000000008f600000, 0x000000008f600000, 0x000000008f700000|  0%| F|  |TAMS 0x000000008f600000, 0x000000008f600000| Untracked 
| 247|0x000000008f700000, 0x000000008f700000, 0x000000008f800000|  0%| F|  |TAMS 0x000000008f700000, 0x000000008f700000| Untracked 
| 248|0x000000008f800000, 0x000000008f800000, 0x000000008f900000|  0%| F|  |TAMS 0x000000008f800000, 0x000000008f800000| Untracked 
| 249|0x000000008f900000, 0x000000008f900000, 0x000000008fa00000|  0%| F|  |TAMS 0x000000008f900000, 0x000000008f900000| Untracked 
| 250|0x000000008fa00000, 0x000000008fa00000, 0x000000008fb00000|  0%| F|  |TAMS 0x000000008fa00000, 0x000000008fa00000| Untracked 
| 251|0x000000008fb00000, 0x000000008fb00000, 0x000000008fc00000|  0%| F|  |TAMS 0x000000008fb00000, 0x000000008fb00000| Untracked 
| 252|0x000000008fc00000, 0x000000008fc00000, 0x000000008fd00000|  0%| F|  |TAMS 0x000000008fc00000, 0x000000008fc00000| Untracked 
| 253|0x000000008fd00000, 0x000000008fd00000, 0x000000008fe00000|  0%| F|  |TAMS 0x000000008fd00000, 0x000000008fd00000| Untracked 
| 254|0x000000008fe00000, 0x000000008fe00000, 0x000000008ff00000|  0%| F|  |TAMS 0x000000008fe00000, 0x000000008fe00000| Untracked 
| 255|0x000000008ff00000, 0x000000008ff00000, 0x0000000090000000|  0%| F|  |TAMS 0x000000008ff00000, 0x000000008ff00000| Untracked 
| 256|0x0000000090000000, 0x0000000090000000, 0x0000000090100000|  0%| F|  |TAMS 0x0000000090000000, 0x0000000090000000| Untracked 
| 257|0x0000000090100000, 0x0000000090100000, 0x0000000090200000|  0%| F|  |TAMS 0x0000000090100000, 0x0000000090100000| Untracked 
| 258|0x0000000090200000, 0x0000000090200000, 0x0000000090300000|  0%| F|  |TAMS 0x0000000090200000, 0x0000000090200000| Untracked 
| 259|0x0000000090300000, 0x0000000090300000, 0x0000000090400000|  0%| F|  |TAMS 0x0000000090300000, 0x0000000090300000| Untracked 
| 260|0x0000000090400000, 0x0000000090400000, 0x0000000090500000|  0%| F|  |TAMS 0x0000000090400000, 0x0000000090400000| Untracked 
| 261|0x0000000090500000, 0x0000000090500000, 0x0000000090600000|  0%| F|  |TAMS 0x0000000090500000, 0x0000000090500000| Untracked 
| 262|0x0000000090600000, 0x0000000090600000, 0x0000000090700000|  0%| F|  |TAMS 0x0000000090600000, 0x0000000090600000| Untracked 
| 263|0x0000000090700000, 0x0000000090700000, 0x0000000090800000|  0%| F|  |TAMS 0x0000000090700000, 0x0000000090700000| Untracked 
| 264|0x0000000090800000, 0x0000000090800000, 0x0000000090900000|  0%| F|  |TAMS 0x0000000090800000, 0x0000000090800000| Untracked 
| 265|0x0000000090900000, 0x0000000090900000, 0x0000000090a00000|  0%| F|  |TAMS 0x0000000090900000, 0x0000000090900000| Untracked 
| 266|0x0000000090a00000, 0x0000000090a00000, 0x0000000090b00000|  0%| F|  |TAMS 0x0000000090a00000, 0x0000000090a00000| Untracked 
| 267|0x0000000090b00000, 0x0000000090b00000, 0x0000000090c00000|  0%| F|  |TAMS 0x0000000090b00000, 0x0000000090b00000| Untracked 
| 268|0x0000000090c00000, 0x0000000090c00000, 0x0000000090d00000|  0%| F|  |TAMS 0x0000000090c00000, 0x0000000090c00000| Untracked 
| 269|0x0000000090d00000, 0x0000000090d00000, 0x0000000090e00000|  0%| F|  |TAMS 0x0000000090d00000, 0x0000000090d00000| Untracked 
| 270|0x0000000090e00000, 0x0000000090e00000, 0x0000000090f00000|  0%| F|  |TAMS 0x0000000090e00000, 0x0000000090e00000| Untracked 
| 271|0x0000000090f00000, 0x0000000090f00000, 0x0000000091000000|  0%| F|  |TAMS 0x0000000090f00000, 0x0000000090f00000| Untracked 
| 272|0x0000000091000000, 0x0000000091000000, 0x0000000091100000|  0%| F|  |TAMS 0x0000000091000000, 0x0000000091000000| Untracked 
| 273|0x0000000091100000, 0x0000000091100000, 0x0000000091200000|  0%| F|  |TAMS 0x0000000091100000, 0x0000000091100000| Untracked 
| 274|0x0000000091200000, 0x0000000091200000, 0x0000000091300000|  0%| F|  |TAMS 0x0000000091200000, 0x0000000091200000| Untracked 
| 275|0x0000000091300000, 0x0000000091300000, 0x0000000091400000|  0%| F|  |TAMS 0x0000000091300000, 0x0000000091300000| Untracked 
| 276|0x0000000091400000, 0x0000000091400000, 0x0000000091500000|  0%| F|  |TAMS 0x0000000091400000, 0x0000000091400000| Untracked 
| 277|0x0000000091500000, 0x0000000091500000, 0x0000000091600000|  0%| F|  |TAMS 0x0000000091500000, 0x0000000091500000| Untracked 
| 278|0x0000000091600000, 0x00000000916dbc20, 0x0000000091700000| 85%| S|CS|TAMS 0x0000000091600000, 0x0000000091600000| Complete 
| 279|0x0000000091700000, 0x0000000091700000, 0x0000000091800000|  0%| F|  |TAMS 0x0000000091700000, 0x0000000091700000| Untracked 
| 280|0x0000000091800000, 0x0000000091800000, 0x0000000091900000|  0%| F|  |TAMS 0x0000000091800000, 0x0000000091800000| Untracked 
| 281|0x0000000091900000, 0x0000000091900000, 0x0000000091a00000|  0%| F|  |TAMS 0x0000000091900000, 0x0000000091900000| Untracked 
| 282|0x0000000091a00000, 0x0000000091a00000, 0x0000000091b00000|  0%| F|  |TAMS 0x0000000091a00000, 0x0000000091a00000| Untracked 
| 283|0x0000000091b00000, 0x0000000091b00000, 0x0000000091c00000|  0%| F|  |TAMS 0x0000000091b00000, 0x0000000091b00000| Untracked 
| 284|0x0000000091c00000, 0x0000000091c00000, 0x0000000091d00000|  0%| F|  |TAMS 0x0000000091c00000, 0x0000000091c00000| Untracked 
| 285|0x0000000091d00000, 0x0000000091d00000, 0x0000000091e00000|  0%| F|  |TAMS 0x0000000091d00000, 0x0000000091d00000| Untracked 
| 286|0x0000000091e00000, 0x0000000091e00000, 0x0000000091f00000|  0%| F|  |TAMS 0x0000000091e00000, 0x0000000091e00000| Untracked 
| 287|0x0000000091f00000, 0x0000000091f00000, 0x0000000092000000|  0%| F|  |TAMS 0x0000000091f00000, 0x0000000091f00000| Untracked 

Card table byte_map: [0x000001f32f6f0000,0x000001f32faf0000] _byte_map_base: 0x000001f32f2f0000

Marking Bits (Prev, Next): (CMBitMap*) 0x000001f31cc0e988, (CMBitMap*) 0x000001f31cc0e9c0
 Prev Bits: [0x000001f32fef0000, 0x000001f331ef0000)
 Next Bits: [0x000001f331ef0000, 0x000001f333ef0000)

Polling page: 0x000001f31a9f0000

Metaspace:

Usage:
  Non-class:    108.34 MB capacity,   106.32 MB ( 98%) used,     1.60 MB (  1%) free+waste,   438.25 KB ( <1%) overhead. 
      Class:     16.15 MB capacity,    14.84 MB ( 92%) used,     1.13 MB (  7%) free+waste,   185.56 KB (  1%) overhead. 
       Both:    124.49 MB capacity,   121.15 MB ( 97%) used,     2.73 MB (  2%) free+waste,   623.81 KB ( <1%) overhead. 

Virtual space:
  Non-class space:      110.00 MB reserved,     108.58 MB ( 99%) committed 
      Class space:        1.00 GB reserved,      16.30 MB (  2%) committed 
             Both:        1.11 GB reserved,     124.88 MB ( 11%) committed 

Chunk freelists:
   Non-Class:  176.00 KB
       Class:  75.00 KB
        Both:  251.00 KB

MaxMetaspaceSize: 17179869184.00 GB
CompressedClassSpaceSize: 1.00 GB
Initial GC threshold: 20.80 MB
Current GC threshold: 208.14 MB
CDS: off

CodeHeap 'non-profiled nmethods': size=120064Kb used=17536Kb max_used=17797Kb free=102527Kb
 bounds [0x000001f3281b0000, 0x000001f329320000, 0x000001f32f6f0000]
CodeHeap 'profiled nmethods': size=120000Kb used=51114Kb max_used=52019Kb free=68885Kb
 bounds [0x000001f320c80000, 0x000001f323fb0000, 0x000001f3281b0000]
CodeHeap 'non-nmethods': size=5696Kb used=2437Kb max_used=2490Kb free=3258Kb
 bounds [0x000001f3206f0000, 0x000001f320970000, 0x000001f320c80000]
 total_blobs=23264 nmethods=22294 adapters=881
 compilation: enabled
              stopped_count=0, restarted_count=0
 full_count=0

Compilation events (20 events):
Event: 5396.376 Thread 0x000001f3362f1800 26088       3       com.android.tools.r8.internal.Kb::a (280 bytes)
Event: 5396.383 Thread 0x000001f3362f1800 nmethod 26088 0x000001f322b3f590 code [0x000001f322b3fc80, 0x000001f322b443f8]
Event: 5396.388 Thread 0x000001f3362f1800 26089       3       com.android.tools.r8.internal.EN::a (233 bytes)
Event: 5396.389 Thread 0x000001f3362f1800 nmethod 26089 0x000001f322306590 code [0x000001f3223068e0, 0x000001f322307a78]
Event: 5396.389 Thread 0x000001f3362f1800 26090       3       com.android.tools.r8.internal.wH::b (32 bytes)
Event: 5396.390 Thread 0x000001f3362f1800 nmethod 26090 0x000001f3222cdf10 code [0x000001f3222ce180, 0x000001f3222ceda8]
Event: 5396.411 Thread 0x000001f3362f1800 26091       3       com.android.tools.r8.internal.w20::f (73 bytes)
Event: 5396.411 Thread 0x000001f3362f1800 nmethod 26091 0x000001f322c28890 code [0x000001f322c28a40, 0x000001f322c28c18]
Event: 5396.415 Thread 0x000001f3362f1800 26092       3       com.android.tools.r8.internal.v8::a (5 bytes)
Event: 5396.416 Thread 0x000001f3362f1800 nmethod 26092 0x000001f322dcc790 code [0x000001f322dcc940, 0x000001f322dccaf8]
Event: 5396.416 Thread 0x000001f3362f1800 26093       3       com.android.tools.r8.internal.v8::a (5 bytes)
Event: 5396.416 Thread 0x000001f3362f1800 nmethod 26093 0x000001f321786690 code [0x000001f3217868a0, 0x000001f321786cb8]
Event: 5396.417 Thread 0x000001f3362f1800 26094       3       com.android.tools.r8.code.h3::<init> (5 bytes)
Event: 5396.417 Thread 0x000001f3362f1800 nmethod 26094 0x000001f323018f10 code [0x000001f3230190e0, 0x000001f323019358]
Event: 5396.421 Thread 0x000001f3362f1800 26095       3       com.android.tools.r8.internal.wv::a (103 bytes)
Event: 5396.424 Thread 0x000001f3362f1800 nmethod 26095 0x000001f321ef8c10 code [0x000001f321ef8f40, 0x000001f321efa968]
Event: 5396.425 Thread 0x000001f3362f1800 26096       3       com.android.tools.r8.internal.kv::a (97 bytes)
Event: 5396.426 Thread 0x000001f3362f1800 nmethod 26096 0x000001f321da0f90 code [0x000001f321da1200, 0x000001f321da18f8]
Event: 5396.427 Thread 0x000001f3362f1800 26097       3       com.android.tools.r8.internal.Y7::p (2 bytes)
Event: 5396.427 Thread 0x000001f3362f1800 nmethod 26097 0x000001f3229e5890 code [0x000001f3229e5a40, 0x000001f3229e5b38]

GC Heap History (20 events):
Event: 5385.433 GC heap after
{Heap after GC invocations=105 (full 0):
 garbage-first heap   total 294912K, used 113180K [0x0000000080000000, 0x0000000100000000)
  region size 1024K, 2 young (2048K), 2 survivors (2048K)
 Metaspace       used 123753K, capacity 127304K, committed 127624K, reserved 1161216K
  class space    used 15209K, capacity 16554K, committed 16696K, reserved 1048576K
}
Event: 5385.717 GC heap before
{Heap before GC invocations=105 (full 0):
 garbage-first heap   total 294912K, used 125468K [0x0000000080000000, 0x0000000100000000)
  region size 1024K, 14 young (14336K), 2 survivors (2048K)
 Metaspace       used 123772K, capacity 127309K, committed 127624K, reserved 1161216K
  class space    used 15209K, capacity 16554K, committed 16696K, reserved 1048576K
}
Event: 5385.746 GC heap after
{Heap after GC invocations=106 (full 0):
 garbage-first heap   total 294912K, used 110889K [0x0000000080000000, 0x0000000100000000)
  region size 1024K, 2 young (2048K), 2 survivors (2048K)
 Metaspace       used 123772K, capacity 127309K, committed 127624K, reserved 1161216K
  class space    used 15209K, capacity 16554K, committed 16696K, reserved 1048576K
}
Event: 5388.967 GC heap before
{Heap before GC invocations=106 (full 0):
 garbage-first heap   total 294912K, used 127273K [0x0000000080000000, 0x0000000100000000)
  region size 1024K, 19 young (19456K), 2 survivors (2048K)
 Metaspace       used 123781K, capacity 127316K, committed 127624K, reserved 1161216K
  class space    used 15209K, capacity 16556K, committed 16696K, reserved 1048576K
}
Event: 5389.058 GC heap after
{Heap after GC invocations=107 (full 0):
 garbage-first heap   total 294912K, used 113984K [0x0000000080000000, 0x0000000100000000)
  region size 1024K, 4 young (4096K), 4 survivors (4096K)
 Metaspace       used 123781K, capacity 127316K, committed 127624K, reserved 1161216K
  class space    used 15209K, capacity 16556K, committed 16696K, reserved 1048576K
}
Event: 5391.540 GC heap before
{Heap before GC invocations=108 (full 0):
 garbage-first heap   total 294912K, used 142656K [0x0000000080000000, 0x0000000100000000)
  region size 1024K, 30 young (30720K), 4 survivors (4096K)
 Metaspace       used 123783K, capacity 127316K, committed 127624K, reserved 1161216K
  class space    used 15209K, capacity 16556K, committed 16696K, reserved 1048576K
}
Event: 5391.598 GC heap after
{Heap after GC invocations=109 (full 0):
 garbage-first heap   total 294912K, used 123522K [0x0000000080000000, 0x0000000100000000)
  region size 1024K, 4 young (4096K), 4 survivors (4096K)
 Metaspace       used 123783K, capacity 127316K, committed 127624K, reserved 1161216K
  class space    used 15209K, capacity 16556K, committed 16696K, reserved 1048576K
}
Event: 5391.674 GC heap before
{Heap before GC invocations=109 (full 0):
 garbage-first heap   total 294912K, used 132738K [0x0000000080000000, 0x0000000100000000)
  region size 1024K, 14 young (14336K), 4 survivors (4096K)
 Metaspace       used 123786K, capacity 127316K, committed 127624K, reserved 1161216K
  class space    used 15209K, capacity 16556K, committed 16696K, reserved 1048576K
}
Event: 5391.723 GC heap after
{Heap after GC invocations=110 (full 0):
 garbage-first heap   total 294912K, used 125952K [0x0000000080000000, 0x0000000100000000)
  region size 1024K, 2 young (2048K), 2 survivors (2048K)
 Metaspace       used 123786K, capacity 127316K, committed 127624K, reserved 1161216K
  class space    used 15209K, capacity 16556K, committed 16696K, reserved 1048576K
}
Event: 5392.126 GC heap before
{Heap before GC invocations=110 (full 0):
 garbage-first heap   total 294912K, used 162816K [0x0000000080000000, 0x0000000100000000)
  region size 1024K, 38 young (38912K), 2 survivors (2048K)
 Metaspace       used 124051K, capacity 127614K, committed 127880K, reserved 1161216K
  class space    used 15231K, capacity 16594K, committed 16696K, reserved 1048576K
}
Event: 5392.165 GC heap after
{Heap after GC invocations=111 (full 0):
 garbage-first heap   total 294912K, used 131072K [0x0000000080000000, 0x0000000100000000)
  region size 1024K, 5 young (5120K), 5 survivors (5120K)
 Metaspace       used 124051K, capacity 127614K, committed 127880K, reserved 1161216K
  class space    used 15231K, capacity 16594K, committed 16696K, reserved 1048576K
}
Event: 5393.836 GC heap before
{Heap before GC invocations=112 (full 0):
 garbage-first heap   total 294912K, used 169984K [0x0000000080000000, 0x0000000100000000)
  region size 1024K, 43 young (44032K), 5 survivors (5120K)
 Metaspace       used 123938K, capacity 127342K, committed 127880K, reserved 1161216K
  class space    used 15198K, capacity 16531K, committed 16696K, reserved 1048576K
}
Event: 5393.905 GC heap after
{Heap after GC invocations=113 (full 0):
 garbage-first heap   total 294912K, used 133783K [0x0000000080000000, 0x0000000100000000)
  region size 1024K, 3 young (3072K), 3 survivors (3072K)
 Metaspace       used 123938K, capacity 127342K, committed 127880K, reserved 1161216K
  class space    used 15198K, capacity 16531K, committed 16696K, reserved 1048576K
}
Event: 5394.248 GC heap before
{Heap before GC invocations=113 (full 0):
 garbage-first heap   total 294912K, used 148119K [0x0000000080000000, 0x0000000100000000)
  region size 1024K, 14 young (14336K), 3 survivors (3072K)
 Metaspace       used 123998K, capacity 127397K, committed 127880K, reserved 1161216K
  class space    used 15203K, capacity 16540K, committed 16696K, reserved 1048576K
}
Event: 5394.291 GC heap after
{Heap after GC invocations=114 (full 0):
 garbage-first heap   total 294912K, used 133230K [0x0000000080000000, 0x0000000100000000)
  region size 1024K, 2 young (2048K), 2 survivors (2048K)
 Metaspace       used 123998K, capacity 127397K, committed 127880K, reserved 1161216K
  class space    used 15203K, capacity 16540K, committed 16696K, reserved 1048576K
}
Event: 5394.615 GC heap before
{Heap before GC invocations=114 (full 0):
 garbage-first heap   total 294912K, used 163950K [0x0000000080000000, 0x0000000100000000)
  region size 1024K, 33 young (33792K), 2 survivors (2048K)
 Metaspace       used 124074K, capacity 127478K, committed 127880K, reserved 1161216K
  class space    used 15205K, capacity 16541K, committed 16696K, reserved 1048576K
}
Event: 5394.661 GC heap after
{Heap after GC invocations=115 (full 0):
 garbage-first heap   total 294912K, used 139624K [0x0000000080000000, 0x0000000100000000)
  region size 1024K, 5 young (5120K), 5 survivors (5120K)
 Metaspace       used 124074K, capacity 127478K, committed 127880K, reserved 1161216K
  class space    used 15205K, capacity 16541K, committed 16696K, reserved 1048576K
}
Event: 5396.127 GC heap before
{Heap before GC invocations=116 (full 0):
 garbage-first heap   total 294912K, used 168296K [0x0000000080000000, 0x0000000100000000)
  region size 1024K, 36 young (36864K), 5 survivors (5120K)
 Metaspace       used 124012K, capacity 127475K, committed 127880K, reserved 1161216K
  class space    used 15191K, capacity 16533K, committed 16696K, reserved 1048576K
}
Event: 5396.168 GC heap after
{Heap after GC invocations=117 (full 0):
 garbage-first heap   total 294912K, used 141802K [0x0000000080000000, 0x0000000100000000)
  region size 1024K, 5 young (5120K), 5 survivors (5120K)
 Metaspace       used 124012K, capacity 127475K, committed 127880K, reserved 1161216K
  class space    used 15191K, capacity 16533K, committed 16696K, reserved 1048576K
}
Event: 5396.431 GC heap before
{Heap before GC invocations=117 (full 0):
 garbage-first heap   total 294912K, used 151018K [0x0000000080000000, 0x0000000100000000)
  region size 1024K, 14 young (14336K), 5 survivors (5120K)
 Metaspace       used 124059K, capacity 127477K, committed 127880K, reserved 1161216K
  class space    used 15191K, capacity 16533K, committed 16696K, reserved 1048576K
}

Deoptimization events (20 events):
Event: 5396.054 Thread 0x000001f338eff800 DEOPT PACKING pc=0x000001f322fe811f sp=0x000000f24e4fc3a0
Event: 5396.054 Thread 0x000001f338eff800 DEOPT UNPACKING pc=0x000001f32073a93f sp=0x000000f24e4fb830 mode 0
Event: 5396.277 Thread 0x000001f338eff800 Uncommon trap: trap_request=0xffffffc6 fr.pc=0x000001f328f472c4 relative=0x0000000000000cc4
Event: 5396.277 Thread 0x000001f338eff800 Uncommon trap: reason=bimorphic_or_optimized_type_check action=maybe_recompile pc=0x000001f328f472c4 method=java.util.Collection.removeIf(Ljava/util/function/Predicate;)Z @ 39 c2
Event: 5396.277 Thread 0x000001f338eff800 DEOPT PACKING pc=0x000001f328f472c4 sp=0x000000f24e4fc4c0
Event: 5396.277 Thread 0x000001f338eff800 DEOPT UNPACKING pc=0x000001f32073a1a9 sp=0x000000f24e4fc4b0 mode 2
Event: 5396.278 Thread 0x000001f338eff800 Uncommon trap: trap_request=0xffffffc6 fr.pc=0x000001f328f472c4 relative=0x0000000000000cc4
Event: 5396.278 Thread 0x000001f338eff800 Uncommon trap: reason=bimorphic_or_optimized_type_check action=maybe_recompile pc=0x000001f328f472c4 method=java.util.Collection.removeIf(Ljava/util/function/Predicate;)Z @ 39 c2
Event: 5396.278 Thread 0x000001f338eff800 DEOPT PACKING pc=0x000001f328f472c4 sp=0x000000f24e4fc4c0
Event: 5396.278 Thread 0x000001f338eff800 DEOPT UNPACKING pc=0x000001f32073a1a9 sp=0x000000f24e4fc4b0 mode 2
Event: 5396.284 Thread 0x000001f338eff800 DEOPT PACKING pc=0x000001f322866d3d sp=0x000000f24e4fc380
Event: 5396.284 Thread 0x000001f338eff800 DEOPT UNPACKING pc=0x000001f32073a93f sp=0x000000f24e4fb820 mode 0
Event: 5396.285 Thread 0x000001f338eff800 Uncommon trap: trap_request=0xffffffc6 fr.pc=0x000001f328f472c4 relative=0x0000000000000cc4
Event: 5396.285 Thread 0x000001f338eff800 Uncommon trap: reason=bimorphic_or_optimized_type_check action=maybe_recompile pc=0x000001f328f472c4 method=java.util.Collection.removeIf(Ljava/util/function/Predicate;)Z @ 39 c2
Event: 5396.285 Thread 0x000001f338eff800 DEOPT PACKING pc=0x000001f328f472c4 sp=0x000000f24e4fc4c0
Event: 5396.285 Thread 0x000001f338eff800 DEOPT UNPACKING pc=0x000001f32073a1a9 sp=0x000000f24e4fc4b0 mode 2
Event: 5396.285 Thread 0x000001f338eff800 Uncommon trap: trap_request=0xffffffc6 fr.pc=0x000001f328f472c4 relative=0x0000000000000cc4
Event: 5396.285 Thread 0x000001f338eff800 Uncommon trap: reason=bimorphic_or_optimized_type_check action=maybe_recompile pc=0x000001f328f472c4 method=java.util.Collection.removeIf(Ljava/util/function/Predicate;)Z @ 39 c2
Event: 5396.285 Thread 0x000001f338eff800 DEOPT PACKING pc=0x000001f328f472c4 sp=0x000000f24e4fc4c0
Event: 5396.285 Thread 0x000001f338eff800 DEOPT UNPACKING pc=0x000001f32073a1a9 sp=0x000000f24e4fc4b0 mode 2

Classes redefined (0 events):
No events

Internal exceptions (20 events):
Event: 5393.362 Thread 0x000001f338efb800 Exception <a 'sun/nio/fs/WindowsException'{0x000000009097eeb0}> (0x000000009097eeb0) thrown at [./src/hotspot/share/prims/jni.cpp, line 616]
Event: 5393.366 Thread 0x000001f338efb800 Exception <a 'sun/nio/fs/WindowsException'{0x00000000909904f0}> (0x00000000909904f0) thrown at [./src/hotspot/share/prims/jni.cpp, line 616]
Event: 5393.370 Thread 0x000001f338efb800 Exception <a 'sun/nio/fs/WindowsException'{0x0000000090996018}> (0x0000000090996018) thrown at [./src/hotspot/share/prims/jni.cpp, line 616]
Event: 5393.373 Thread 0x000001f338efb800 Exception <a 'sun/nio/fs/WindowsException'{0x000000009099b118}> (0x000000009099b118) thrown at [./src/hotspot/share/prims/jni.cpp, line 616]
Event: 5393.377 Thread 0x000001f338efb800 Exception <a 'sun/nio/fs/WindowsException'{0x000000009099fb30}> (0x000000009099fb30) thrown at [./src/hotspot/share/prims/jni.cpp, line 616]
Event: 5393.380 Thread 0x000001f338efb800 Exception <a 'sun/nio/fs/WindowsException'{0x00000000909a3f38}> (0x00000000909a3f38) thrown at [./src/hotspot/share/prims/jni.cpp, line 616]
Event: 5393.386 Thread 0x000001f338efb800 Exception <a 'sun/nio/fs/WindowsException'{0x00000000909ab850}> (0x00000000909ab850) thrown at [./src/hotspot/share/prims/jni.cpp, line 616]
Event: 5393.389 Thread 0x000001f338efb800 Exception <a 'sun/nio/fs/WindowsException'{0x00000000909b42d8}> (0x00000000909b42d8) thrown at [./src/hotspot/share/prims/jni.cpp, line 616]
Event: 5393.394 Thread 0x000001f338efb800 Exception <a 'sun/nio/fs/WindowsException'{0x00000000909be388}> (0x00000000909be388) thrown at [./src/hotspot/share/prims/jni.cpp, line 616]
Event: 5393.400 Thread 0x000001f338efb800 Exception <a 'sun/nio/fs/WindowsException'{0x00000000909c63f8}> (0x00000000909c63f8) thrown at [./src/hotspot/share/prims/jni.cpp, line 616]
Event: 5393.404 Thread 0x000001f338efb800 Exception <a 'sun/nio/fs/WindowsException'{0x00000000909cc760}> (0x00000000909cc760) thrown at [./src/hotspot/share/prims/jni.cpp, line 616]
Event: 5393.412 Thread 0x000001f338efb800 Exception <a 'sun/nio/fs/WindowsException'{0x00000000909d2f38}> (0x00000000909d2f38) thrown at [./src/hotspot/share/prims/jni.cpp, line 616]
Event: 5393.418 Thread 0x000001f338efb800 Exception <a 'sun/nio/fs/WindowsException'{0x00000000909e6908}> (0x00000000909e6908) thrown at [./src/hotspot/share/prims/jni.cpp, line 616]
Event: 5393.424 Thread 0x000001f338efb800 Exception <a 'sun/nio/fs/WindowsException'{0x000000009081b408}> (0x000000009081b408) thrown at [./src/hotspot/share/prims/jni.cpp, line 616]
Event: 5393.638 Thread 0x000001f338efb800 Implicit null exception at 0x000001f3289faeb7 to 0x000001f3289fbf04
Event: 5393.726 Thread 0x000001f339b7f000 Exception <a 'java/lang/NoSuchMethodError'{0x000000008fe44be0}: <clinit>> (0x000000008fe44be0) thrown at [./src/hotspot/share/prims/jni.cpp, line 1366]
Event: 5393.735 Thread 0x000001f339b7f000 Exception <a 'java/lang/NoSuchMethodError'{0x000000008fe68780}: <clinit>> (0x000000008fe68780) thrown at [./src/hotspot/share/prims/jni.cpp, line 1366]
Event: 5394.216 Thread 0x000001f338ef5800 Exception <a 'sun/nio/fs/WindowsException'{0x00000000916c88e0}> (0x00000000916c88e0) thrown at [./src/hotspot/share/prims/jni.cpp, line 616]
Event: 5394.229 Thread 0x000001f338ef5800 Exception <a 'java/lang/NoSuchMethodError'{0x00000000915156f0}: <clinit>> (0x00000000915156f0) thrown at [./src/hotspot/share/prims/jni.cpp, line 1366]
Event: 5395.276 Thread 0x000001f338efc000 Exception <a 'sun/nio/fs/WindowsException'{0x00000000919145c8}> (0x00000000919145c8) thrown at [./src/hotspot/share/prims/jni.cpp, line 616]

Events (20 events):
Event: 5395.855 loading class com/android/tools/r8/internal/IK
Event: 5395.855 loading class com/android/tools/r8/internal/IK done
Event: 5395.857 loading class com/android/tools/r8/internal/QK
Event: 5395.857 loading class com/android/tools/r8/internal/QK done
Event: 5395.859 loading class com/android/tools/r8/internal/NK
Event: 5395.859 loading class com/android/tools/r8/internal/NK done
Event: 5395.860 loading class com/android/tools/r8/internal/b1
Event: 5395.860 loading class com/android/tools/r8/internal/b1 done
Event: 5395.861 loading class com/android/tools/r8/internal/X0
Event: 5395.861 loading class com/android/tools/r8/internal/X0 done
Event: 5395.873 loading class com/android/tools/r8/internal/Us
Event: 5395.873 loading class com/android/tools/r8/internal/Us done
Event: 5396.015 Executing VM operation: ICBufferFull
Event: 5396.017 Executing VM operation: ICBufferFull done
Event: 5396.126 Executing VM operation: G1CollectForAllocation
Event: 5396.168 Executing VM operation: G1CollectForAllocation done
Event: 5396.302 Executing VM operation: RevokeBias
Event: 5396.304 Executing VM operation: RevokeBias done
Event: 5396.304 Thread 0x000001f338efe800 Thread exited: 0x000001f338efe800
Event: 5396.429 Executing VM operation: G1CollectForAllocation


Dynamic libraries:
0x00007ff748870000 - 0x00007ff74887a000 	C:\Program Files\Android\Android Studio\jre\bin\java.exe
0x00007ffc88f50000 - 0x00007ffc89148000 	C:\Windows\SYSTEM32\ntdll.dll
0x00007ffc87e10000 - 0x00007ffc87ecf000 	C:\Windows\System32\KERNEL32.DLL
0x00007ffc867f0000 - 0x00007ffc86ac2000 	C:\Windows\System32\KERNELBASE.dll
0x00007ffc86e90000 - 0x00007ffc86f90000 	C:\Windows\System32\ucrtbase.dll
0x00007ffc71f70000 - 0x00007ffc71f89000 	C:\Program Files\Android\Android Studio\jre\bin\jli.dll
0x00007ffc71c20000 - 0x00007ffc71c37000 	C:\Program Files\Android\Android Studio\jre\bin\VCRUNTIME140.dll
0x00007ffc88110000 - 0x00007ffc882b1000 	C:\Windows\System32\USER32.dll
0x00007ffc7cc40000 - 0x00007ffc7ceda000 	C:\Windows\WinSxS\amd64_microsoft.windows.common-controls_6595b64144ccf1df_6.0.19041.1110_none_60b5254171f9507e\COMCTL32.dll
0x00007ffc86cf0000 - 0x00007ffc86d12000 	C:\Windows\System32\win32u.dll
0x00007ffc87a80000 - 0x00007ffc87aab000 	C:\Windows\System32\GDI32.dll
0x00007ffc878b0000 - 0x00007ffc8794e000 	C:\Windows\System32\msvcrt.dll
0x00007ffc866e0000 - 0x00007ffc867ef000 	C:\Windows\System32\gdi32full.dll
0x00007ffc86640000 - 0x00007ffc866dd000 	C:\Windows\System32\msvcp_win.dll
0x00007ffc87ed0000 - 0x00007ffc87f02000 	C:\Windows\System32\IMM32.DLL
0x00007ffc61120000 - 0x00007ffc611bd000 	C:\Program Files\Android\Android Studio\jre\bin\msvcp140.dll
0x00007ffc2daf0000 - 0x00007ffc2e5f2000 	C:\Program Files\Android\Android Studio\jre\bin\server\jvm.dll
0x00007ffc87d60000 - 0x00007ffc87e0e000 	C:\Windows\System32\ADVAPI32.dll
0x00007ffc87fa0000 - 0x00007ffc8803c000 	C:\Windows\System32\sechost.dll
0x00007ffc88d30000 - 0x00007ffc88e55000 	C:\Windows\System32\RPCRT4.dll
0x00007ffc87ad0000 - 0x00007ffc87ad8000 	C:\Windows\System32\PSAPI.DLL
0x00007ffc834e0000 - 0x00007ffc834e9000 	C:\Windows\SYSTEM32\WSOCK32.dll
0x00007ffc87b40000 - 0x00007ffc87bab000 	C:\Windows\System32\WS2_32.dll
0x00007ffc7cef0000 - 0x00007ffc7cf17000 	C:\Windows\SYSTEM32\WINMM.dll
0x00007ffc7d030000 - 0x00007ffc7d03a000 	C:\Windows\SYSTEM32\VERSION.dll
0x00007ffc84520000 - 0x00007ffc84532000 	C:\Windows\SYSTEM32\kernel.appcore.dll
0x00007ffc82300000 - 0x00007ffc82311000 	C:\Program Files\Android\Android Studio\jre\bin\verify.dll
0x00007ffc79940000 - 0x00007ffc79b24000 	C:\Windows\SYSTEM32\DBGHELP.DLL
0x00007ffc79900000 - 0x00007ffc79935000 	C:\Windows\SYSTEM32\dbgcore.DLL
0x00007ffc86c30000 - 0x00007ffc86cb2000 	C:\Windows\System32\bcryptPrimitives.dll
0x00007ffc7af30000 - 0x00007ffc7af59000 	C:\Program Files\Android\Android Studio\jre\bin\java.dll
0x00007ffc834b0000 - 0x00007ffc834bb000 	C:\Program Files\Android\Android Studio\jre\bin\jimage.dll
0x00007ffc7adc0000 - 0x00007ffc7add8000 	C:\Program Files\Android\Android Studio\jre\bin\zip.dll
0x00007ffc88500000 - 0x00007ffc88c44000 	C:\Windows\System32\SHELL32.dll
0x00007ffc84720000 - 0x00007ffc84eb2000 	C:\Windows\SYSTEM32\windows.storage.dll
0x00007ffc86f90000 - 0x00007ffc872e5000 	C:\Windows\System32\combase.dll
0x00007ffc860a0000 - 0x00007ffc860d0000 	C:\Windows\SYSTEM32\Wldp.dll
0x00007ffc88e60000 - 0x00007ffc88f0d000 	C:\Windows\System32\SHCORE.dll
0x00007ffc88c50000 - 0x00007ffc88ca5000 	C:\Windows\System32\shlwapi.dll
0x00007ffc86580000 - 0x00007ffc8659f000 	C:\Windows\SYSTEM32\profapi.dll
0x00007ffc7ada0000 - 0x00007ffc7adba000 	C:\Program Files\Android\Android Studio\jre\bin\net.dll
0x00007ffc7cf20000 - 0x00007ffc7d02c000 	C:\Windows\SYSTEM32\WINHTTP.dll
0x00007ffc85d90000 - 0x00007ffc85dfa000 	C:\Windows\system32\mswsock.dll
0x00007ffc7ad80000 - 0x00007ffc7ad94000 	C:\Program Files\Android\Android Studio\jre\bin\nio.dll
0x00007ffc74090000 - 0x00007ffc740b7000 	C:\Users\Me\.gradle\native\e1d6ef7f7dcc3fd88c89a11ec53ec762bb8ba0a96d01ffa2cd45eb1d1d8dd5c5\windows-amd64\native-platform.dll
0x00007ffc5ef00000 - 0x00007ffc5f044000 	C:\Users\Me\.gradle\native\0d407fdbe67a94daf76414ababcb853783967236a71b16ec16e742cd7a986fd3\windows-amd64\native-platform-file-events.dll
0x00007ffc822f0000 - 0x00007ffc822fa000 	C:\Program Files\Android\Android Studio\jre\bin\management.dll
0x00007ffc7af20000 - 0x00007ffc7af2d000 	C:\Program Files\Android\Android Studio\jre\bin\management_ext.dll
0x00007ffc85f80000 - 0x00007ffc85f98000 	C:\Windows\SYSTEM32\CRYPTSP.dll
0x00007ffc85640000 - 0x00007ffc85674000 	C:\Windows\system32\rsaenh.dll
0x00007ffc86cc0000 - 0x00007ffc86ce7000 	C:\Windows\System32\bcrypt.dll
0x00007ffc86500000 - 0x00007ffc8652e000 	C:\Windows\SYSTEM32\USERENV.dll
0x00007ffc85fa0000 - 0x00007ffc85fac000 	C:\Windows\SYSTEM32\CRYPTBASE.dll
0x00007ffc85a10000 - 0x00007ffc85a4b000 	C:\Windows\SYSTEM32\IPHLPAPI.DLL
0x00007ffc884f0000 - 0x00007ffc884f8000 	C:\Windows\System32\NSI.dll
0x00007ffc7f790000 - 0x00007ffc7f7a7000 	C:\Windows\SYSTEM32\dhcpcsvc6.DLL
0x00007ffc7f770000 - 0x00007ffc7f78d000 	C:\Windows\SYSTEM32\dhcpcsvc.DLL
0x00007ffc85a50000 - 0x00007ffc85b1a000 	C:\Windows\SYSTEM32\DNSAPI.dll
0x00007ffc6e410000 - 0x00007ffc6e437000 	C:\Program Files\Android\Android Studio\jre\bin\sunec.dll

dbghelp: loaded successfully - version: 4.0.5 - missing functions: none
symbol engine: initialized successfully - sym options: 0x614 - pdb path: .;C:\Program Files\Android\Android Studio\jre\bin;C:\Windows\SYSTEM32;C:\Windows\WinSxS\amd64_microsoft.windows.common-controls_6595b64144ccf1df_6.0.19041.1110_none_60b5254171f9507e;C:\Program Files\Android\Android Studio\jre\bin\server;C:\Users\Me\.gradle\native\e1d6ef7f7dcc3fd88c89a11ec53ec762bb8ba0a96d01ffa2cd45eb1d1d8dd5c5\windows-amd64;C:\Users\Me\.gradle\native\0d407fdbe67a94daf76414ababcb853783967236a71b16ec16e742cd7a986fd3\windows-amd64

VM Arguments:
jvm_args: --add-opens=java.base/java.util=ALL-UNNAMED --add-opens=java.base/java.lang=ALL-UNNAMED --add-opens=java.base/java.lang.invoke=ALL-UNNAMED --add-opens=java.base/java.util=ALL-UNNAMED --add-opens=java.prefs/java.util.prefs=ALL-UNNAMED --add-opens=java.prefs/java.util.prefs=ALL-UNNAMED --add-opens=java.base/java.nio.charset=ALL-UNNAMED --add-opens=java.base/java.net=ALL-UNNAMED --add-opens=java.base/java.util.concurrent.atomic=ALL-UNNAMED -Xmx2048m -Dfile.encoding=UTF-8 -Duser.country=PH -Duser.language=en -Duser.variant 
java_command: org.gradle.launcher.daemon.bootstrap.GradleDaemon 7.4
java_class_path (initial): C:\Users\Me\.gradle\wrapper\dists\gradle-7.4-bin\c0gwcg53nkjbqw7r0h0umtfvt\gradle-7.4\lib\gradle-launcher-7.4.jar
Launcher Type: SUN_STANDARD

[Global flags]
     intx CICompilerCount                          = 2                                         {product} {ergonomic}
     uint ConcGCThreads                            = 1                                         {product} {ergonomic}
     uint G1ConcRefinementThreads                  = 2                                         {product} {ergonomic}
   size_t G1HeapRegionSize                         = 1048576                                   {product} {ergonomic}
    uintx GCDrainStackTargetSize                   = 64                                        {product} {ergonomic}
   size_t InitialHeapSize                          = 67108864                                  {product} {ergonomic}
   size_t MarkStackSize                            = 4194304                                   {product} {ergonomic}
   size_t MaxHeapSize                              = 2147483648                                {product} {command line}
   size_t MaxNewSize                               = 1287651328                                {product} {ergonomic}
   size_t MinHeapDeltaBytes                        = 1048576                                   {product} {ergonomic}
    uintx NonNMethodCodeHeapSize                   = 5825164                                {pd product} {ergonomic}
    uintx NonProfiledCodeHeapSize                  = 122916538                              {pd product} {ergonomic}
    uintx ProfiledCodeHeapSize                     = 122916538                              {pd product} {ergonomic}
    uintx ReservedCodeCacheSize                    = 251658240                              {pd product} {ergonomic}
     bool SegmentedCodeCache                       = true                                      {product} {ergonomic}
     bool UseCompressedClassPointers               = true                                 {lp64_product} {ergonomic}
     bool UseCompressedOops                        = true                                 {lp64_product} {ergonomic}
     bool UseG1GC                                  = true                                      {product} {ergonomic}
     bool UseLargePagesIndividualAllocation        = false                                  {pd product} {ergonomic}

Logging:
Log output configuration:
 #0: stdout all=warning uptime,level,tags
 #1: stderr all=off uptime,level,tags

Environment Variables:
PATH=C:\Windows\system32;C:\Windows;C:\Windows\System32\Wbem;C:\Windows\System32\WindowsPowerShell\v1.0\;C:\Windows\System32\OpenSSH\;C:\Program Files\Git\cmd;C:\Users\Me\AppData\Local\Microsoft\WindowsApps;
USERNAME=Me
OS=Windows_NT
PROCESSOR_IDENTIFIER=Intel64 Family 6 Model 23 Stepping 10, GenuineIntel



---------------  S Y S T E M  ---------------

OS: Windows 10 , 64 bit Build 19041 (10.0.19041.2364)
OS uptime: 0 days 2:53 hours

CPU:total 2 (initial active 2) (2 cores per cpu, 1 threads per core) family 6 model 23 stepping 10 microcode 0xa0c, cmov, cx8, fxsr, mmx, sse, sse2, sse3, ssse3, tsc

Memory: 4k page, system-wide physical 4095M (343M free)
TotalPageFile size 16383M (AvailPageFile size 42M)
current process WorkingSet (physical memory assigned to process): 448M, peak: 543M
current process commit charge ("private bytes"): 661M, peak: 719M

vm_info: OpenJDK 64-Bit Server VM (11.0.13+0-b1751.21-8125866) for windows-amd64 JRE (11.0.13+0-b1751.21-8125866), built on Feb  2 2022 03:00:22 by "builder" with MS VC++ 14.0 (VS2015)

END.
